[2017-06-28 00:50:05] ERROR:  [GET, /static/css/bootstrap.min.css.map, D:\work\server\lxh\app\kernel\Application.php(109)] [] []
[2017-06-28 00:50:05] ERROR:  [GET, /static/js/jquery.min.map, D:\work\server\lxh\app\kernel\Application.php(109)] [] []
[2017-06-28 00:50:59] ERROR:  [GET, /static/js/jquery.min.map, D:\work\server\lxh\app\kernel\Application.php(109)] [] []
[2017-06-28 00:50:59] ERROR:  [GET, /static/css/bootstrap.min.css.map, D:\work\server\lxh\app\kernel\Application.php(109)] [] []
[2017-06-28 00:52:12] ERROR:  [GET, /static/js/jquery.min.map, D:\work\server\lxh\app\kernel\Application.php(109)] [] []
[2017-06-28 00:52:13] ERROR:  [GET, /static/css/bootstrap.min.css.map, D:\work\server\lxh\app\kernel\Application.php(109)] [] []
[2017-06-28 00:53:13] ERROR:  [GET, /static/js/jquery.min.map, D:\work\server\lxh\app\kernel\Application.php(109)] [] []
[2017-06-28 00:53:13] ERROR:  [GET, /static/css/bootstrap.min.css.map, D:\work\server\lxh\app\kernel\Application.php(109)] [] []
[2017-06-28 00:53:44] ERROR:  [GET, /static/js/jquery.min.map, D:\work\server\lxh\app\kernel\Application.php(109)] [] []
[2017-06-28 00:53:44] ERROR:  [GET, /static/css/bootstrap.min.css.map, D:\work\server\lxh\app\kernel\Application.php(109)] [] []
[2017-06-28 01:08:47] ERROR:  [GET, /static/css/bootstrap.min.css.map, D:\work\server\lxh\app\kernel\Application.php(109)] [] []
[2017-06-28 01:08:47] ERROR:  [GET, /static/js/jquery.min.map, D:\work\server\lxh\app\kernel\Application.php(109)] [] []
[2017-06-28 01:08:50] ERROR:  [GET, /static/js/jquery.min.map, D:\work\server\lxh\app\kernel\Application.php(109)] [] []
[2017-06-28 01:08:50] ERROR:  [GET, /static/css/bootstrap.min.css.map, D:\work\server\lxh\app\kernel\Application.php(109)] [] []
[2017-06-28 01:09:53] ERROR:  [GET, /static/js/jquery.min.map, D:\work\server\lxh\app\kernel\Application.php(109)] [] []
[2017-06-28 01:09:53] ERROR:  [GET, /static/css/bootstrap.min.css.map, D:\work\server\lxh\app\kernel\Application.php(109)] [] []
[2017-06-28 01:10:07] ERROR:  [GET, /static/js/jquery.min.map, D:\work\server\lxh\app\kernel\Application.php(109)] [] []
[2017-06-28 01:10:07] ERROR:  [GET, /static/css/bootstrap.min.css.map, D:\work\server\lxh\app\kernel\Application.php(109)] [] []
[2017-06-28 06:47:48] ERROR:  [GET, /static/js/jquery.min.map, D:\work\server\lxh\app\kernel\Application.php(109)] [] []
[2017-06-28 06:47:48] ERROR:  [GET, /static/css/bootstrap.min.css.map, D:\work\server\lxh\app\kernel\Application.php(109)] [] []
[2017-06-28 06:47:50] ERROR:  [GET, /static/css/bootstrap.min.css.map, D:\work\server\lxh\app\kernel\Application.php(109)] [] []
[2017-06-28 06:47:50] ERROR:  [GET, /static/js/jquery.min.map, D:\work\server\lxh\app\kernel\Application.php(109)] [] []
[2017-06-28 06:54:27] ERROR:  [GET, /static/css/bootstrap.min.css.map, D:\work\server\lxh\app\kernel\Application.php(109)] [] []
[2017-06-28 06:54:27] ERROR:  [GET, /static/js/jquery.min.map, D:\work\server\lxh\app\kernel\Application.php(109)] [] []
[2017-06-28 06:54:29] ERROR:  [GET, /static/js/jquery.min.map, D:\work\server\lxh\app\kernel\Application.php(109)] [] []
[2017-06-28 06:54:29] ERROR:  [GET, /static/css/bootstrap.min.css.map, D:\work\server\lxh\app\kernel\Application.php(109)] [] []
[2017-06-28 06:54:41] ERROR:  [GET, /static/css/bootstrap.min.css.map, D:\work\server\lxh\app\kernel\Application.php(109)] [] []
[2017-06-28 06:54:41] ERROR:  [GET, /static/js/jquery.min.map, D:\work\server\lxh\app\kernel\Application.php(109)] [] []
[2017-06-28 06:54:42] ERROR:  [GET, /static/js/jquery.min.map, D:\work\server\lxh\app\kernel\Application.php(109)] [] []
[2017-06-28 06:54:43] ERROR:  [GET, /static/css/bootstrap.min.css.map, D:\work\server\lxh\app\kernel\Application.php(109)] [] []
[2017-06-28 06:54:45] ERROR:  [GET, /static/js/jquery.min.map, D:\work\server\lxh\app\kernel\Application.php(109)] [] []
[2017-06-28 06:54:45] ERROR:  [GET, /static/css/bootstrap.min.css.map, D:\work\server\lxh\app\kernel\Application.php(109)] [] []
[2017-06-28 06:54:46] ERROR:  [GET, /static/css/bootstrap.min.css.map, D:\work\server\lxh\app\kernel\Application.php(109)] [] []
[2017-06-28 06:54:46] ERROR:  [GET, /static/js/jquery.min.map, D:\work\server\lxh\app\kernel\Application.php(109)] [] []
[2017-06-28 06:54:47] ERROR:  [GET, /static/css/bootstrap.min.css.map, D:\work\server\lxh\app\kernel\Application.php(109)] [] []
[2017-06-28 06:54:47] ERROR:  [GET, /static/js/jquery.min.map, D:\work\server\lxh\app\kernel\Application.php(109)] [] []
[2017-06-28 06:54:49] ERROR:  [GET, /static/js/jquery.min.map, D:\work\server\lxh\app\kernel\Application.php(109)] [] []
[2017-06-28 06:54:49] ERROR:  [GET, /static/css/bootstrap.min.css.map, D:\work\server\lxh\app\kernel\Application.php(109)] [] []
[2017-06-28 06:55:29] ERROR:  [GET, /static/css/bootstrap.min.css.map, D:\work\server\lxh\app\kernel\Application.php(109)] [] []
[2017-06-28 06:55:29] ERROR:  [GET, /static/js/jquery.min.map, D:\work\server\lxh\app\kernel\Application.php(109)] [] []
[2017-06-28 06:55:59] ERROR:  [GET, /static/js/jquery.min.map, D:\work\server\lxh\app\kernel\Application.php(109)] [] []
[2017-06-28 06:55:59] ERROR:  [GET, /static/css/bootstrap.min.css.map, D:\work\server\lxh\app\kernel\Application.php(109)] [] []
[2017-06-28 06:56:00] ERROR:  [GET, /static/js/jquery.min.map, D:\work\server\lxh\app\kernel\Application.php(109)] [] []
[2017-06-28 06:56:00] ERROR:  [GET, /static/css/bootstrap.min.css.map, D:\work\server\lxh\app\kernel\Application.php(109)] [] []
[2017-06-28 06:56:21] ERROR:  [GET, /static/js/jquery.min.map, D:\work\server\lxh\app\kernel\Application.php(109)] [] []
[2017-06-28 06:56:21] ERROR:  [GET, /static/css/bootstrap.min.css.map, D:\work\server\lxh\app\kernel\Application.php(109)] [] []
[2017-06-28 06:57:24] ERROR:  [GET, /static/css/bootstrap.min.css.map, D:\work\server\lxh\app\kernel\Application.php(109)] [] []
[2017-06-28 06:57:24] ERROR:  [GET, /static/js/jquery.min.map, D:\work\server\lxh\app\kernel\Application.php(109)] [] []
[2017-06-28 06:57:25] ERROR:  [GET, /static/js/jquery.min.map, D:\work\server\lxh\app\kernel\Application.php(109)] [] []
[2017-06-28 06:57:25] ERROR:  [GET, /static/css/bootstrap.min.css.map, D:\work\server\lxh\app\kernel\Application.php(109)] [] []
[2017-06-28 06:58:39] ERROR:  [GET, /static/js/jquery.min.map, D:\work\server\lxh\app\kernel\Application.php(109)] [] []
[2017-06-28 06:58:39] ERROR:  [GET, /static/css/bootstrap.min.css.map, D:\work\server\lxh\app\kernel\Application.php(109)] [] []
[2017-06-28 07:00:05] ERROR:  [GET, /static/js/jquery.min.map, D:\work\server\lxh\app\kernel\Application.php(109)] [] []
[2017-06-28 07:00:05] ERROR:  [GET, /static/css/bootstrap.min.css.map, D:\work\server\lxh\app\kernel\Application.php(109)] [] []
[2017-06-28 07:05:39] ERROR:  [GET, /static/js/jquery.min.map, D:\work\server\lxh\app\kernel\Application.php(109)] [] []
[2017-06-28 07:05:39] ERROR:  [GET, /static/css/bootstrap.min.css.map, D:\work\server\lxh\app\kernel\Application.php(109)] [] []
[2017-06-28 07:39:04] ERROR:  [GET, /static/js/jquery.min.map, D:\work\server\lxh\app\kernel\Application.php(109)] [] []
[2017-06-28 07:39:05] ERROR:  [GET, /static/css/bootstrap.min.css.map, D:\work\server\lxh\app\kernel\Application.php(109)] [] []
[2017-06-28 07:39:29] ERROR:  [GET, /static/css/bootstrap.min.css.map, D:\work\server\lxh\app\kernel\Application.php(109)] [] []
[2017-06-28 07:39:29] ERROR:  [GET, /static/js/jquery.min.map, D:\work\server\lxh\app\kernel\Application.php(109)] [] []
[2017-06-28 07:40:00] ERROR:  [GET, /static/css/bootstrap.min.css.map, D:\work\server\lxh\app\kernel\Application.php(109)] [] []
[2017-06-28 07:40:01] ERROR:  [GET, /static/css/bootstrap.min.css.map, D:\work\server\lxh\app\kernel\Application.php(109)] [] []
[2017-06-28 07:40:01] ERROR:  [GET, /static/js/jquery.min.map, D:\work\server\lxh\app\kernel\Application.php(109)] [] []
[2017-06-28 07:40:36] ERROR:  [GET, /static/js/jquery.min.map, D:\work\server\lxh\app\kernel\Application.php(109)] [] []
[2017-06-28 07:40:36] ERROR:  [GET, /static/css/bootstrap.min.css.map, D:\work\server\lxh\app\kernel\Application.php(109)] [] []
[2017-06-28 07:41:05] ERROR:  [GET, /static/js/jquery.min.map, D:\work\server\lxh\app\kernel\Application.php(109)] [] []
[2017-06-28 07:41:06] ERROR:  [GET, /static/css/bootstrap.min.css.map, D:\work\server\lxh\app\kernel\Application.php(109)] [] []
[2017-06-28 07:41:28] ERROR:  [GET, /static/css/bootstrap.min.css.map, D:\work\server\lxh\app\kernel\Application.php(109)] [] []
[2017-06-28 07:41:28] ERROR:  [GET, /static/js/jquery.min.map, D:\work\server\lxh\app\kernel\Application.php(109)] [] []
[2017-06-28 07:41:46] ERROR:  [GET, /static/js/jquery.min.map, D:\work\server\lxh\app\kernel\Application.php(109)] [] []
[2017-06-28 07:41:46] ERROR:  [GET, /static/css/bootstrap.min.css.map, D:\work\server\lxh\app\kernel\Application.php(109)] [] []
[2017-06-28 07:42:15] ERROR:  [GET, /static/js/jquery.min.map, D:\work\server\lxh\app\kernel\Application.php(109)] [] []
[2017-06-28 07:42:15] ERROR:  [GET, /static/css/bootstrap.min.css.map, D:\work\server\lxh\app\kernel\Application.php(109)] [] []
[2017-06-28 07:46:15] ERROR:  [GET, /static/js/jquery.min.map, D:\work\server\lxh\app\kernel\Application.php(109)] [] []
[2017-06-28 07:46:15] ERROR:  [GET, /static/css/bootstrap.min.css.map, D:\work\server\lxh\app\kernel\Application.php(109)] [] []
[2017-06-28 07:58:14] ERROR:  [GET, /static/js/jquery.min.map, D:\work\server\lxh\app\kernel\Application.php(109)] [] []
[2017-06-28 07:58:14] ERROR:  [GET, /static/css/bootstrap.min.css.map, D:\work\server\lxh\app\kernel\Application.php(109)] [] []
[2017-06-28 07:58:55] ERROR:  [GET, /static/js/jquery.min.map, D:\work\server\lxh\app\kernel\Application.php(109)] [] []
[2017-06-28 07:58:55] ERROR:  [GET, /static/css/bootstrap.min.css.map, D:\work\server\lxh\app\kernel\Application.php(109)] [] []
[2017-06-28 08:00:19] ERROR:  [GET, /static/js/jquery.min.map, D:\work\server\lxh\app\kernel\Application.php(109)] [] []
[2017-06-28 08:00:19] ERROR:  [GET, /static/css/bootstrap.min.css.map, D:\work\server\lxh\app\kernel\Application.php(109)] [] []
[2017-06-28 08:02:57] ERROR:  [GET, /static/js/jquery.min.map, D:\work\server\lxh\app\kernel\Application.php(109)] [] []
[2017-06-28 08:02:57] ERROR:  [GET, /static/css/bootstrap.min.css.map, D:\work\server\lxh\app\kernel\Application.php(109)] [] []
[2017-06-28 08:06:08] ERROR:  [GET, /static/css/bootstrap.min.css.map, D:\work\server\lxh\app\kernel\Application.php(109)] [] []
[2017-06-28 08:06:08] ERROR:  [GET, /static/js/jquery.min.map, D:\work\server\lxh\app\kernel\Application.php(109)] [] []
[2017-06-28 08:20:57] ERROR:  [GET, /static/js/jquery.min.map, D:\work\server\lxh\app\kernel\Application.php(109)] [] []
[2017-06-28 08:20:58] ERROR:  [GET, /static/css/bootstrap.min.css.map, D:\work\server\lxh\app\kernel\Application.php(109)] [] []
[2017-06-28 08:21:06] ERROR:  [GET, /api/User/action/Login, D:\work\server\lxh\app\kernel\Application.php(109)] [] []
[2017-06-28 08:21:47] ERROR:  [GET, /static/js/jquery.min.map, D:\work\server\lxh\app\kernel\Application.php(109)] [] []
[2017-06-28 08:21:47] ERROR:  [GET, /static/css/bootstrap.min.css.map, D:\work\server\lxh\app\kernel\Application.php(109)] [] []
[2017-06-28 08:21:50] ERROR:  [GET, /api/User/action/Login, D:\work\server\lxh\app\kernel\Application.php(109)] [] []
[2017-06-28 08:31:00] ERROR:  [GET, /static/css/bootstrap.min.css.map, D:\work\server\lxh\app\kernel\Application.php(109)] [] []
[2017-06-28 08:31:00] ERROR:  [GET, /static/js/jquery.min.map, D:\work\server\lxh\app\kernel\Application.php(109)] [] []
[2017-06-28 08:31:03] ERROR:  [GET, /api/User/action/Login, D:\work\server\lxh\app\kernel\Application.php(109)] [] []
[2017-06-28 08:36:49] ERROR:  [GET, /static/js/jquery.min.map, D:\work\server\lxh\app\kernel\Application.php(109)] [] []
[2017-06-28 08:36:49] ERROR:  [GET, /static/css/bootstrap.min.css.map, D:\work\server\lxh\app\kernel\Application.php(109)] [] []
[2017-06-28 08:36:52] ERROR:  [GET, /api/User/action/Login, D:\work\server\lxh\app\kernel\Application.php(109)] [] []
[2017-06-28 08:38:05] ERROR:  [GET, /static/js/jquery.min.map, D:\work\server\lxh\app\kernel\Application.php(109)] [] []
[2017-06-28 08:38:05] ERROR:  [GET, /static/css/bootstrap.min.css.map, D:\work\server\lxh\app\kernel\Application.php(109)] [] []
[2017-06-28 08:38:08] ERROR:  [GET, /api/User/action/Login, D:\work\server\lxh\app\kernel\Application.php(109)] [] []
[2017-06-28 08:41:40] ERROR:  [GET, /static/js/jquery.min.map, D:\work\server\lxh\app\kernel\Application.php(109)] [] []
[2017-06-28 08:41:40] ERROR:  [GET, /static/css/bootstrap.min.css.map, D:\work\server\lxh\app\kernel\Application.php(109)] [] []
[2017-06-28 08:41:42] ERROR:  [GET, /static/js/jquery.min.map, D:\work\server\lxh\app\kernel\Application.php(109)] [] []
[2017-06-28 08:41:42] ERROR:  [GET, /static/css/bootstrap.min.css.map, D:\work\server\lxh\app\kernel\Application.php(109)] [] []
[2017-06-28 08:41:43] ERROR:  [GET, /static/js/jquery.min.map, D:\work\server\lxh\app\kernel\Application.php(109)] [] []
[2017-06-28 08:41:43] ERROR:  [GET, /static/css/bootstrap.min.css.map, D:\work\server\lxh\app\kernel\Application.php(109)] [] []
[2017-06-28 08:41:51] ERROR:  [GET, /static/js/jquery.min.map, D:\work\server\lxh\app\kernel\Application.php(109)] [] []
[2017-06-28 08:41:51] ERROR:  [GET, /static/css/bootstrap.min.css.map, D:\work\server\lxh\app\kernel\Application.php(109)] [] []
[2017-06-28 08:41:52] ERROR:  [GET, /static/js/jquery.min.map, D:\work\server\lxh\app\kernel\Application.php(109)] [] []
[2017-06-28 08:41:52] ERROR:  [GET, /static/css/bootstrap.min.css.map, D:\work\server\lxh\app\kernel\Application.php(109)] [] []
[2017-06-28 08:41:52] ERROR:  [GET, /static/js/jquery.min.map, D:\work\server\lxh\app\kernel\Application.php(109)] [] []
[2017-06-28 08:41:53] ERROR:  [GET, /static/css/bootstrap.min.css.map, D:\work\server\lxh\app\kernel\Application.php(109)] [] []
[2017-06-28 08:41:56] ERROR:  [GET, /static/css/bootstrap.min.css.map, D:\work\server\lxh\app\kernel\Application.php(109)] [] []
[2017-06-28 08:41:56] ERROR:  [GET, /static/js/jquery.min.map, D:\work\server\lxh\app\kernel\Application.php(109)] [] []
[2017-06-28 08:42:00] ERROR:  [GET, /api/User/action/Login, D:\work\server\lxh\app\kernel\Application.php(109)] [] []
[2017-06-28 08:43:27] ERROR:  [GET, /static/js/jquery.min.map, D:\work\server\lxh\app\kernel\Application.php(109)] [] []
[2017-06-28 08:43:27] ERROR:  [GET, /static/css/bootstrap.min.css.map, D:\work\server\lxh\app\kernel\Application.php(109)] [] []
[2017-06-28 08:43:44] ERROR:  [GET, /api/User/action/Login, D:\work\server\lxh\app\kernel\Application.php(109)] [] []
[2017-06-28 08:44:28] ERROR:  [GET, /static/js/jquery.min.map, D:\work\server\lxh\app\kernel\Application.php(109)] [] []
[2017-06-28 08:44:28] ERROR:  [GET, /static/css/bootstrap.min.css.map, D:\work\server\lxh\app\kernel\Application.php(109)] [] []
[2017-06-28 08:44:31] ERROR:  [GET, /api/User/action/Login, D:\work\server\lxh\app\kernel\Application.php(109)] [] []
[2017-06-28 08:44:34] ERROR:  [GET, /api/User/action/Login, D:\work\server\lxh\app\kernel\Application.php(109)] [] []
[2017-06-28 08:45:14] ERROR:  [GET, /static/js/jquery.min.map, D:\work\server\lxh\app\kernel\Application.php(109)] [] []
[2017-06-28 08:45:14] ERROR:  [GET, /static/css/bootstrap.min.css.map, D:\work\server\lxh\app\kernel\Application.php(109)] [] []
[2017-06-28 08:45:17] ERROR:  [GET, /api/User/action/Login, D:\work\server\lxh\app\kernel\Application.php(109)] [] []
[2017-06-28 08:46:35] ERROR:  [GET, /static/css/bootstrap.min.css.map, D:\work\server\lxh\app\kernel\Application.php(109)] [] []
[2017-06-28 08:46:35] ERROR:  [GET, /static/js/jquery.min.map, D:\work\server\lxh\app\kernel\Application.php(109)] [] []
[2017-06-28 08:46:36] ERROR:  [GET, /static/js/jquery.min.map, D:\work\server\lxh\app\kernel\Application.php(109)] [] []
[2017-06-28 08:46:36] ERROR:  [GET, /static/css/bootstrap.min.css.map, D:\work\server\lxh\app\kernel\Application.php(109)] [] []
[2017-06-28 08:46:39] ERROR:  [GET, /api/User/action/Login, D:\work\server\lxh\app\kernel\Application.php(109)] [] []
[2017-06-28 08:47:16] ERROR:  [GET, /static/css/bootstrap.min.css.map, D:\work\server\lxh\app\kernel\Application.php(109)] [] []
[2017-06-28 08:47:16] ERROR:  [GET, /static/js/jquery.min.map, D:\work\server\lxh\app\kernel\Application.php(109)] [] []
[2017-06-28 08:47:19] ERROR:  [GET, /api/User/action/Login, D:\work\server\lxh\app\kernel\Application.php(109)] [] []
[2017-06-28 08:47:52] ERROR:  [GET, /static/js/jquery.min.map, D:\work\server\lxh\app\kernel\Application.php(109)] [] []
[2017-06-28 08:47:52] ERROR:  [GET, /static/css/bootstrap.min.css.map, D:\work\server\lxh\app\kernel\Application.php(109)] [] []
[2017-06-28 08:47:55] ERROR:  [GET, /api/User/action/Login, D:\work\server\lxh\app\kernel\Application.php(109)] [] []
[2017-06-28 08:49:14] ERROR:  [GET, /static/js/jquery.min.map, D:\work\server\lxh\app\kernel\Application.php(109)] [] []
[2017-06-28 08:49:14] ERROR:  [GET, /static/css/bootstrap.min.css.map, D:\work\server\lxh\app\kernel\Application.php(109)] [] []
[2017-06-28 08:49:17] ERROR:  [GET, /api/User/action/Login, D:\work\server\lxh\app\kernel\Application.php(109)] [] []
[2017-06-28 08:50:57] ERROR:  [GET, /static/js/jquery.min.map, D:\work\server\lxh\app\kernel\Application.php(109)] [] []
[2017-06-28 08:50:57] ERROR:  [GET, /static/css/bootstrap.min.css.map, D:\work\server\lxh\app\kernel\Application.php(109)] [] []
[2017-06-28 08:51:03] ERROR:  [GET, /api/User/action/Login, D:\work\server\lxh\app\kernel\Application.php(109)] [] []
[2017-06-28 08:51:19] ERROR:  [GET, /static/js/jquery.min.map, D:\work\server\lxh\app\kernel\Application.php(109)] [] []
[2017-06-28 08:51:19] ERROR:  [GET, /static/css/bootstrap.min.css.map, D:\work\server\lxh\app\kernel\Application.php(109)] [] []
[2017-06-28 08:51:20] ERROR:  [GET, /static/js/jquery.min.map, D:\work\server\lxh\app\kernel\Application.php(109)] [] []
[2017-06-28 08:51:20] ERROR:  [GET, /static/css/bootstrap.min.css.map, D:\work\server\lxh\app\kernel\Application.php(109)] [] []
[2017-06-28 08:51:22] ERROR:  [GET, /api/User/action/Login, D:\work\server\lxh\app\kernel\Application.php(109)] [] []
[2017-06-28 08:51:32] ERROR:  [GET, /static/js/jquery.min.map, D:\work\server\lxh\app\kernel\Application.php(109)] [] []
[2017-06-28 08:51:33] ERROR:  [GET, /static/css/bootstrap.min.css.map, D:\work\server\lxh\app\kernel\Application.php(109)] [] []
[2017-06-28 08:51:35] ERROR:  [GET, /api/User/action/Login, D:\work\server\lxh\app\kernel\Application.php(109)] [] []
[2017-06-28 08:52:20] ERROR:  [GET, /static/js/jquery.min.map, D:\work\server\lxh\app\kernel\Application.php(109)] [] []
[2017-06-28 08:52:20] ERROR:  [GET, /static/css/bootstrap.min.css.map, D:\work\server\lxh\app\kernel\Application.php(109)] [] []
[2017-06-28 08:52:20] ERROR:  [GET, /static/js/jquery.min.map, D:\work\server\lxh\app\kernel\Application.php(109)] [] []
[2017-06-28 08:52:20] ERROR:  [GET, /static/css/bootstrap.min.css.map, D:\work\server\lxh\app\kernel\Application.php(109)] [] []
[2017-06-28 08:52:23] ERROR:  [GET, /api/User/action/Login, D:\work\server\lxh\app\kernel\Application.php(109)] [] []
[2017-06-28 08:52:39] ERROR:  [GET, /static/js/jquery.min.map, D:\work\server\lxh\app\kernel\Application.php(109)] [] []
[2017-06-28 08:52:39] ERROR:  [GET, /static/css/bootstrap.min.css.map, D:\work\server\lxh\app\kernel\Application.php(109)] [] []
[2017-06-28 08:52:39] ERROR:  [GET, /static/js/jquery.min.map, D:\work\server\lxh\app\kernel\Application.php(109)] [] []
[2017-06-28 08:52:39] ERROR:  [GET, /static/css/bootstrap.min.css.map, D:\work\server\lxh\app\kernel\Application.php(109)] [] []
[2017-06-28 08:52:41] ERROR:  [GET, /api/User/action/Login, D:\work\server\lxh\app\kernel\Application.php(109)] [] []
[2017-06-28 08:52:52] ERROR:  [GET, /static/css/bootstrap.min.css.map, D:\work\server\lxh\app\kernel\Application.php(109)] [] []
[2017-06-28 08:52:52] ERROR:  [GET, /static/js/jquery.min.map, D:\work\server\lxh\app\kernel\Application.php(109)] [] []
[2017-06-28 08:52:56] ERROR:  [GET, /api/User/action/Login, D:\work\server\lxh\app\kernel\Application.php(109)] [] []
[2017-06-28 08:56:59] ERROR:  [GET, /static/js/jquery.min.map, D:\work\server\lxh\app\kernel\Application.php(109)] [] []
[2017-06-28 08:56:59] ERROR:  [GET, /static/css/bootstrap.min.css.map, D:\work\server\lxh\app\kernel\Application.php(109)] [] []
[2017-06-28 08:57:05] ERROR:  [GET, /api/User/action/Login, D:\work\server\lxh\app\kernel\Application.php(109)] [] []
[2017-06-28 09:00:33] ERROR:  [GET, /static/js/jquery.min.map, D:\work\server\lxh\app\kernel\Application.php(109)] [] []
[2017-06-28 09:00:33] ERROR:  [GET, /static/css/bootstrap.min.css.map, D:\work\server\lxh\app\kernel\Application.php(109)] [] []
[2017-06-28 09:00:36] ERROR:  [POST, /api/User/action/Login, D:\work\server\lxh\app\kernel\Application.php(109)] [] []
[2017-06-28 09:01:34] ERROR:  [GET, /static/css/bootstrap.min.css.map, D:\work\server\lxh\app\kernel\Application.php(109)] [] []
[2017-06-28 09:01:34] ERROR:  [GET, /static/js/jquery.min.map, D:\work\server\lxh\app\kernel\Application.php(109)] [] []
[2017-06-28 09:01:37] ERROR:  [POST, /api/User/action/Login, D:\work\server\lxh\app\kernel\Application.php(109)] [] []
[2017-06-28 09:48:35] ERROR:  [GET, /static/js/jquery.min.map, D:\work\server\lxh\app\kernel\Application.php(109)] [] []
[2017-06-28 09:48:35] ERROR:  [GET, /static/css/bootstrap.min.css.map, D:\work\server\lxh\app\kernel\Application.php(109)] [] []
[2017-06-28 09:48:40] ERROR:  [POST, /api/User/action/Login, D:\work\server\lxh\app\kernel\Application.php(109)] [] []
[2017-06-28 11:36:41] ERROR:  [GET, /static/js/jquery.min.map, D:\work\server\lxh\app\kernel\Application.php(109)] [] []
[2017-06-28 11:36:42] ERROR:  [GET, /static/css/bootstrap.min.css.map, D:\work\server\lxh\app\kernel\Application.php(109)] [] []
[2017-06-28 11:38:46] ERROR:  [GET, /static/js/jquery.min.map, D:\work\server\lxh\app\kernel\Application.php(109)] [] []
[2017-06-28 11:38:46] ERROR:  [GET, /static/css/bootstrap.min.css.map, D:\work\server\lxh\app\kernel\Application.php(109)] [] []
[2017-06-28 11:40:57] ERROR:  [GET, /static/js/jquery.min.map, D:\work\server\lxh\app\kernel\Application.php(109)] [] []
[2017-06-28 11:40:57] ERROR:  [GET, /static/css/bootstrap.min.css.map, D:\work\server\lxh\app\kernel\Application.php(109)] [] []
[2017-06-28 11:42:04] ERROR:  [GET, /static/js/jquery.min.map, D:\work\server\lxh\app\kernel\Application.php(109)] [] []
[2017-06-28 11:42:04] ERROR:  [GET, /static/css/bootstrap.min.css.map, D:\work\server\lxh\app\kernel\Application.php(109)] [] []
[2017-06-28 11:44:41] ERROR:  [GET, /static/js/jquery.min.map, D:\work\server\lxh\app\kernel\Application.php(109)] [] []
[2017-06-28 11:44:41] ERROR:  [GET, /static/css/bootstrap.min.css.map, D:\work\server\lxh\app\kernel\Application.php(109)] [] []
[2017-06-28 11:46:30] ERROR:  [GET, /static/js/jquery.min.map, D:\work\server\lxh\app\kernel\Application.php(109)] [] []
[2017-06-28 11:46:30] ERROR:  [GET, /static/css/bootstrap.min.css.map, D:\work\server\lxh\app\kernel\Application.php(109)] [] []
[2017-06-28 11:47:33] ERROR:  [GET, /static/js/jquery.min.map, D:\work\server\lxh\app\kernel\Application.php(109)] [] []
[2017-06-28 11:47:33] ERROR:  [GET, /static/css/bootstrap.min.css.map, D:\work\server\lxh\app\kernel\Application.php(109)] [] []
[2017-06-28 11:48:06] ERROR:  [GET, /static/js/jquery.min.map, D:\work\server\lxh\app\kernel\Application.php(109)] [] []
[2017-06-28 11:48:06] ERROR:  [GET, /static/css/bootstrap.min.css.map, D:\work\server\lxh\app\kernel\Application.php(109)] [] []
[2017-06-28 11:48:55] ERROR:  [GET, /static/css/bootstrap.min.css.map, D:\work\server\lxh\app\kernel\Application.php(109)] [] []
[2017-06-28 11:48:55] ERROR:  [GET, /static/js/jquery.min.map, D:\work\server\lxh\app\kernel\Application.php(109)] [] []
[2017-06-28 11:49:45] ERROR:  [GET, /static/js/jquery.min.map, D:\work\server\lxh\app\kernel\Application.php(109)] [] []
[2017-06-28 11:49:46] ERROR:  [GET, /static/css/bootstrap.min.css.map, D:\work\server\lxh\app\kernel\Application.php(109)] [] []
[2017-06-28 11:50:08] ERROR:  [GET, /static/js/jquery.min.map, D:\work\server\lxh\app\kernel\Application.php(109)] [] []
[2017-06-28 11:50:08] ERROR:  [GET, /static/css/bootstrap.min.css.map, D:\work\server\lxh\app\kernel\Application.php(109)] [] []
[2017-06-28 11:50:46] ERROR:  [GET, /static/js/jquery.min.map, D:\work\server\lxh\app\kernel\Application.php(109)] [] []
[2017-06-28 11:50:46] ERROR:  [GET, /static/css/bootstrap.min.css.map, D:\work\server\lxh\app\kernel\Application.php(109)] [] []
[2017-06-28 11:51:26] ERROR:  [GET, /static/js/jquery.min.map, D:\work\server\lxh\app\kernel\Application.php(109)] [] []
[2017-06-28 11:51:27] ERROR:  [GET, /static/css/bootstrap.min.css.map, D:\work\server\lxh\app\kernel\Application.php(109)] [] []
[2017-06-28 11:53:10] ERROR:  [GET, /static/js/jquery.min.map, D:\work\server\lxh\app\kernel\Application.php(109)] [] []
[2017-06-28 11:53:11] ERROR:  [GET, /static/css/bootstrap.min.css.map, D:\work\server\lxh\app\kernel\Application.php(109)] [] []
[2017-06-28 11:53:37] ERROR:  [GET, /static/js/jquery.min.map, D:\work\server\lxh\app\kernel\Application.php(109)] [] []
[2017-06-28 11:53:37] ERROR:  [GET, /static/css/bootstrap.min.css.map, D:\work\server\lxh\app\kernel\Application.php(109)] [] []
[2017-06-28 11:53:58] ERROR:  [GET, /static/js/jquery.min.map, D:\work\server\lxh\app\kernel\Application.php(109)] [] []
[2017-06-28 11:53:58] ERROR:  [GET, /static/css/bootstrap.min.css.map, D:\work\server\lxh\app\kernel\Application.php(109)] [] []
[2017-06-28 11:54:26] ERROR:  [GET, /static/js/jquery.min.map, D:\work\server\lxh\app\kernel\Application.php(109)] [] []
[2017-06-28 11:54:26] ERROR:  [GET, /static/css/bootstrap.min.css.map, D:\work\server\lxh\app\kernel\Application.php(109)] [] []
[2017-06-28 11:55:13] ERROR:  [GET, /static/js/jquery.min.map, D:\work\server\lxh\app\kernel\Application.php(109)] [] []
[2017-06-28 11:55:13] ERROR:  [GET, /static/css/bootstrap.min.css.map, D:\work\server\lxh\app\kernel\Application.php(109)] [] []
[2017-06-28 11:58:28] ERROR:  [GET, /static/js/jquery.min.map, D:\work\server\lxh\app\kernel\Application.php(109)] [] []
[2017-06-28 11:58:28] ERROR:  [GET, /static/css/bootstrap.min.css.map, D:\work\server\lxh\app\kernel\Application.php(109)] [] []
[2017-06-28 11:58:53] ERROR:  [GET, /static/js/jquery.min.map, D:\work\server\lxh\app\kernel\Application.php(109)] [] []
[2017-06-28 11:58:53] ERROR:  [GET, /static/css/bootstrap.min.css.map, D:\work\server\lxh\app\kernel\Application.php(109)] [] []
[2017-06-28 11:59:29] ERROR:  [GET, /static/css/bootstrap.min.css.map, D:\work\server\lxh\app\kernel\Application.php(109)] [] []
[2017-06-28 11:59:43] ERROR:  [GET, /static/css/bootstrap.min.css.map, D:\work\server\lxh\app\kernel\Application.php(109)] [] []
[2017-06-28 11:59:45] ERROR:  [GET, /static/js/jquery.min.map, D:\work\server\lxh\app\kernel\Application.php(109)] [] []
[2017-06-28 12:00:29] ERROR:  [GET, /favicon.ico, D:\work\server\lxh\app\kernel\Application.php(109)] [] []
[2017-06-28 12:00:59] ERROR:  [GET, /static/js/jquery.min.map, D:\work\server\lxh\app\kernel\Application.php(109)] [] []
[2017-06-28 12:00:59] ERROR:  [GET, /static/css/bootstrap.min.css.map, D:\work\server\lxh\app\kernel\Application.php(109)] [] []
[2017-06-28 12:11:05] ERROR:  [GET, /static/css/bootstrap.min.css.map, D:\work\server\lxh\app\kernel\Application.php(109)] [] []
[2017-06-28 12:11:05] ERROR:  [GET, /static/js/jquery.min.map, D:\work\server\lxh\app\kernel\Application.php(109)] [] []
[2017-06-28 12:11:14] ERROR:  [POST, /api/User/action/Login, D:\work\server\lxh\app\kernel\Application.php(109)] [] []
[2017-06-28 12:11:35] ERROR:  [GET, /static/js/jquery.min.map, D:\work\server\lxh\app\kernel\Application.php(109)] [] []
[2017-06-28 12:11:35] ERROR:  [GET, /static/css/bootstrap.min.css.map, D:\work\server\lxh\app\kernel\Application.php(109)] [] []
[2017-06-28 12:17:01] ERROR:  [GET, /static/js/jquery.min.map, D:\work\server\lxh\app\kernel\Application.php(109)] [] []
[2017-06-28 12:17:01] ERROR:  [GET, /static/css/bootstrap.min.css.map, D:\work\server\lxh\app\kernel\Application.php(109)] [] []
[2017-06-28 12:17:02] ERROR:  [GET, /static/js/jquery.min.map, D:\work\server\lxh\app\kernel\Application.php(109)] [] []
[2017-06-28 12:17:03] ERROR:  [GET, /static/css/bootstrap.min.css.map, D:\work\server\lxh\app\kernel\Application.php(109)] [] []
[2017-06-28 12:20:48] ERROR:  [GET, /static/js/jquery.min.map, D:\work\server\lxh\app\kernel\Application.php(109)] [] []
[2017-06-28 12:20:49] ERROR:  [GET, /static/css/bootstrap.min.css.map, D:\work\server\lxh\app\kernel\Application.php(109)] [] []
[2017-06-28 12:21:42] ERROR:  [GET, /static/js/jquery.min.map, D:\work\server\lxh\app\kernel\Application.php(109)] [] []
[2017-06-28 12:21:42] ERROR:  [GET, /static/css/bootstrap.min.css.map, D:\work\server\lxh\app\kernel\Application.php(109)] [] []
[2017-06-28 12:22:20] ERROR:  [GET, /static/js/jquery.min.map, D:\work\server\lxh\app\kernel\Application.php(109)] [] []
[2017-06-28 12:22:20] ERROR:  [GET, /static/css/bootstrap.min.css.map, D:\work\server\lxh\app\kernel\Application.php(109)] [] []
[2017-06-28 12:23:58] ERROR:  [GET, /static/js/jquery.min.map, D:\work\server\lxh\app\kernel\Application.php(109)] [] []
[2017-06-28 12:23:58] ERROR:  [GET, /static/css/bootstrap.min.css.map, D:\work\server\lxh\app\kernel\Application.php(109)] [] []
[2017-06-28 12:26:30] ERROR:  [GET, /static/js/jquery.min.map, D:\work\server\lxh\app\kernel\Application.php(109)] [] []
[2017-06-28 12:26:30] ERROR:  [GET, /static/css/bootstrap.min.css.map, D:\work\server\lxh\app\kernel\Application.php(109)] [] []
[2017-06-28 12:28:01] ERROR:  [GET, /static/js/jquery.min.map, D:\work\server\lxh\app\kernel\Application.php(109)] [] []
[2017-06-28 12:28:01] ERROR:  [GET, /static/css/bootstrap.min.css.map, D:\work\server\lxh\app\kernel\Application.php(109)] [] []
[2017-06-28 12:28:05] ERROR:  [POST, /api/User/action/Login, D:\work\server\lxh\app\kernel\Application.php(109)] [] []
[2017-06-28 12:29:15] ERROR:  [GET, /static/js/jquery.min.map, D:\work\server\lxh\app\kernel\Application.php(109)] [] []
[2017-06-28 12:29:15] ERROR:  [GET, /static/css/bootstrap.min.css.map, D:\work\server\lxh\app\kernel\Application.php(109)] [] []
[2017-06-28 12:29:20] ERROR:  [POST, /api/User/action/Login, D:\work\server\lxh\app\kernel\Application.php(109)] [] []
[2017-06-28 12:35:59] ERROR:  [GET, /static/js/jquery.min.map, D:\work\server\lxh\app\kernel\Application.php(109)] [] []
[2017-06-28 12:35:59] ERROR:  [GET, /static/css/bootstrap.min.css.map, D:\work\server\lxh\app\kernel\Application.php(109)] [] []
[2017-06-28 12:36:23] ERROR:  [GET, /static/js/jquery.min.map, D:\work\server\lxh\app\kernel\Application.php(109)] [] []
[2017-06-28 12:36:23] ERROR:  [GET, /static/css/bootstrap.min.css.map, D:\work\server\lxh\app\kernel\Application.php(109)] [] []
[2017-06-28 12:36:25] ERROR:  [POST, /api/User/action/Login, D:\work\server\lxh\app\kernel\Application.php(109)] [] []
[2017-06-28 12:36:43] ERROR:  [GET, /static/js/jquery.min.map, D:\work\server\lxh\app\kernel\Application.php(109)] [] []
[2017-06-28 12:36:43] ERROR:  [GET, /static/css/bootstrap.min.css.map, D:\work\server\lxh\app\kernel\Application.php(109)] [] []
[2017-06-28 12:37:02] ERROR:  [GET, /static/js/jquery.min.map, D:\work\server\lxh\app\kernel\Application.php(109)] [] []
[2017-06-28 12:37:02] ERROR:  [GET, /static/css/bootstrap.min.css.map, D:\work\server\lxh\app\kernel\Application.php(109)] [] []
[2017-06-28 12:37:06] ERROR:  [POST, /api/User/action/Login, D:\work\server\lxh\app\kernel\Application.php(109)] [] []
[2017-06-28 12:37:24] ERROR:  [GET, /static/js/jquery.min.map, D:\work\server\lxh\app\kernel\Application.php(109)] [] []
[2017-06-28 12:37:24] ERROR:  [GET, /static/css/bootstrap.min.css.map, D:\work\server\lxh\app\kernel\Application.php(109)] [] []
[2017-06-28 12:38:09] ERROR:  [POST, /api/User/action/Login, D:\work\server\lxh\app\kernel\Application.php(109)] [] []
[2017-06-28 12:38:11] ERROR:  [POST, /api/User/action/Login, D:\work\server\lxh\app\kernel\Application.php(109)] [] []
[2017-06-28 12:38:15] ERROR:  [GET, /static/css/bootstrap.min.css.map, D:\work\server\lxh\app\kernel\Application.php(109)] [] []
[2017-06-28 12:38:15] ERROR:  [GET, /static/js/jquery.min.map, D:\work\server\lxh\app\kernel\Application.php(109)] [] []
[2017-06-28 12:38:19] ERROR:  [POST, /api/User/action/Login, D:\work\server\lxh\app\kernel\Application.php(109)] [] []
[2017-06-28 12:38:52] ERROR:  [GET, /static/js/jquery.min.map, D:\work\server\lxh\app\kernel\Application.php(109)] [] []
[2017-06-28 12:38:56] ERROR:  [GET, /static/css/bootstrap.min.css.map, D:\work\server\lxh\app\kernel\Application.php(109)] [] []
[2017-06-28 12:38:57] ERROR:  [POST, /api/User/action/Login, D:\work\server\lxh\app\kernel\Application.php(109)] [] []
[2017-06-28 12:39:23] ERROR:  [GET, /static/js/jquery.min.map, D:\work\server\lxh\app\kernel\Application.php(109)] [] []
[2017-06-28 12:39:25] ERROR:  [GET, /static/css/bootstrap.min.css.map, D:\work\server\lxh\app\kernel\Application.php(109)] [] []
[2017-06-28 12:39:26] ERROR:  [POST, /api/User/action/Login, D:\work\server\lxh\app\kernel\Application.php(109)] [] []
[2017-06-28 12:39:29] ERROR:  [GET, /static/js/jquery.min.map, D:\work\server\lxh\app\kernel\Application.php(109)] [] []
[2017-06-28 12:39:30] ERROR:  [GET, /static/css/bootstrap.min.css.map, D:\work\server\lxh\app\kernel\Application.php(109)] [] []
[2017-06-28 12:39:31] ERROR:  [POST, /api/User/action/Login, D:\work\server\lxh\app\kernel\Application.php(109)] [] []
[2017-06-28 12:46:16] ERROR:  [GET, /static/js/jquery.min.map, D:\work\server\lxh\app\kernel\Application.php(109)] [] []
[2017-06-28 12:46:16] ERROR:  [GET, /static/css/bootstrap.min.css.map, D:\work\server\lxh\app\kernel\Application.php(109)] [] []
[2017-06-28 12:46:21] ERROR:  [POST, /api/User/action/Login, D:\work\server\lxh\app\kernel\Application.php(109)] [] []
[2017-06-28 12:46:43] ERROR:  [GET, /static/js/jquery.min.map, D:\work\server\lxh\app\kernel\Application.php(109)] [] []
[2017-06-28 12:46:43] ERROR:  [GET, /static/css/bootstrap.min.css.map, D:\work\server\lxh\app\kernel\Application.php(109)] [] []
[2017-06-28 12:46:47] ERROR:  [POST, /api/User/action/Login, D:\work\server\lxh\app\kernel\Application.php(109)] [] []
[2017-06-28 12:46:51] ERROR:  [POST, /api/User/action/Login, D:\work\server\lxh\app\kernel\Application.php(109)] [] []
[2017-06-28 12:46:56] ERROR:  [POST, /api/User/action/Login, D:\work\server\lxh\app\kernel\Application.php(109)] [] []
[2017-06-28 12:47:05] ERROR:  [POST, /api/User/action/Login, D:\work\server\lxh\app\kernel\Application.php(109)] [] []
[2017-06-28 12:48:04] ERROR:  [GET, /static/js/jquery.min.map, D:\work\server\lxh\app\kernel\Application.php(109)] [] []
[2017-06-28 12:48:04] ERROR:  [GET, /static/css/bootstrap.min.css.map, D:\work\server\lxh\app\kernel\Application.php(109)] [] []
[2017-06-28 12:48:09] ERROR:  [POST, /api/User/action/Login, D:\work\server\lxh\app\kernel\Application.php(109)] [] []
[2017-06-28 12:48:23] ERROR:  [GET, /static/js/jquery.min.map, D:\work\server\lxh\app\kernel\Application.php(109)] [] []
[2017-06-28 12:48:23] ERROR:  [GET, /static/css/bootstrap.min.css.map, D:\work\server\lxh\app\kernel\Application.php(109)] [] []
[2017-06-28 12:48:25] ERROR:  [POST, /api/User/action/Login, D:\work\server\lxh\app\kernel\Application.php(109)] [] []
[2017-06-28 12:48:56] ERROR:  [POST, /api/User/action/Login, D:\work\server\lxh\app\kernel\Application.php(109)] [] []
[2017-06-28 12:55:05] ERROR:  [GET, /static/js/jquery.min.map, D:\work\server\lxh\app\kernel\Application.php(109)] [] []
[2017-06-28 12:55:05] ERROR:  [GET, /static/css/bootstrap.min.css.map, D:\work\server\lxh\app\kernel\Application.php(109)] [] []
[2017-06-28 12:55:08] ERROR:  [POST, /api/User/action/Login, D:\work\server\lxh\app\kernel\Application.php(109)] [] []
[2017-06-28 12:55:48] ERROR:  [GET, /static/js/jquery.min.map, D:\work\server\lxh\app\kernel\Application.php(109)] [] []
[2017-06-28 12:55:48] ERROR:  [GET, /static/css/bootstrap.min.css.map, D:\work\server\lxh\app\kernel\Application.php(109)] [] []
[2017-06-28 12:55:51] ERROR:  [POST, /api/User/action/Login, D:\work\server\lxh\app\kernel\Application.php(109)] [] []
[2017-06-28 12:55:56] ERROR:  [POST, /api/User/action/Login, D:\work\server\lxh\app\kernel\Application.php(109)] [] []
[2017-06-28 12:56:43] ERROR:  [GET, /static/js/jquery.min.map, D:\work\server\lxh\app\kernel\Application.php(109)] [] []
[2017-06-28 12:56:43] ERROR:  [GET, /static/css/bootstrap.min.css.map, D:\work\server\lxh\app\kernel\Application.php(109)] [] []
[2017-06-28 12:56:46] ERROR:  [POST, /api/User/action/Login, D:\work\server\lxh\app\kernel\Application.php(109)] [] []
[2017-06-28 12:56:49] ERROR:  [POST, /api/User/action/Login, D:\work\server\lxh\app\kernel\Application.php(109)] [] []
[2017-06-28 12:56:50] ERROR:  [POST, /api/User/action/Login, D:\work\server\lxh\app\kernel\Application.php(109)] [] []
[2017-06-28 12:56:51] ERROR:  [POST, /api/User/action/Login, D:\work\server\lxh\app\kernel\Application.php(109)] [] []
[2017-06-28 12:56:51] ERROR:  [POST, /api/User/action/Login, D:\work\server\lxh\app\kernel\Application.php(109)] [] []
[2017-06-28 12:56:54] ERROR:  [POST, /api/User/action/Login, D:\work\server\lxh\app\kernel\Application.php(109)] [] []
[2017-06-28 12:56:54] ERROR:  [POST, /api/User/action/Login, D:\work\server\lxh\app\kernel\Application.php(109)] [] []
[2017-06-28 12:56:55] ERROR:  [POST, /api/User/action/Login, D:\work\server\lxh\app\kernel\Application.php(109)] [] []
[2017-06-28 12:56:56] ERROR:  [POST, /api/User/action/Login, D:\work\server\lxh\app\kernel\Application.php(109)] [] []
[2017-06-28 12:56:56] ERROR:  [POST, /api/User/action/Login, D:\work\server\lxh\app\kernel\Application.php(109)] [] []
[2017-06-28 12:56:57] ERROR:  [POST, /api/User/action/Login, D:\work\server\lxh\app\kernel\Application.php(109)] [] []
[2017-06-28 12:56:58] ERROR:  [POST, /api/User/action/Login, D:\work\server\lxh\app\kernel\Application.php(109)] [] []
[2017-06-28 12:56:59] ERROR:  [POST, /api/User/action/Login, D:\work\server\lxh\app\kernel\Application.php(109)] [] []
[2017-06-28 12:57:00] ERROR:  [POST, /api/User/action/Login, D:\work\server\lxh\app\kernel\Application.php(109)] [] []
[2017-06-28 12:57:00] ERROR:  [POST, /api/User/action/Login, D:\work\server\lxh\app\kernel\Application.php(109)] [] []
[2017-06-28 12:57:01] ERROR:  [POST, /api/User/action/Login, D:\work\server\lxh\app\kernel\Application.php(109)] [] []
[2017-06-28 12:57:02] ERROR:  [POST, /api/User/action/Login, D:\work\server\lxh\app\kernel\Application.php(109)] [] []
[2017-06-28 12:57:03] ERROR:  [POST, /api/User/action/Login, D:\work\server\lxh\app\kernel\Application.php(109)] [] []
[2017-06-28 12:57:03] ERROR:  [POST, /api/User/action/Login, D:\work\server\lxh\app\kernel\Application.php(109)] [] []
[2017-06-28 12:57:04] ERROR:  [POST, /api/User/action/Login, D:\work\server\lxh\app\kernel\Application.php(109)] [] []
[2017-06-28 12:57:05] ERROR:  [POST, /api/User/action/Login, D:\work\server\lxh\app\kernel\Application.php(109)] [] []
[2017-06-28 12:57:05] ERROR:  [POST, /api/User/action/Login, D:\work\server\lxh\app\kernel\Application.php(109)] [] []
[2017-06-28 12:57:18] ERROR:  [GET, /static/js/jquery.min.map, D:\work\server\lxh\app\kernel\Application.php(109)] [] []
[2017-06-28 12:57:18] ERROR:  [GET, /static/css/bootstrap.min.css.map, D:\work\server\lxh\app\kernel\Application.php(109)] [] []
[2017-06-28 12:57:21] ERROR:  [POST, /api/User/action/Login, D:\work\server\lxh\app\kernel\Application.php(109)] [] []
[2017-06-28 12:57:49] ERROR:  [GET, /static/js/jquery.min.map, D:\work\server\lxh\app\kernel\Application.php(109)] [] []
[2017-06-28 12:57:49] ERROR:  [GET, /static/css/bootstrap.min.css.map, D:\work\server\lxh\app\kernel\Application.php(109)] [] []
[2017-06-28 12:57:52] ERROR:  [POST, /api/User/action/Login, D:\work\server\lxh\app\kernel\Application.php(109)] [] []
[2017-06-28 12:58:09] ERROR:  [GET, /static/js/jquery.min.map, D:\work\server\lxh\app\kernel\Application.php(109)] [] []
[2017-06-28 12:58:09] ERROR:  [GET, /static/css/bootstrap.min.css.map, D:\work\server\lxh\app\kernel\Application.php(109)] [] []
[2017-06-28 12:58:11] ERROR:  [POST, /api/User/action/Login, D:\work\server\lxh\app\kernel\Application.php(109)] [] []
[2017-06-28 12:58:41] ERROR:  [GET, /static/js/jquery.min.map, D:\work\server\lxh\app\kernel\Application.php(109)] [] []
[2017-06-28 12:58:41] ERROR:  [GET, /static/css/bootstrap.min.css.map, D:\work\server\lxh\app\kernel\Application.php(109)] [] []
[2017-06-28 12:58:44] ERROR:  [POST, /api/User/action/Login, D:\work\server\lxh\app\kernel\Application.php(109)] [] []
[2017-06-28 12:58:47] ERROR:  [POST, /api/User/action/Login, D:\work\server\lxh\app\kernel\Application.php(109)] [] []
[2017-06-28 13:10:03] ERROR:  [GET, /static/js/jquery.min.map, D:\work\server\lxh\app\kernel\Application.php(109)] [] []
[2017-06-28 13:10:03] ERROR:  [GET, /static/css/bootstrap.min.css.map, D:\work\server\lxh\app\kernel\Application.php(109)] [] []
[2017-06-28 13:13:31] ERROR:  [GET, /static/js/jquery.min.map, D:\work\server\lxh\app\kernel\Application.php(109)] [] []
[2017-06-28 13:13:31] ERROR:  [GET, /static/css/bootstrap.min.css.map, D:\work\server\lxh\app\kernel\Application.php(109)] [] []
[2017-06-28 13:16:03] ERROR:  [GET, /static/js/jquery.min.map, D:\work\server\lxh\app\kernel\Application.php(109)] [] []
[2017-06-28 13:16:03] ERROR:  [GET, /static/css/bootstrap.min.css.map, D:\work\server\lxh\app\kernel\Application.php(109)] [] []
[2017-06-28 13:16:40] ERROR:  [GET, /static/js/jquery.min.map, D:\work\server\lxh\app\kernel\Application.php(109)] [] []
[2017-06-28 13:16:40] ERROR:  [GET, /static/css/bootstrap.min.css.map, D:\work\server\lxh\app\kernel\Application.php(109)] [] []
[2017-06-28 13:18:49] ERROR:  [GET, /static/js/jquery.min.map, D:\work\server\lxh\app\kernel\Application.php(109)] [] []
[2017-06-28 13:18:49] ERROR:  [GET, /static/css/bootstrap.min.css.map, D:\work\server\lxh\app\kernel\Application.php(109)] [] []
[2017-06-28 13:18:53] ERROR:  [POST, /api/User/action/Login, D:\work\server\lxh\app\kernel\Application.php(109)] [] []
[2017-06-28 13:20:50] ERROR:  [GET, /static/js/jquery.min.map, D:\work\server\lxh\app\kernel\Application.php(109)] [] []
[2017-06-28 13:20:50] ERROR:  [GET, /static/css/bootstrap.min.css.map, D:\work\server\lxh\app\kernel\Application.php(109)] [] []
[2017-06-28 13:20:54] ERROR:  [POST, /api/User/action/Login, D:\work\server\lxh\app\kernel\Application.php(109)] [] []
[2017-06-28 13:21:01] ERROR:  [POST, /api/User/action/Login, D:\work\server\lxh\app\kernel\Application.php(109)] [] []
[2017-06-28 13:23:10] ERROR:  [GET, /static/js/jquery.min.map, D:\work\server\lxh\app\kernel\Application.php(109)] [] []
[2017-06-28 13:23:10] ERROR:  [GET, /static/css/bootstrap.min.css.map, D:\work\server\lxh\app\kernel\Application.php(109)] [] []
[2017-06-28 13:23:14] ERROR:  [POST, /api/User/action/Login, D:\work\server\lxh\app\kernel\Application.php(109)] [] []
[2017-06-28 13:23:21] ERROR:  [POST, /api/User/action/Login, D:\work\server\lxh\app\kernel\Application.php(109)] [] []
[2017-06-28 13:23:39] ERROR:  [GET, /static/js/jquery.min.map, D:\work\server\lxh\app\kernel\Application.php(109)] [] []
[2017-06-28 13:23:39] ERROR:  [GET, /static/css/bootstrap.min.css.map, D:\work\server\lxh\app\kernel\Application.php(109)] [] []
[2017-06-28 13:23:41] ERROR:  [POST, /api/User/action/Login, D:\work\server\lxh\app\kernel\Application.php(109)] [] []
[2017-06-28 13:23:57] ERROR:  [GET, /static/js/jquery.min.map, D:\work\server\lxh\app\kernel\Application.php(109)] [] []
[2017-06-28 13:23:57] ERROR:  [GET, /static/css/bootstrap.min.css.map, D:\work\server\lxh\app\kernel\Application.php(109)] [] []
[2017-06-28 13:24:16] ERROR:  [GET, /static/js/jquery.min.map, D:\work\server\lxh\app\kernel\Application.php(109)] [] []
[2017-06-28 13:24:16] ERROR:  [GET, /static/css/bootstrap.min.css.map, D:\work\server\lxh\app\kernel\Application.php(109)] [] []
[2017-06-28 13:24:19] ERROR:  [POST, /api/User/action/Login, D:\work\server\lxh\app\kernel\Application.php(109)] [] []
[2017-06-28 13:25:17] ERROR:  [GET, /static/js/jquery.min.map, D:\work\server\lxh\app\kernel\Application.php(109)] [] []
[2017-06-28 13:25:17] ERROR:  [GET, /static/css/bootstrap.min.css.map, D:\work\server\lxh\app\kernel\Application.php(109)] [] []
[2017-06-28 13:25:20] ERROR:  [POST, /api/User/action/Login, D:\work\server\lxh\app\kernel\Application.php(109)] [] []
[2017-06-28 13:25:24] ERROR:  [GET, /static/js/jquery.min.map, D:\work\server\lxh\app\kernel\Application.php(109)] [] []
[2017-06-28 13:25:24] ERROR:  [GET, /static/css/bootstrap.min.css.map, D:\work\server\lxh\app\kernel\Application.php(109)] [] []
[2017-06-28 13:25:26] ERROR:  [POST, /api/User/action/Login, D:\work\server\lxh\app\kernel\Application.php(109)] [] []
[2017-06-28 13:25:29] ERROR:  [GET, /static/js/jquery.min.map, D:\work\server\lxh\app\kernel\Application.php(109)] [] []
[2017-06-28 13:25:29] ERROR:  [GET, /static/css/bootstrap.min.css.map, D:\work\server\lxh\app\kernel\Application.php(109)] [] []
[2017-06-28 13:25:32] ERROR:  [POST, /api/User/action/Login, D:\work\server\lxh\app\kernel\Application.php(109)] [] []
[2017-06-28 13:25:33] ERROR:  [GET, /static/js/jquery.min.map, D:\work\server\lxh\app\kernel\Application.php(109)] [] []
[2017-06-28 13:25:34] ERROR:  [GET, /static/css/bootstrap.min.css.map, D:\work\server\lxh\app\kernel\Application.php(109)] [] []
[2017-06-28 13:25:36] ERROR:  [POST, /api/User/action/Login, D:\work\server\lxh\app\kernel\Application.php(109)] [] []
[2017-06-28 13:26:28] ERROR:  [GET, /static/js/jquery.min.map, D:\work\server\lxh\app\kernel\Application.php(109)] [] []
[2017-06-28 13:26:28] ERROR:  [GET, /static/css/bootstrap.min.css.map, D:\work\server\lxh\app\kernel\Application.php(109)] [] []
[2017-06-28 13:26:31] ERROR:  [POST, /api/User/action/Login, D:\work\server\lxh\app\kernel\Application.php(109)] [] []
[2017-06-28 13:26:42] ERROR:  [POST, /api/User/action/Login, D:\work\server\lxh\app\kernel\Application.php(109)] [] []
[2017-06-28 13:26:47] ERROR:  [GET, /static/js/jquery.min.map, D:\work\server\lxh\app\kernel\Application.php(109)] [] []
[2017-06-28 13:26:47] ERROR:  [GET, /static/css/bootstrap.min.css.map, D:\work\server\lxh\app\kernel\Application.php(109)] [] []
[2017-06-28 13:26:50] ERROR:  [POST, /api/User/action/Login, D:\work\server\lxh\app\kernel\Application.php(109)] [] []
[2017-06-28 13:27:35] ERROR:  [GET, /static/js/jquery.min.map, D:\work\server\lxh\app\kernel\Application.php(109)] [] []
[2017-06-28 13:27:35] ERROR:  [GET, /static/css/bootstrap.min.css.map, D:\work\server\lxh\app\kernel\Application.php(109)] [] []
[2017-06-28 13:27:37] ERROR:  [POST, /api/User/action/Login, D:\work\server\lxh\app\kernel\Application.php(109)] [] []
[2017-06-28 13:27:39] ERROR:  [POST, /api/User/action/Login, D:\work\server\lxh\app\kernel\Application.php(109)] [] []
[2017-06-28 13:27:40] ERROR:  [POST, /api/User/action/Login, D:\work\server\lxh\app\kernel\Application.php(109)] [] []
[2017-06-28 13:27:41] ERROR:  [POST, /api/User/action/Login, D:\work\server\lxh\app\kernel\Application.php(109)] [] []
[2017-06-28 13:27:43] ERROR:  [POST, /api/User/action/Login, D:\work\server\lxh\app\kernel\Application.php(109)] [] []
[2017-06-28 13:28:38] ERROR:  [GET, /static/js/jquery.min.map, D:\work\server\lxh\app\kernel\Application.php(109)] [] []
[2017-06-28 13:28:38] ERROR:  [GET, /static/css/bootstrap.min.css.map, D:\work\server\lxh\app\kernel\Application.php(109)] [] []
[2017-06-28 13:28:56] ERROR:  [GET, /static/js/jquery.min.map, D:\work\server\lxh\app\kernel\Application.php(109)] [] []
[2017-06-28 13:28:56] ERROR:  [GET, /static/css/bootstrap.min.css.map, D:\work\server\lxh\app\kernel\Application.php(109)] [] []
[2017-06-28 13:29:01] ERROR:  [POST, /api/User/action/Login, D:\work\server\lxh\app\kernel\Application.php(109)] [] []
[2017-06-28 13:31:31] ERROR:  [GET, /static/js/jquery.min.map, D:\work\server\lxh\app\kernel\Application.php(109)] [] []
[2017-06-28 13:31:31] ERROR:  [GET, /static/css/bootstrap.min.css.map, D:\work\server\lxh\app\kernel\Application.php(109)] [] []
[2017-06-28 13:33:41] ERROR: Controller 'Lxh\Admin\Controller\User' not exists. [POST, /api/User/action/Login, D:\work\server\lxh\app\kernel\MVC\ControllerManager.php(239)] [] []
[2017-06-28 13:36:19] ERROR:  [GET, /static/css/bootstrap.min.css.map, D:\work\server\lxh\app\kernel\Application.php(109)] [] []
[2017-06-28 13:36:20] ERROR:  [GET, /static/js/jquery.min.map, D:\work\server\lxh\app\kernel\Application.php(109)] [] []
[2017-06-28 13:46:53] ERROR:  [GET, /static/js/jquery.min.map, D:\work\server\lxh\app\kernel\Application.php(109)] [] []
[2017-06-28 13:46:53] ERROR:  [GET, /static/css/bootstrap.min.css.map, D:\work\server\lxh\app\kernel\Application.php(109)] [] []
[2017-06-28 13:59:53] ERROR:  [GET, /static/js/jquery.min.map, D:\work\server\lxh\app\kernel\Application.php(109)] [] []
[2017-06-28 13:59:53] ERROR:  [GET, /static/css/bootstrap.min.css.map, D:\work\server\lxh\app\kernel\Application.php(109)] [] []
[2017-06-28 14:00:54] ERROR:  [GET, /static/js/jquery.min.map, D:\work\server\lxh\app\kernel\Application.php(109)] [] []
[2017-06-28 14:00:54] ERROR:  [GET, /static/css/bootstrap.min.css.map, D:\work\server\lxh\app\kernel\Application.php(109)] [] []
[2017-06-28 14:01:28] ERROR:  [GET, /static/js/jquery.min.map, D:\work\server\lxh\app\kernel\Application.php(109)] [] []
[2017-06-28 14:01:28] ERROR:  [GET, /static/css/bootstrap.min.css.map, D:\work\server\lxh\app\kernel\Application.php(109)] [] []
[2017-06-28 14:02:06] ERROR:  [GET, /static/js/jquery.min.map, D:\work\server\lxh\app\kernel\Application.php(109)] [] []
[2017-06-28 14:02:07] ERROR:  [GET, /static/css/bootstrap.min.css.map, D:\work\server\lxh\app\kernel\Application.php(109)] [] []
