[2017-06-29 01:04:21] ERROR:  [GET, /static/js/jquery.min.map, D:\work\server\lxh\app\kernel\Application.php(109)] [] []
[2017-06-29 01:04:21] ERROR:  [GET, /static/css/bootstrap.min.css.map, D:\work\server\lxh\app\kernel\Application.php(109)] [] []
[2017-06-29 03:14:21] ERROR:  [GET, /static/css/bootstrap.min.css.map, D:\work\server\lxh\app\kernel\Application.php(109)] [] []
[2017-06-29 03:14:21] ERROR:  [GET, /static/js/jquery.min.map, D:\work\server\lxh\app\kernel\Application.php(109)] [] []
[2017-06-29 03:15:01] ERROR:  [GET, /static/js/jquery.min.map, D:\work\server\lxh\app\kernel\Application.php(109)] [] []
[2017-06-29 03:15:01] ERROR:  [GET, /static/css/bootstrap.min.css.map, D:\work\server\lxh\app\kernel\Application.php(109)] [] []
[2017-06-29 03:15:37] ERROR:  [GET, /static/js/jquery.min.map, D:\work\server\lxh\app\kernel\Application.php(109)] [] []
[2017-06-29 03:15:38] ERROR:  [GET, /static/css/bootstrap.min.css.map, D:\work\server\lxh\app\kernel\Application.php(109)] [] []
[2017-06-29 03:15:39] ERROR:  [GET, /static/js/jquery.min.map, D:\work\server\lxh\app\kernel\Application.php(109)] [] []
[2017-06-29 03:15:39] ERROR:  [GET, /static/css/bootstrap.min.css.map, D:\work\server\lxh\app\kernel\Application.php(109)] [] []
[2017-06-29 03:15:52] ERROR:  [GET, /static/js/jquery.min.map, D:\work\server\lxh\app\kernel\Application.php(109)] [] []
[2017-06-29 03:15:52] ERROR:  [GET, /static/css/bootstrap.min.css.map, D:\work\server\lxh\app\kernel\Application.php(109)] [] []
[2017-06-29 03:15:54] ERROR:  [GET, /static/js/jquery.min.map, D:\work\server\lxh\app\kernel\Application.php(109)] [] []
[2017-06-29 03:15:54] ERROR:  [GET, /static/css/bootstrap.min.css.map, D:\work\server\lxh\app\kernel\Application.php(109)] [] []
[2017-06-29 03:16:17] ERROR:  [GET, /static/js/jquery.min.map, D:\work\server\lxh\app\kernel\Application.php(109)] [] []
[2017-06-29 03:16:17] ERROR:  [GET, /static/css/bootstrap.min.css.map, D:\work\server\lxh\app\kernel\Application.php(109)] [] []
[2017-06-29 03:16:26] ERROR:  [GET, /static/js/jquery.min.map, D:\work\server\lxh\app\kernel\Application.php(109)] [] []
[2017-06-29 03:16:26] ERROR:  [GET, /static/css/bootstrap.min.css.map, D:\work\server\lxh\app\kernel\Application.php(109)] [] []
[2017-06-29 03:16:28] ERROR:  [GET, /static/js/jquery.min.map, D:\work\server\lxh\app\kernel\Application.php(109)] [] []
[2017-06-29 03:16:28] ERROR:  [GET, /static/css/bootstrap.min.css.map, D:\work\server\lxh\app\kernel\Application.php(109)] [] []
[2017-06-29 03:17:12] ERROR:  [GET, /static/js/jquery.min.map, D:\work\server\lxh\app\kernel\Application.php(109)] [] []
[2017-06-29 03:17:12] ERROR:  [GET, /static/css/bootstrap.min.css.map, D:\work\server\lxh\app\kernel\Application.php(109)] [] []
[2017-06-29 03:18:44] ERROR:  [GET, /static/js/jquery.min.map, D:\work\server\lxh\app\kernel\Application.php(109)] [] []
[2017-06-29 03:18:44] ERROR:  [GET, /static/css/bootstrap.min.css.map, D:\work\server\lxh\app\kernel\Application.php(109)] [] []
[2017-06-29 03:19:24] ERROR:  [GET, /static/js/jquery.min.map, D:\work\server\lxh\app\kernel\Application.php(109)] [] []
[2017-06-29 03:19:24] ERROR:  [GET, /static/css/bootstrap.min.css.map, D:\work\server\lxh\app\kernel\Application.php(109)] [] []
[2017-06-29 03:24:12] ERROR:  [GET, /static/js/jquery.min.map, D:\work\server\lxh\app\kernel\Application.php(109)] [] []
[2017-06-29 03:24:12] ERROR:  [GET, /static/css/bootstrap.min.css.map, D:\work\server\lxh\app\kernel\Application.php(109)] [] []
[2017-06-29 03:24:46] ERROR:  [GET, /static/js/jquery.min.map, D:\work\server\lxh\app\kernel\Application.php(109)] [] []
[2017-06-29 03:24:46] ERROR:  [GET, /static/css/bootstrap.min.css.map, D:\work\server\lxh\app\kernel\Application.php(109)] [] []
[2017-06-29 03:24:46] ERROR:  [GET, /static/css/bootstrap.min.css.map, D:\work\server\lxh\app\kernel\Application.php(109)] [] []
[2017-06-29 03:24:46] ERROR:  [GET, /static/css/bootstrap.min.css.map, D:\work\server\lxh\app\kernel\Application.php(109)] [] []
[2017-06-29 03:24:47] ERROR:  [GET, /static/js/jquery.min.map, D:\work\server\lxh\app\kernel\Application.php(109)] [] []
[2017-06-29 03:25:07] ERROR:  [GET, /static/js/jquery.min.map, D:\work\server\lxh\app\kernel\Application.php(109)] [] []
[2017-06-29 03:25:08] ERROR:  [GET, /static/css/bootstrap.min.css.map, D:\work\server\lxh\app\kernel\Application.php(109)] [] []
[2017-06-29 03:30:46] ERROR:  [GET, /static/js/jquery.min.map, D:\work\server\lxh\app\kernel\Application.php(109)] [] []
[2017-06-29 03:30:46] ERROR:  [GET, /static/css/bootstrap.min.css.map, D:\work\server\lxh\app\kernel\Application.php(109)] [] []
[2017-06-29 03:36:07] ERROR:  [GET, /static/js/jquery.min.map, D:\work\server\lxh\app\kernel\Application.php(109)] [] []
[2017-06-29 03:36:08] ERROR:  [GET, /static/css/bootstrap.min.css.map, D:\work\server\lxh\app\kernel\Application.php(109)] [] []
[2017-06-29 03:36:21] ERROR:  [GET, /static/js/jquery.min.map, D:\work\server\lxh\app\kernel\Application.php(109)] [] []
[2017-06-29 03:36:22] ERROR:  [GET, /static/css/bootstrap.min.css.map, D:\work\server\lxh\app\kernel\Application.php(109)] [] []
[2017-06-29 03:37:32] ERROR:  [GET, /static/js/jquery.min.map, D:\work\server\lxh\app\kernel\Application.php(109)] [] []
[2017-06-29 03:37:32] ERROR:  [GET, /static/css/bootstrap.min.css.map, D:\work\server\lxh\app\kernel\Application.php(109)] [] []
[2017-06-29 03:37:40] ERROR:  [GET, /static/js/jquery.min.map, D:\work\server\lxh\app\kernel\Application.php(109)] [] []
[2017-06-29 03:37:40] ERROR:  [GET, /static/css/bootstrap.min.css.map, D:\work\server\lxh\app\kernel\Application.php(109)] [] []
[2017-06-29 03:51:03] ERROR:  [GET, /static/js/jquery.min.map, D:\work\server\lxh\app\kernel\Application.php(109)] [] []
[2017-06-29 03:51:03] ERROR:  [GET, /static/css/bootstrap.min.css.map, D:\work\server\lxh\app\kernel\Application.php(109)] [] []
[2017-06-29 03:51:40] ERROR:  [GET, /static/js/jquery.min.map, D:\work\server\lxh\app\kernel\Application.php(109)] [] []
[2017-06-29 03:51:40] ERROR:  [GET, /static/css/bootstrap.min.css.map, D:\work\server\lxh\app\kernel\Application.php(109)] [] []
[2017-06-29 03:52:04] ERROR:  [GET, /static/css/bootstrap.min.css.map, D:\work\server\lxh\app\kernel\Application.php(109)] [] []
[2017-06-29 03:52:04] ERROR:  [GET, /static/js/jquery.min.map, D:\work\server\lxh\app\kernel\Application.php(109)] [] []
[2017-06-29 03:52:08] ERROR:  [GET, /static/js/jquery.min.map, D:\work\server\lxh\app\kernel\Application.php(109)] [] []
[2017-06-29 03:52:08] ERROR:  [GET, /static/css/bootstrap.min.css.map, D:\work\server\lxh\app\kernel\Application.php(109)] [] []
[2017-06-29 03:52:10] ERROR:  [GET, /static/js/jquery.min.map, D:\work\server\lxh\app\kernel\Application.php(109)] [] []
[2017-06-29 03:52:10] ERROR:  [GET, /static/css/bootstrap.min.css.map, D:\work\server\lxh\app\kernel\Application.php(109)] [] []
[2017-06-29 03:52:12] ERROR:  [GET, /static/js/jquery.min.map, D:\work\server\lxh\app\kernel\Application.php(109)] [] []
[2017-06-29 03:52:12] ERROR:  [GET, /static/css/bootstrap.min.css.map, D:\work\server\lxh\app\kernel\Application.php(109)] [] []
[2017-06-29 03:52:14] ERROR:  [GET, /static/css/bootstrap.min.css.map, D:\work\server\lxh\app\kernel\Application.php(109)] [] []
[2017-06-29 03:52:14] ERROR:  [GET, /static/js/jquery.min.map, D:\work\server\lxh\app\kernel\Application.php(109)] [] []
[2017-06-29 03:52:16] ERROR:  [GET, /static/js/jquery.min.map, D:\work\server\lxh\app\kernel\Application.php(109)] [] []
[2017-06-29 03:52:16] ERROR:  [GET, /static/css/bootstrap.min.css.map, D:\work\server\lxh\app\kernel\Application.php(109)] [] []
[2017-06-29 03:52:49] ERROR:  [GET, /static/js/jquery.min.map, D:\work\server\lxh\app\kernel\Application.php(109)] [] []
[2017-06-29 03:52:49] ERROR:  [GET, /static/css/bootstrap.min.css.map, D:\work\server\lxh\app\kernel\Application.php(109)] [] []
[2017-06-29 03:52:57] ERROR:  [GET, /static/js/jquery.min.map, D:\work\server\lxh\app\kernel\Application.php(109)] [] []
[2017-06-29 03:52:57] ERROR:  [GET, /static/css/bootstrap.min.css.map, D:\work\server\lxh\app\kernel\Application.php(109)] [] []
[2017-06-29 03:52:59] ERROR:  [GET, /static/js/jquery.min.map, D:\work\server\lxh\app\kernel\Application.php(109)] [] []
[2017-06-29 03:52:59] ERROR:  [GET, /static/css/bootstrap.min.css.map, D:\work\server\lxh\app\kernel\Application.php(109)] [] []
[2017-06-29 03:53:00] ERROR:  [GET, /static/js/jquery.min.map, D:\work\server\lxh\app\kernel\Application.php(109)] [] []
[2017-06-29 03:53:00] ERROR:  [GET, /static/css/bootstrap.min.css.map, D:\work\server\lxh\app\kernel\Application.php(109)] [] []
[2017-06-29 03:53:01] ERROR:  [GET, /static/js/jquery.min.map, D:\work\server\lxh\app\kernel\Application.php(109)] [] []
[2017-06-29 03:53:01] ERROR:  [GET, /static/css/bootstrap.min.css.map, D:\work\server\lxh\app\kernel\Application.php(109)] [] []
[2017-06-29 03:53:02] ERROR:  [GET, /static/js/jquery.min.map, D:\work\server\lxh\app\kernel\Application.php(109)] [] []
[2017-06-29 03:53:02] ERROR:  [GET, /static/css/bootstrap.min.css.map, D:\work\server\lxh\app\kernel\Application.php(109)] [] []
[2017-06-29 03:53:03] ERROR:  [GET, /static/js/jquery.min.map, D:\work\server\lxh\app\kernel\Application.php(109)] [] []
[2017-06-29 03:53:03] ERROR:  [GET, /static/css/bootstrap.min.css.map, D:\work\server\lxh\app\kernel\Application.php(109)] [] []
[2017-06-29 03:53:03] ERROR:  [GET, /static/js/jquery.min.map, D:\work\server\lxh\app\kernel\Application.php(109)] [] []
[2017-06-29 03:53:04] ERROR:  [GET, /static/css/bootstrap.min.css.map, D:\work\server\lxh\app\kernel\Application.php(109)] [] []
[2017-06-29 03:53:04] ERROR:  [GET, /static/css/bootstrap.min.css.map, D:\work\server\lxh\app\kernel\Application.php(109)] [] []
[2017-06-29 03:53:04] ERROR:  [GET, /static/js/jquery.min.map, D:\work\server\lxh\app\kernel\Application.php(109)] [] []
[2017-06-29 03:53:05] ERROR:  [GET, /static/js/jquery.min.map, D:\work\server\lxh\app\kernel\Application.php(109)] [] []
[2017-06-29 03:53:05] ERROR:  [GET, /static/css/bootstrap.min.css.map, D:\work\server\lxh\app\kernel\Application.php(109)] [] []
[2017-06-29 03:53:06] ERROR:  [GET, /static/js/jquery.min.map, D:\work\server\lxh\app\kernel\Application.php(109)] [] []
[2017-06-29 03:53:06] ERROR:  [GET, /static/css/bootstrap.min.css.map, D:\work\server\lxh\app\kernel\Application.php(109)] [] []
[2017-06-29 03:53:07] ERROR:  [GET, /static/js/jquery.min.map, D:\work\server\lxh\app\kernel\Application.php(109)] [] []
[2017-06-29 03:53:07] ERROR:  [GET, /static/css/bootstrap.min.css.map, D:\work\server\lxh\app\kernel\Application.php(109)] [] []
[2017-06-29 03:53:08] ERROR:  [GET, /static/js/jquery.min.map, D:\work\server\lxh\app\kernel\Application.php(109)] [] []
[2017-06-29 03:53:08] ERROR:  [GET, /static/css/bootstrap.min.css.map, D:\work\server\lxh\app\kernel\Application.php(109)] [] []
[2017-06-29 03:53:09] ERROR:  [GET, /static/js/jquery.min.map, D:\work\server\lxh\app\kernel\Application.php(109)] [] []
[2017-06-29 03:53:09] ERROR:  [GET, /static/css/bootstrap.min.css.map, D:\work\server\lxh\app\kernel\Application.php(109)] [] []
[2017-06-29 03:53:09] ERROR:  [GET, /static/js/jquery.min.map, D:\work\server\lxh\app\kernel\Application.php(109)] [] []
[2017-06-29 03:53:09] ERROR:  [GET, /static/css/bootstrap.min.css.map, D:\work\server\lxh\app\kernel\Application.php(109)] [] []
[2017-06-29 03:53:10] ERROR:  [GET, /static/js/jquery.min.map, D:\work\server\lxh\app\kernel\Application.php(109)] [] []
[2017-06-29 03:53:10] ERROR:  [GET, /static/css/bootstrap.min.css.map, D:\work\server\lxh\app\kernel\Application.php(109)] [] []
[2017-06-29 03:53:11] ERROR:  [GET, /static/js/jquery.min.map, D:\work\server\lxh\app\kernel\Application.php(109)] [] []
[2017-06-29 03:53:11] ERROR:  [GET, /static/css/bootstrap.min.css.map, D:\work\server\lxh\app\kernel\Application.php(109)] [] []
[2017-06-29 03:53:11] ERROR:  [GET, /static/js/jquery.min.map, D:\work\server\lxh\app\kernel\Application.php(109)] [] []
[2017-06-29 03:53:11] ERROR:  [GET, /static/css/bootstrap.min.css.map, D:\work\server\lxh\app\kernel\Application.php(109)] [] []
[2017-06-29 03:53:12] ERROR:  [GET, /static/js/jquery.min.map, D:\work\server\lxh\app\kernel\Application.php(109)] [] []
[2017-06-29 03:53:12] ERROR:  [GET, /static/css/bootstrap.min.css.map, D:\work\server\lxh\app\kernel\Application.php(109)] [] []
[2017-06-29 03:53:13] ERROR:  [GET, /static/js/jquery.min.map, D:\work\server\lxh\app\kernel\Application.php(109)] [] []
[2017-06-29 03:53:13] ERROR:  [GET, /static/css/bootstrap.min.css.map, D:\work\server\lxh\app\kernel\Application.php(109)] [] []
[2017-06-29 03:53:14] ERROR:  [GET, /static/js/jquery.min.map, D:\work\server\lxh\app\kernel\Application.php(109)] [] []
[2017-06-29 03:53:14] ERROR:  [GET, /static/css/bootstrap.min.css.map, D:\work\server\lxh\app\kernel\Application.php(109)] [] []
[2017-06-29 03:53:15] ERROR:  [GET, /static/js/jquery.min.map, D:\work\server\lxh\app\kernel\Application.php(109)] [] []
[2017-06-29 03:53:15] ERROR:  [GET, /static/css/bootstrap.min.css.map, D:\work\server\lxh\app\kernel\Application.php(109)] [] []
[2017-06-29 03:53:16] ERROR:  [GET, /static/js/jquery.min.map, D:\work\server\lxh\app\kernel\Application.php(109)] [] []
[2017-06-29 03:53:16] ERROR:  [GET, /static/css/bootstrap.min.css.map, D:\work\server\lxh\app\kernel\Application.php(109)] [] []
[2017-06-29 03:53:16] ERROR:  [GET, /static/js/jquery.min.map, D:\work\server\lxh\app\kernel\Application.php(109)] [] []
[2017-06-29 03:53:16] ERROR:  [GET, /static/css/bootstrap.min.css.map, D:\work\server\lxh\app\kernel\Application.php(109)] [] []
[2017-06-29 03:53:17] ERROR:  [GET, /static/css/bootstrap.min.css.map, D:\work\server\lxh\app\kernel\Application.php(109)] [] []
[2017-06-29 03:53:17] ERROR:  [GET, /static/js/jquery.min.map, D:\work\server\lxh\app\kernel\Application.php(109)] [] []
[2017-06-29 03:53:18] ERROR:  [GET, /static/js/jquery.min.map, D:\work\server\lxh\app\kernel\Application.php(109)] [] []
[2017-06-29 03:53:18] ERROR:  [GET, /static/css/bootstrap.min.css.map, D:\work\server\lxh\app\kernel\Application.php(109)] [] []
[2017-06-29 03:53:19] ERROR:  [GET, /static/js/jquery.min.map, D:\work\server\lxh\app\kernel\Application.php(109)] [] []
[2017-06-29 03:53:19] ERROR:  [GET, /static/css/bootstrap.min.css.map, D:\work\server\lxh\app\kernel\Application.php(109)] [] []
[2017-06-29 03:53:20] ERROR:  [GET, /static/js/jquery.min.map, D:\work\server\lxh\app\kernel\Application.php(109)] [] []
[2017-06-29 03:53:20] ERROR:  [GET, /static/css/bootstrap.min.css.map, D:\work\server\lxh\app\kernel\Application.php(109)] [] []
[2017-06-29 03:53:21] ERROR:  [GET, /static/css/bootstrap.min.css.map, D:\work\server\lxh\app\kernel\Application.php(109)] [] []
[2017-06-29 03:53:21] ERROR:  [GET, /static/js/jquery.min.map, D:\work\server\lxh\app\kernel\Application.php(109)] [] []
[2017-06-29 03:53:22] ERROR:  [GET, /static/js/jquery.min.map, D:\work\server\lxh\app\kernel\Application.php(109)] [] []
[2017-06-29 03:53:22] ERROR:  [GET, /static/css/bootstrap.min.css.map, D:\work\server\lxh\app\kernel\Application.php(109)] [] []
[2017-06-29 03:53:25] ERROR:  [GET, /static/js/jquery.min.map, D:\work\server\lxh\app\kernel\Application.php(109)] [] []
[2017-06-29 03:53:25] ERROR:  [GET, /static/css/bootstrap.min.css.map, D:\work\server\lxh\app\kernel\Application.php(109)] [] []
[2017-06-29 03:53:25] ERROR:  [GET, /static/css/bootstrap.min.css.map, D:\work\server\lxh\app\kernel\Application.php(109)] [] []
[2017-06-29 03:53:26] ERROR:  [GET, /static/js/jquery.min.map, D:\work\server\lxh\app\kernel\Application.php(109)] [] []
[2017-06-29 03:53:27] ERROR:  [GET, /static/js/jquery.min.map, D:\work\server\lxh\app\kernel\Application.php(109)] [] []
[2017-06-29 03:53:28] ERROR:  [GET, /static/css/bootstrap.min.css.map, D:\work\server\lxh\app\kernel\Application.php(109)] [] []
[2017-06-29 03:54:06] ERROR:  [GET, /static/js/jquery.min.map, D:\work\server\lxh\app\kernel\Application.php(109)] [] []
[2017-06-29 03:54:07] ERROR:  [GET, /static/css/bootstrap.min.css.map, D:\work\server\lxh\app\kernel\Application.php(109)] [] []
[2017-06-29 03:54:08] ERROR:  [GET, /static/js/jquery.min.map, D:\work\server\lxh\app\kernel\Application.php(109)] [] []
[2017-06-29 03:54:08] ERROR:  [GET, /static/css/bootstrap.min.css.map, D:\work\server\lxh\app\kernel\Application.php(109)] [] []
[2017-06-29 03:54:48] ERROR:  [GET, /static/js/jquery.min.map, D:\work\server\lxh\app\kernel\Application.php(109)] [] []
[2017-06-29 03:54:49] ERROR:  [GET, /static/css/bootstrap.min.css.map, D:\work\server\lxh\app\kernel\Application.php(109)] [] []
[2017-06-29 03:55:09] ERROR:  [GET, /static/js/jquery.min.map, D:\work\server\lxh\app\kernel\Application.php(109)] [] []
[2017-06-29 03:55:09] ERROR:  [GET, /static/css/bootstrap.min.css.map, D:\work\server\lxh\app\kernel\Application.php(109)] [] []
[2017-06-29 03:55:20] ERROR:  [GET, /static/js/jquery.min.map, D:\work\server\lxh\app\kernel\Application.php(109)] [] []
[2017-06-29 03:55:20] ERROR:  [GET, /static/css/bootstrap.min.css.map, D:\work\server\lxh\app\kernel\Application.php(109)] [] []
[2017-06-29 03:55:21] ERROR:  [GET, /static/css/bootstrap.min.css.map, D:\work\server\lxh\app\kernel\Application.php(109)] [] []
[2017-06-29 03:55:21] ERROR:  [GET, /static/js/jquery.min.map, D:\work\server\lxh\app\kernel\Application.php(109)] [] []
[2017-06-29 03:55:22] ERROR:  [GET, /static/js/jquery.min.map, D:\work\server\lxh\app\kernel\Application.php(109)] [] []
[2017-06-29 03:55:22] ERROR:  [GET, /static/css/bootstrap.min.css.map, D:\work\server\lxh\app\kernel\Application.php(109)] [] []
[2017-06-29 03:57:34] ERROR:  [GET, /static/js/jquery.min.map, D:\work\server\lxh\app\kernel\Application.php(109)] [] []
[2017-06-29 03:57:34] ERROR:  [GET, /static/css/bootstrap.min.css.map, D:\work\server\lxh\app\kernel\Application.php(109)] [] []
[2017-06-29 03:57:35] ERROR:  [GET, /static/js/jquery.min.map, D:\work\server\lxh\app\kernel\Application.php(109)] [] []
[2017-06-29 03:57:35] ERROR:  [GET, /static/css/bootstrap.min.css.map, D:\work\server\lxh\app\kernel\Application.php(109)] [] []
[2017-06-29 03:57:36] ERROR:  [GET, /static/js/jquery.min.map, D:\work\server\lxh\app\kernel\Application.php(109)] [] []
[2017-06-29 03:57:36] ERROR:  [GET, /static/css/bootstrap.min.css.map, D:\work\server\lxh\app\kernel\Application.php(109)] [] []
[2017-06-29 03:57:38] ERROR:  [GET, /static/js/jquery.min.map, D:\work\server\lxh\app\kernel\Application.php(109)] [] []
[2017-06-29 03:57:38] ERROR:  [GET, /static/css/bootstrap.min.css.map, D:\work\server\lxh\app\kernel\Application.php(109)] [] []
[2017-06-29 03:57:52] ERROR:  [GET, /static/js/jquery.min.map, D:\work\server\lxh\app\kernel\Application.php(109)] [] []
[2017-06-29 03:57:52] ERROR:  [GET, /static/css/bootstrap.min.css.map, D:\work\server\lxh\app\kernel\Application.php(109)] [] []
[2017-06-29 03:57:59] ERROR:  [GET, /static/js/jquery.min.map, D:\work\server\lxh\app\kernel\Application.php(109)] [] []
[2017-06-29 03:57:59] ERROR:  [GET, /static/css/bootstrap.min.css.map, D:\work\server\lxh\app\kernel\Application.php(109)] [] []
[2017-06-29 03:58:50] ERROR:  [GET, /static/js/jquery.min.map, D:\work\server\lxh\app\kernel\Application.php(109)] [] []
[2017-06-29 03:58:50] ERROR:  [GET, /static/css/bootstrap.min.css.map, D:\work\server\lxh\app\kernel\Application.php(109)] [] []
[2017-06-29 03:58:52] ERROR:  [GET, /static/js/jquery.min.map, D:\work\server\lxh\app\kernel\Application.php(109)] [] []
[2017-06-29 03:58:52] ERROR:  [GET, /static/css/bootstrap.min.css.map, D:\work\server\lxh\app\kernel\Application.php(109)] [] []
[2017-06-29 03:59:23] ERROR:  [GET, /static/js/jquery.min.map, D:\work\server\lxh\app\kernel\Application.php(109)] [] []
[2017-06-29 03:59:23] ERROR:  [GET, /static/css/bootstrap.min.css.map, D:\work\server\lxh\app\kernel\Application.php(109)] [] []
[2017-06-29 03:59:25] ERROR:  [GET, /static/js/jquery.min.map, D:\work\server\lxh\app\kernel\Application.php(109)] [] []
[2017-06-29 03:59:25] ERROR:  [GET, /static/css/bootstrap.min.css.map, D:\work\server\lxh\app\kernel\Application.php(109)] [] []
[2017-06-29 03:59:55] ERROR:  [GET, /static/js/jquery.min.map, D:\work\server\lxh\app\kernel\Application.php(109)] [] []
[2017-06-29 03:59:56] ERROR:  [GET, /static/css/bootstrap.min.css.map, D:\work\server\lxh\app\kernel\Application.php(109)] [] []
[2017-06-29 03:59:58] ERROR:  [GET, /static/js/jquery.min.map, D:\work\server\lxh\app\kernel\Application.php(109)] [] []
[2017-06-29 03:59:58] ERROR:  [GET, /static/css/bootstrap.min.css.map, D:\work\server\lxh\app\kernel\Application.php(109)] [] []
[2017-06-29 03:59:59] ERROR:  [GET, /static/js/jquery.min.map, D:\work\server\lxh\app\kernel\Application.php(109)] [] []
[2017-06-29 03:59:59] ERROR:  [GET, /static/css/bootstrap.min.css.map, D:\work\server\lxh\app\kernel\Application.php(109)] [] []
[2017-06-29 04:00:14] ERROR:  [GET, /static/js/jquery.min.map, D:\work\server\lxh\app\kernel\Application.php(109)] [] []
[2017-06-29 04:00:14] ERROR:  [GET, /static/css/bootstrap.min.css.map, D:\work\server\lxh\app\kernel\Application.php(109)] [] []
[2017-06-29 04:00:23] ERROR:  [GET, /static/js/jquery.min.map, D:\work\server\lxh\app\kernel\Application.php(109)] [] []
[2017-06-29 04:00:23] ERROR:  [GET, /static/css/bootstrap.min.css.map, D:\work\server\lxh\app\kernel\Application.php(109)] [] []
[2017-06-29 04:00:24] ERROR:  [GET, /static/js/jquery.min.map, D:\work\server\lxh\app\kernel\Application.php(109)] [] []
[2017-06-29 04:00:24] ERROR:  [GET, /static/css/bootstrap.min.css.map, D:\work\server\lxh\app\kernel\Application.php(109)] [] []
[2017-06-29 04:00:25] ERROR:  [GET, /static/css/bootstrap.min.css.map, D:\work\server\lxh\app\kernel\Application.php(109)] [] []
[2017-06-29 04:00:25] ERROR:  [GET, /static/js/jquery.min.map, D:\work\server\lxh\app\kernel\Application.php(109)] [] []
[2017-06-29 04:00:32] ERROR:  [GET, /static/css/bootstrap.min.css.map, D:\work\server\lxh\app\kernel\Application.php(109)] [] []
[2017-06-29 04:00:32] ERROR:  [GET, /static/js/jquery.min.map, D:\work\server\lxh\app\kernel\Application.php(109)] [] []
[2017-06-29 04:00:40] ERROR:  [GET, /static/js/jquery.min.map, D:\work\server\lxh\app\kernel\Application.php(109)] [] []
[2017-06-29 04:00:40] ERROR:  [GET, /static/css/bootstrap.min.css.map, D:\work\server\lxh\app\kernel\Application.php(109)] [] []
[2017-06-29 04:00:41] ERROR:  [GET, /static/js/jquery.min.map, D:\work\server\lxh\app\kernel\Application.php(109)] [] []
[2017-06-29 04:00:41] ERROR:  [GET, /static/css/bootstrap.min.css.map, D:\work\server\lxh\app\kernel\Application.php(109)] [] []
[2017-06-29 04:00:47] ERROR:  [GET, /static/js/jquery.min.map, D:\work\server\lxh\app\kernel\Application.php(109)] [] []
[2017-06-29 04:00:48] ERROR:  [GET, /static/css/bootstrap.min.css.map, D:\work\server\lxh\app\kernel\Application.php(109)] [] []
[2017-06-29 04:00:55] ERROR:  [GET, /static/js/jquery.min.map, D:\work\server\lxh\app\kernel\Application.php(109)] [] []
[2017-06-29 04:00:55] ERROR:  [GET, /static/css/bootstrap.min.css.map, D:\work\server\lxh\app\kernel\Application.php(109)] [] []
[2017-06-29 04:00:56] ERROR:  [GET, /static/js/jquery.min.map, D:\work\server\lxh\app\kernel\Application.php(109)] [] []
[2017-06-29 04:00:56] ERROR:  [GET, /static/css/bootstrap.min.css.map, D:\work\server\lxh\app\kernel\Application.php(109)] [] []
[2017-06-29 04:00:57] ERROR:  [GET, /static/js/jquery.min.map, D:\work\server\lxh\app\kernel\Application.php(109)] [] []
[2017-06-29 04:00:57] ERROR:  [GET, /static/css/bootstrap.min.css.map, D:\work\server\lxh\app\kernel\Application.php(109)] [] []
[2017-06-29 04:01:10] ERROR:  [GET, /static/js/jquery.min.map, D:\work\server\lxh\app\kernel\Application.php(109)] [] []
[2017-06-29 04:01:10] ERROR:  [GET, /static/css/bootstrap.min.css.map, D:\work\server\lxh\app\kernel\Application.php(109)] [] []
[2017-06-29 04:01:16] ERROR:  [GET, /static/js/jquery.min.map, D:\work\server\lxh\app\kernel\Application.php(109)] [] []
[2017-06-29 04:01:16] ERROR:  [GET, /static/css/bootstrap.min.css.map, D:\work\server\lxh\app\kernel\Application.php(109)] [] []
[2017-06-29 04:01:17] ERROR:  [GET, /static/js/jquery.min.map, D:\work\server\lxh\app\kernel\Application.php(109)] [] []
[2017-06-29 04:01:17] ERROR:  [GET, /static/css/bootstrap.min.css.map, D:\work\server\lxh\app\kernel\Application.php(109)] [] []
[2017-06-29 04:01:18] ERROR:  [GET, /static/js/jquery.min.map, D:\work\server\lxh\app\kernel\Application.php(109)] [] []
[2017-06-29 04:01:18] ERROR:  [GET, /static/css/bootstrap.min.css.map, D:\work\server\lxh\app\kernel\Application.php(109)] [] []
[2017-06-29 04:01:19] ERROR:  [GET, /static/js/jquery.min.map, D:\work\server\lxh\app\kernel\Application.php(109)] [] []
[2017-06-29 04:01:19] ERROR:  [GET, /static/css/bootstrap.min.css.map, D:\work\server\lxh\app\kernel\Application.php(109)] [] []
[2017-06-29 04:01:19] ERROR:  [GET, /static/js/jquery.min.map, D:\work\server\lxh\app\kernel\Application.php(109)] [] []
[2017-06-29 04:01:20] ERROR:  [GET, /static/css/bootstrap.min.css.map, D:\work\server\lxh\app\kernel\Application.php(109)] [] []
[2017-06-29 04:01:20] ERROR:  [GET, /static/js/jquery.min.map, D:\work\server\lxh\app\kernel\Application.php(109)] [] []
[2017-06-29 04:01:20] ERROR:  [GET, /static/css/bootstrap.min.css.map, D:\work\server\lxh\app\kernel\Application.php(109)] [] []
[2017-06-29 04:01:21] ERROR:  [GET, /static/js/jquery.min.map, D:\work\server\lxh\app\kernel\Application.php(109)] [] []
[2017-06-29 04:01:21] ERROR:  [GET, /static/css/bootstrap.min.css.map, D:\work\server\lxh\app\kernel\Application.php(109)] [] []
[2017-06-29 04:01:22] ERROR:  [GET, /static/js/jquery.min.map, D:\work\server\lxh\app\kernel\Application.php(109)] [] []
[2017-06-29 04:01:22] ERROR:  [GET, /static/css/bootstrap.min.css.map, D:\work\server\lxh\app\kernel\Application.php(109)] [] []
[2017-06-29 04:01:23] ERROR:  [GET, /static/js/jquery.min.map, D:\work\server\lxh\app\kernel\Application.php(109)] [] []
[2017-06-29 04:01:23] ERROR:  [GET, /static/css/bootstrap.min.css.map, D:\work\server\lxh\app\kernel\Application.php(109)] [] []
[2017-06-29 04:01:25] ERROR:  [GET, /static/js/jquery.min.map, D:\work\server\lxh\app\kernel\Application.php(109)] [] []
[2017-06-29 04:01:25] ERROR:  [GET, /static/css/bootstrap.min.css.map, D:\work\server\lxh\app\kernel\Application.php(109)] [] []
[2017-06-29 04:01:25] ERROR:  [GET, /static/js/jquery.min.map, D:\work\server\lxh\app\kernel\Application.php(109)] [] []
[2017-06-29 04:01:26] ERROR:  [GET, /static/css/bootstrap.min.css.map, D:\work\server\lxh\app\kernel\Application.php(109)] [] []
[2017-06-29 04:01:26] ERROR:  [GET, /static/js/jquery.min.map, D:\work\server\lxh\app\kernel\Application.php(109)] [] []
[2017-06-29 04:01:27] ERROR:  [GET, /static/css/bootstrap.min.css.map, D:\work\server\lxh\app\kernel\Application.php(109)] [] []
[2017-06-29 04:02:09] ERROR:  [GET, /static/js/jquery.min.map, D:\work\server\lxh\app\kernel\Application.php(109)] [] []
[2017-06-29 04:02:09] ERROR:  [GET, /static/css/bootstrap.min.css.map, D:\work\server\lxh\app\kernel\Application.php(109)] [] []
[2017-06-29 04:02:46] ERROR:  [GET, /static/js/jquery.min.map, D:\work\server\lxh\app\kernel\Application.php(109)] [] []
[2017-06-29 04:02:47] ERROR:  [GET, /static/css/bootstrap.min.css.map, D:\work\server\lxh\app\kernel\Application.php(109)] [] []
[2017-06-29 04:39:05] ERROR:  [GET, /static/js/jquery.min.map, D:\work\server\lxh\app\kernel\Application.php(109)] [] []
[2017-06-29 04:39:05] ERROR:  [GET, /static/css/bootstrap.min.css.map, D:\work\server\lxh\app\kernel\Application.php(109)] [] []
[2017-06-29 04:39:06] ERROR:  [GET, /static/js/jquery.min.map, D:\work\server\lxh\app\kernel\Application.php(109)] [] []
[2017-06-29 04:39:06] ERROR:  [GET, /static/css/bootstrap.min.css.map, D:\work\server\lxh\app\kernel\Application.php(109)] [] []
[2017-06-29 04:57:28] ERROR:  [GET, /static/js/jquery.min.map, D:\work\server\lxh\app\kernel\Application.php(109)] [] []
[2017-06-29 04:57:29] ERROR:  [GET, /static/css/bootstrap.min.css.map, D:\work\server\lxh\app\kernel\Application.php(109)] [] []
[2017-06-29 11:47:11] ERROR:  [GET, /static/css/bootstrap.min.css.map, D:\work\server\lxh\app\kernel\Application.php(109)] [] []
[2017-06-29 11:47:11] ERROR:  [GET, /static/js/jquery.min.map, D:\work\server\lxh\app\kernel\Application.php(109)] [] []
[2017-06-29 11:56:03] ERROR:  [GET, /static/v1.0/css/pages.css?v=1498737362, D:\work\server\lxh\app\kernel\Application.php(109)] [] []
[2017-06-29 11:56:03] ERROR:  [GET, /static/v1.0/plugins/toastr/toastr.min.css?v=1498737362, D:\work\server\lxh\app\kernel\Application.php(109)] [] []
[2017-06-29 11:56:03] ERROR:  [GET, /static/v1.0/plugins/parsleyjs/dist/parsley.min.js?v=1498737362, D:\work\server\lxh\app\kernel\Application.php(109)] [] []
[2017-06-29 11:56:03] ERROR:  [GET, /static/v1.0/css/bootstrap.min.css?v=1498737362, D:\work\server\lxh\app\kernel\Application.php(109)] [] []
[2017-06-29 11:56:03] ERROR:  [GET, /static/v1.0/css/core.css?v=1498737362, D:\work\server\lxh\app\kernel\Application.php(109)] [] []
[2017-06-29 11:56:04] ERROR:  [GET, /static/v1.0/js/jquery.min.js?v=1498737362, D:\work\server\lxh\app\kernel\Application.php(109)] [] []
[2017-06-29 11:56:04] ERROR:  [GET, /static/v1.0/css/icons.css?v=1498737362, D:\work\server\lxh\app\kernel\Application.php(109)] [] []
[2017-06-29 11:56:04] ERROR:  [GET, /static/v1.0/js/container.js?v=1498737362, D:\work\server\lxh\app\kernel\Application.php(109)] [] []
[2017-06-29 11:56:04] ERROR:  [GET, /static/v1.0/css/components.css?v=1498737362, D:\work\server\lxh\app\kernel\Application.php(109)] [] []
[2017-06-29 11:56:04] ERROR:  [GET, /static/v1.0/plugins/toastr/toastr.min.js?v=1498737362, D:\work\server\lxh\app\kernel\Application.php(109)] [] []
[2017-06-29 11:56:04] ERROR:  [GET, /static/v1.0/js/bootstrap.min.js?v=1498737362, D:\work\server\lxh\app\kernel\Application.php(109)] [] []
[2017-06-29 11:56:04] ERROR:  [GET, /static/v1.0/js/jquery.core.js?v=1498737362, D:\work\server\lxh\app\kernel\Application.php(109)] [] []
[2017-06-29 11:56:04] ERROR:  [GET, /static/v1.0/plugins/parsleyjs/dist/parsley.min.js?v=1498737362, D:\work\server\lxh\app\kernel\Application.php(109)] [] []
[2017-06-29 11:56:04] ERROR:  [GET, /static/v1.0/js/container.js?v=1498737362, D:\work\server\lxh\app\kernel\Application.php(109)] [] []
[2017-06-29 11:56:04] ERROR:  [GET, /static/v1.0/plugins/toastr/toastr.min.js?v=1498737362, D:\work\server\lxh\app\kernel\Application.php(109)] [] []
[2017-06-29 11:56:04] ERROR:  [GET, /static/v1.0/js/bootstrap.min.js?v=1498737362, D:\work\server\lxh\app\kernel\Application.php(109)] [] []
[2017-06-29 11:56:04] ERROR:  [GET, /static/v1.0/plugins/toastr/toastr.min.css?v=1498737364, D:\work\server\lxh\app\kernel\Application.php(109)] [] []
[2017-06-29 11:56:04] ERROR:  [GET, /static/v1.0/css/icons.css?v=1498737364, D:\work\server\lxh\app\kernel\Application.php(109)] [] []
[2017-06-29 11:56:04] ERROR:  [GET, /static/v1.0/css/components.css?v=1498737364, D:\work\server\lxh\app\kernel\Application.php(109)] [] []
[2017-06-29 11:56:04] ERROR:  [GET, /static/v1.0/css/core.css?v=1498737364, D:\work\server\lxh\app\kernel\Application.php(109)] [] []
[2017-06-29 11:56:05] ERROR:  [GET, /static/v1.0/js/container.js?v=1498737364, D:\work\server\lxh\app\kernel\Application.php(109)] [] []
[2017-06-29 11:56:05] ERROR:  [GET, /static/v1.0/css/bootstrap.min.css?v=1498737364, D:\work\server\lxh\app\kernel\Application.php(109)] [] []
[2017-06-29 11:56:05] ERROR:  [GET, /static/v1.0/js/bootstrap.min.js?v=1498737364, D:\work\server\lxh\app\kernel\Application.php(109)] [] []
[2017-06-29 11:56:05] ERROR:  [GET, /static/v1.0/css/pages.css?v=1498737364, D:\work\server\lxh\app\kernel\Application.php(109)] [] []
[2017-06-29 11:56:05] ERROR:  [GET, /static/v1.0/js/jquery.core.js?v=1498737364, D:\work\server\lxh\app\kernel\Application.php(109)] [] []
[2017-06-29 11:56:05] ERROR:  [GET, /static/v1.0/js/jquery.min.js?v=1498737364, D:\work\server\lxh\app\kernel\Application.php(109)] [] []
[2017-06-29 11:56:05] ERROR:  [GET, /static/v1.0/plugins/parsleyjs/dist/parsley.min.js?v=1498737364, D:\work\server\lxh\app\kernel\Application.php(109)] [] []
[2017-06-29 11:56:05] ERROR:  [GET, /static/v1.0/plugins/toastr/toastr.min.js?v=1498737364, D:\work\server\lxh\app\kernel\Application.php(109)] [] []
[2017-06-29 11:56:05] ERROR:  [GET, /static/v1.0/js/container.js?v=1498737364, D:\work\server\lxh\app\kernel\Application.php(109)] [] []
[2017-06-29 11:56:05] ERROR:  [GET, /static/v1.0/plugins/toastr/toastr.min.js?v=1498737364, D:\work\server\lxh\app\kernel\Application.php(109)] [] []
[2017-06-29 11:56:05] ERROR:  [GET, /static/v1.0/js/bootstrap.min.js?v=1498737364, D:\work\server\lxh\app\kernel\Application.php(109)] [] []
[2017-06-29 11:56:05] ERROR:  [GET, /static/v1.0/js/jquery.core.js?v=1498737364, D:\work\server\lxh\app\kernel\Application.php(109)] [] []
[2017-06-29 11:56:06] ERROR:  [GET, /static/v1.0/images/favicon.ico, D:\work\server\lxh\app\kernel\Application.php(109)] [] []
[2017-06-29 11:56:08] ERROR:  [GET, /static/v1.0/plugins/toastr/toastr.min.css?v=1498737368, D:\work\server\lxh\app\kernel\Application.php(109)] [] []
[2017-06-29 11:56:08] ERROR:  [GET, /static/v1.0/css/core.css?v=1498737368, D:\work\server\lxh\app\kernel\Application.php(109)] [] []
[2017-06-29 11:56:08] ERROR:  [GET, /static/v1.0/css/bootstrap.min.css?v=1498737368, D:\work\server\lxh\app\kernel\Application.php(109)] [] []
[2017-06-29 11:56:08] ERROR:  [GET, /static/v1.0/css/components.css?v=1498737368, D:\work\server\lxh\app\kernel\Application.php(109)] [] []
[2017-06-29 11:56:08] ERROR:  [GET, /static/v1.0/css/icons.css?v=1498737368, D:\work\server\lxh\app\kernel\Application.php(109)] [] []
[2017-06-29 11:56:08] ERROR:  [GET, /static/v1.0/css/pages.css?v=1498737368, D:\work\server\lxh\app\kernel\Application.php(109)] [] []
[2017-06-29 11:56:08] ERROR:  [GET, /static/v1.0/js/jquery.min.js?v=1498737368, D:\work\server\lxh\app\kernel\Application.php(109)] [] []
[2017-06-29 11:56:09] ERROR:  [GET, /static/v1.0/plugins/parsleyjs/dist/parsley.min.js?v=1498737368, D:\work\server\lxh\app\kernel\Application.php(109)] [] []
[2017-06-29 11:56:09] ERROR:  [GET, /static/v1.0/js/container.js?v=1498737368, D:\work\server\lxh\app\kernel\Application.php(109)] [] []
[2017-06-29 11:56:09] ERROR:  [GET, /static/v1.0/plugins/toastr/toastr.min.js?v=1498737368, D:\work\server\lxh\app\kernel\Application.php(109)] [] []
[2017-06-29 11:56:09] ERROR:  [GET, /static/v1.0/js/bootstrap.min.js?v=1498737368, D:\work\server\lxh\app\kernel\Application.php(109)] [] []
[2017-06-29 11:56:09] ERROR:  [GET, /static/v1.0/js/jquery.core.js?v=1498737368, D:\work\server\lxh\app\kernel\Application.php(109)] [] []
[2017-06-29 11:56:41] ERROR:  [GET, /static/v1.0/css/bootstrap.min.css.map, D:\work\server\lxh\app\kernel\Application.php(109)] [] []
[2017-06-29 11:56:41] ERROR:  [GET, /static/v1.0/js/jquery.min.map, D:\work\server\lxh\app\kernel\Application.php(109)] [] []
[2017-06-29 11:56:44] ERROR:  [GET, /static/v1.0/js/jquery.min.map, D:\work\server\lxh\app\kernel\Application.php(109)] [] []
[2017-06-29 11:56:44] ERROR:  [GET, /static/v1.0/css/bootstrap.min.css.map, D:\work\server\lxh\app\kernel\Application.php(109)] [] []
[2017-06-29 11:56:46] ERROR:  [GET, /static/v1.0/js/jquery.min.map, D:\work\server\lxh\app\kernel\Application.php(109)] [] []
[2017-06-29 11:56:46] ERROR:  [GET, /static/v1.0/css/bootstrap.min.css.map, D:\work\server\lxh\app\kernel\Application.php(109)] [] []
[2017-06-29 11:56:47] ERROR:  [GET, /static/v1.0/js/jquery.min.map, D:\work\server\lxh\app\kernel\Application.php(109)] [] []
[2017-06-29 11:56:47] ERROR:  [GET, /static/v1.0/css/bootstrap.min.css.map, D:\work\server\lxh\app\kernel\Application.php(109)] [] []
[2017-06-29 11:57:17] ERROR:  [GET, /static/v1.0/js/jquery.min.map, D:\work\server\lxh\app\kernel\Application.php(109)] [] []
[2017-06-29 11:57:18] ERROR:  [GET, /static/v1.0/css/bootstrap.min.css.map, D:\work\server\lxh\app\kernel\Application.php(109)] [] []
[2017-06-29 12:03:57] ERROR:  [GET, /static/v1.0/js/jquery.min.map, D:\work\server\lxh\app\kernel\Application.php(109)] [] []
[2017-06-29 12:03:58] ERROR:  [GET, /static/v1.0/css/bootstrap.min.css.map, D:\work\server\lxh\app\kernel\Application.php(109)] [] []
[2017-06-29 12:04:09] ERROR: Rule 'name' has not been registered with Lxh\Helper\Valitron\Validator::addRule(). [POST, /api/User/action/Login, D:\work\server\lxh\app\kernel\Helper\Valitron\Validator.php(967)] [] []
[2017-06-29 12:04:25] ERROR:  [GET, /static/v1.0/js/jquery.min.map, D:\work\server\lxh\app\kernel\Application.php(109)] [] []
[2017-06-29 12:04:25] ERROR:  [GET, /static/v1.0/css/bootstrap.min.css.map, D:\work\server\lxh\app\kernel\Application.php(109)] [] []
[2017-06-29 12:04:30] ERROR: Rule 'username' has not been registered with Lxh\Helper\Valitron\Validator::addRule(). [POST, /api/User/action/Login, D:\work\server\lxh\app\kernel\Helper\Valitron\Validator.php(967)] [] []
[2017-06-29 12:04:46] ERROR:  [GET, /static/v1.0/js/jquery.min.map, D:\work\server\lxh\app\kernel\Application.php(109)] [] []
[2017-06-29 12:04:46] ERROR:  [GET, /static/v1.0/css/bootstrap.min.css.map, D:\work\server\lxh\app\kernel\Application.php(109)] [] []
[2017-06-29 12:05:37] ERROR: Rule 'username' has not been registered with Lxh\Helper\Valitron\Validator::addRule(). [POST, /api/User/action/Login, D:\work\server\lxh\app\kernel\Helper\Valitron\Validator.php(967)] [] []
[2017-06-29 13:52:35] ERROR:  [GET, /favicon.ico, D:\work\server\lxh\app\kernel\Application.php(109)] [] []
[2017-06-29 13:52:35] ERROR:  [GET, /static/v1.0/js/jquery.min.map, D:\work\server\lxh\app\kernel\Application.php(109)] [] []
[2017-06-29 13:52:35] ERROR:  [GET, /static/v1.0/css/bootstrap.min.css.map, D:\work\server\lxh\app\kernel\Application.php(109)] [] []
[2017-06-29 13:53:06] ERROR:  [GET, /static/v1.0/js/jquery.min.map, D:\work\server\lxh\app\kernel\Application.php(109)] [] []
[2017-06-29 13:53:06] ERROR:  [GET, /static/v1.0/css/bootstrap.min.css.map, D:\work\server\lxh\app\kernel\Application.php(109)] [] []
[2017-06-29 13:53:08] ERROR:  [GET, /static/v1.0/js/jquery.min.map, D:\work\server\lxh\app\kernel\Application.php(109)] [] []
[2017-06-29 13:53:09] ERROR:  [GET, /static/v1.0/css/bootstrap.min.css.map, D:\work\server\lxh\app\kernel\Application.php(109)] [] []
[2017-06-29 13:53:11] ERROR:  [GET, /static/v1.0/js/jquery.min.map, D:\work\server\lxh\app\kernel\Application.php(109)] [] []
[2017-06-29 13:53:12] ERROR:  [GET, /static/v1.0/css/bootstrap.min.css.map, D:\work\server\lxh\app\kernel\Application.php(109)] [] []
[2017-06-29 13:53:13] ERROR:  [GET, /static/v1.0/js/jquery.min.map, D:\work\server\lxh\app\kernel\Application.php(109)] [] []
[2017-06-29 13:53:14] ERROR:  [GET, /static/v1.0/css/bootstrap.min.css.map, D:\work\server\lxh\app\kernel\Application.php(109)] [] []
[2017-06-29 13:53:17] ERROR:  [GET, /static/v1.0/js/jquery.min.map, D:\work\server\lxh\app\kernel\Application.php(109)] [] []
[2017-06-29 13:53:17] ERROR:  [GET, /static/v1.0/css/bootstrap.min.css.map, D:\work\server\lxh\app\kernel\Application.php(109)] [] []
[2017-06-29 13:53:36] ERROR:  [GET, /static/v1.0/js/jquery.min.map, D:\work\server\lxh\app\kernel\Application.php(109)] [] []
[2017-06-29 13:53:36] ERROR:  [GET, /static/v1.0/css/bootstrap.min.css.map, D:\work\server\lxh\app\kernel\Application.php(109)] [] []
[2017-06-29 13:54:05] ERROR:  [GET, /static/v1.0/js/jquery.min.map, D:\work\server\lxh\app\kernel\Application.php(109)] [] []
[2017-06-29 13:54:05] ERROR:  [GET, /static/v1.0/css/bootstrap.min.css.map, D:\work\server\lxh\app\kernel\Application.php(109)] [] []
[2017-06-29 13:55:16] ERROR:  [GET, /static/v1.0/js/jquery.min.map, D:\work\server\lxh\app\kernel\Application.php(109)] [] []
[2017-06-29 13:55:16] ERROR:  [GET, /static/v1.0/css/bootstrap.min.css.map, D:\work\server\lxh\app\kernel\Application.php(109)] [] []
[2017-06-29 13:56:02] ERROR:  [GET, /static/v1.0/css/bootstrap.min.css.map, D:\work\server\lxh\app\kernel\Application.php(109)] [] []
[2017-06-29 13:56:03] ERROR:  [GET, /static/v1.0/js/jquery.min.map, D:\work\server\lxh\app\kernel\Application.php(109)] [] []
[2017-06-29 13:56:57] ERROR:  [GET, /static/v1.0/js/jquery.min.map, D:\work\server\lxh\app\kernel\Application.php(109)] [] []
[2017-06-29 13:56:57] ERROR:  [GET, /static/v1.0/css/bootstrap.min.css.map, D:\work\server\lxh\app\kernel\Application.php(109)] [] []
[2017-06-29 13:56:59] ERROR:  [GET, /static/v1.0/js/jquery.min.map, D:\work\server\lxh\app\kernel\Application.php(109)] [] []
[2017-06-29 13:56:59] ERROR:  [GET, /static/v1.0/css/bootstrap.min.css.map, D:\work\server\lxh\app\kernel\Application.php(109)] [] []
[2017-06-29 13:57:00] ERROR:  [GET, /static/v1.0/js/jquery.min.map, D:\work\server\lxh\app\kernel\Application.php(109)] [] []
[2017-06-29 13:57:00] ERROR:  [GET, /static/v1.0/css/bootstrap.min.css.map, D:\work\server\lxh\app\kernel\Application.php(109)] [] []
[2017-06-29 13:57:01] ERROR:  [GET, /static/v1.0/js/jquery.min.map, D:\work\server\lxh\app\kernel\Application.php(109)] [] []
[2017-06-29 13:57:01] ERROR:  [GET, /static/v1.0/css/bootstrap.min.css.map, D:\work\server\lxh\app\kernel\Application.php(109)] [] []
[2017-06-29 13:57:01] ERROR:  [GET, /static/v1.0/css/bootstrap.min.css.map, D:\work\server\lxh\app\kernel\Application.php(109)] [] []
[2017-06-29 13:57:02] ERROR:  [GET, /static/v1.0/js/jquery.min.map, D:\work\server\lxh\app\kernel\Application.php(109)] [] []
[2017-06-29 13:57:06] ERROR:  [GET, /static/v1.0/js/jquery.min.map, D:\work\server\lxh\app\kernel\Application.php(109)] [] []
[2017-06-29 13:57:06] ERROR:  [GET, /static/v1.0/css/bootstrap.min.css.map, D:\work\server\lxh\app\kernel\Application.php(109)] [] []
[2017-06-29 13:57:07] ERROR:  [GET, /static/v1.0/js/jquery.min.map, D:\work\server\lxh\app\kernel\Application.php(109)] [] []
[2017-06-29 13:57:07] ERROR:  [GET, /static/v1.0/css/bootstrap.min.css.map, D:\work\server\lxh\app\kernel\Application.php(109)] [] []
[2017-06-29 13:57:09] ERROR:  [GET, /static/v1.0/js/jquery.min.map, D:\work\server\lxh\app\kernel\Application.php(109)] [] []
[2017-06-29 13:57:09] ERROR:  [GET, /static/v1.0/css/bootstrap.min.css.map, D:\work\server\lxh\app\kernel\Application.php(109)] [] []
[2017-06-29 13:57:10] ERROR:  [GET, /static/v1.0/js/jquery.min.map, D:\work\server\lxh\app\kernel\Application.php(109)] [] []
[2017-06-29 13:57:11] ERROR:  [GET, /static/v1.0/css/bootstrap.min.css.map, D:\work\server\lxh\app\kernel\Application.php(109)] [] []
[2017-06-29 14:00:14] ERROR:  [GET, /static/v1.0/js/jquery.min.map, D:\work\server\lxh\app\kernel\Application.php(109)] [] []
[2017-06-29 14:00:14] ERROR:  [GET, /static/v1.0/css/bootstrap.min.css.map, D:\work\server\lxh\app\kernel\Application.php(109)] [] []
[2017-06-29 14:00:15] ERROR:  [GET, /static/v1.0/js/jquery.min.map, D:\work\server\lxh\app\kernel\Application.php(109)] [] []
[2017-06-29 14:00:15] ERROR:  [GET, /static/v1.0/css/bootstrap.min.css.map, D:\work\server\lxh\app\kernel\Application.php(109)] [] []
[2017-06-29 14:00:16] ERROR:  [GET, /static/v1.0/js/jquery.min.map, D:\work\server\lxh\app\kernel\Application.php(109)] [] []
[2017-06-29 14:00:16] ERROR:  [GET, /static/v1.0/css/bootstrap.min.css.map, D:\work\server\lxh\app\kernel\Application.php(109)] [] []
[2017-06-29 14:01:46] ERROR:  [GET, /static/v1.0/js/jquery.min.map, D:\work\server\lxh\app\kernel\Application.php(109)] [] []
[2017-06-29 14:01:47] ERROR:  [GET, /static/v1.0/css/bootstrap.min.css.map, D:\work\server\lxh\app\kernel\Application.php(109)] [] []
[2017-06-29 14:03:20] ERROR:  [GET, /static/v1.0/js/jquery.min.map, D:\work\server\lxh\app\kernel\Application.php(109)] [] []
[2017-06-29 14:03:20] ERROR:  [GET, /static/v1.0/css/bootstrap.min.css.map, D:\work\server\lxh\app\kernel\Application.php(109)] [] []
[2017-06-29 14:03:21] ERROR:  [GET, /static/v1.0/js/jquery.min.map, D:\work\server\lxh\app\kernel\Application.php(109)] [] []
[2017-06-29 14:03:21] ERROR:  [GET, /static/v1.0/css/bootstrap.min.css.map, D:\work\server\lxh\app\kernel\Application.php(109)] [] []
[2017-06-29 14:03:23] ERROR:  [GET, /static/v1.0/js/jquery.min.map, D:\work\server\lxh\app\kernel\Application.php(109)] [] []
[2017-06-29 14:03:23] ERROR:  [GET, /static/v1.0/css/bootstrap.min.css.map, D:\work\server\lxh\app\kernel\Application.php(109)] [] []
[2017-06-29 14:04:16] ERROR:  [GET, /static/v1.0/js/jquery.min.map, D:\work\server\lxh\app\kernel\Application.php(109)] [] []
[2017-06-29 14:04:16] ERROR:  [GET, /static/v1.0/css/bootstrap.min.css.map, D:\work\server\lxh\app\kernel\Application.php(109)] [] []
[2017-06-29 14:04:31] ERROR:  [GET, /static/v1.0/js/jquery.min.map, D:\work\server\lxh\app\kernel\Application.php(109)] [] []
[2017-06-29 14:04:31] ERROR:  [GET, /static/v1.0/css/bootstrap.min.css.map, D:\work\server\lxh\app\kernel\Application.php(109)] [] []
[2017-06-29 14:04:39] ERROR:  [GET, /static/v1.0/js/jquery.min.map, D:\work\server\lxh\app\kernel\Application.php(109)] [] []
[2017-06-29 14:04:39] ERROR:  [GET, /static/v1.0/css/bootstrap.min.css.map, D:\work\server\lxh\app\kernel\Application.php(109)] [] []
[2017-06-29 14:04:40] ERROR:  [GET, /static/v1.0/js/jquery.min.map, D:\work\server\lxh\app\kernel\Application.php(109)] [] []
[2017-06-29 14:04:40] ERROR:  [GET, /static/v1.0/css/bootstrap.min.css.map, D:\work\server\lxh\app\kernel\Application.php(109)] [] []
[2017-06-29 14:04:41] ERROR:  [GET, /static/v1.0/js/jquery.min.map, D:\work\server\lxh\app\kernel\Application.php(109)] [] []
[2017-06-29 14:04:41] ERROR:  [GET, /static/v1.0/css/bootstrap.min.css.map, D:\work\server\lxh\app\kernel\Application.php(109)] [] []
