[2017-06-27 05:46:05] ERROR: Controller 'Static' not exists. [GET, /static/plugins/morris/morris.css?v=1498542365, D:\work\server\lxh\app\kernel\MVC\ControllerManager.php(231)] [] []
[2017-06-27 05:46:05] ERROR: Controller 'Static' not exists. [GET, /static/css/bootstrap.min.css?v=1498542365, D:\work\server\lxh\app\kernel\MVC\ControllerManager.php(231)] [] []
[2017-06-27 05:46:05] ERROR: Controller 'Static' not exists. [GET, /static/css/components.css?v=1498542365, D:\work\server\lxh\app\kernel\MVC\ControllerManager.php(231)] [] []
[2017-06-27 05:46:05] ERROR: Controller 'Static' not exists. [GET, /static/css/responsive.css?v=1498542365, D:\work\server\lxh\app\kernel\MVC\ControllerManager.php(231)] [] []
[2017-06-27 05:46:05] ERROR: Controller 'Static' not exists. [GET, /static/css/core.css?v=1498542365, D:\work\server\lxh\app\kernel\MVC\ControllerManager.php(231)] [] []
[2017-06-27 05:46:05] ERROR: Controller 'Static' not exists. [GET, /static/css/icons.css?v=1498542365, D:\work\server\lxh\app\kernel\MVC\ControllerManager.php(231)] [] []
[2017-06-27 05:46:05] ERROR: Controller 'Static' not exists. [GET, /static/css/pages.css?v=1498542365, D:\work\server\lxh\app\kernel\MVC\ControllerManager.php(231)] [] []
[2017-06-27 05:46:05] ERROR: Controller 'Static' not exists. [GET, /static/css/menu.css?v=1498542365, D:\work\server\lxh\app\kernel\MVC\ControllerManager.php(231)] [] []
[2017-06-27 05:46:05] ERROR: Controller 'Static' not exists. [GET, /static/js/jquery.min.js?v=1498542365, D:\work\server\lxh\app\kernel\MVC\ControllerManager.php(231)] [] []
[2017-06-27 05:46:05] ERROR: Controller 'Static' not exists. [GET, /static/js/modernizr.min.js?v=1498542365, D:\work\server\lxh\app\kernel\MVC\ControllerManager.php(231)] [] []
[2017-06-27 05:46:05] ERROR: Controller 'Static' not exists. [GET, /static/js/bootstrap.min.js?v=1498542365, D:\work\server\lxh\app\kernel\MVC\ControllerManager.php(231)] [] []
[2017-06-27 05:46:05] ERROR: Controller 'Static' not exists. [GET, /static/js/detect.js?v=1498542365, D:\work\server\lxh\app\kernel\MVC\ControllerManager.php(231)] [] []
[2017-06-27 05:46:05] ERROR: Controller 'Static' not exists. [GET, /static/js/fastclick.js?v=1498542365, D:\work\server\lxh\app\kernel\MVC\ControllerManager.php(231)] [] []
[2017-06-27 05:46:06] ERROR: Controller 'Static' not exists. [GET, /static/js/jquery.blockUI.js?v=1498542365, D:\work\server\lxh\app\kernel\MVC\ControllerManager.php(231)] [] []
[2017-06-27 05:46:06] ERROR: Controller 'Static' not exists. [GET, /static/js/waves.js?v=1498542365, D:\work\server\lxh\app\kernel\MVC\ControllerManager.php(231)] [] []
[2017-06-27 05:46:06] ERROR: Controller 'Static' not exists. [GET, /static/js/jquery.nicescroll.js?v=1498542365, D:\work\server\lxh\app\kernel\MVC\ControllerManager.php(231)] [] []
[2017-06-27 05:46:06] ERROR: Controller 'Static' not exists. [GET, /static/js/jquery.slimscroll.js?v=1498542365, D:\work\server\lxh\app\kernel\MVC\ControllerManager.php(231)] [] []
[2017-06-27 05:46:06] ERROR: Controller 'Static' not exists. [GET, /static/plugins/jquery-knob/jquery.knob.js?v=1498542365, D:\work\server\lxh\app\kernel\MVC\ControllerManager.php(231)] [] []
[2017-06-27 05:46:06] ERROR: Controller 'Static' not exists. [GET, /static/js/jquery.scrollTo.min.js?v=1498542365, D:\work\server\lxh\app\kernel\MVC\ControllerManager.php(231)] [] []
[2017-06-27 05:46:06] ERROR: Controller 'Static' not exists. [GET, /static/plugins/morris/morris.min.js?v=1498542365, D:\work\server\lxh\app\kernel\MVC\ControllerManager.php(231)] [] []
[2017-06-27 05:46:06] ERROR: Controller 'Static' not exists. [GET, /static/js/jquery.slimscroll.js?v=1498542365, D:\work\server\lxh\app\kernel\MVC\ControllerManager.php(231)] [] []
[2017-06-27 05:46:06] ERROR: Controller 'Static' not exists. [GET, /static/plugins/raphael/raphael-min.js?v=1498542365, D:\work\server\lxh\app\kernel\MVC\ControllerManager.php(231)] [] []
[2017-06-27 05:46:06] ERROR: Controller 'Static' not exists. [GET, /static/pages/jquery.dashboard.js?v=1498542365, D:\work\server\lxh\app\kernel\MVC\ControllerManager.php(231)] [] []
[2017-06-27 05:46:06] ERROR: Controller 'Static' not exists. [GET, /static/js/jquery.core.js?v=1498542365, D:\work\server\lxh\app\kernel\MVC\ControllerManager.php(231)] [] []
[2017-06-27 05:46:06] ERROR: Controller 'Static' not exists. [GET, /static/js/jquery.scrollTo.min.js?v=1498542365, D:\work\server\lxh\app\kernel\MVC\ControllerManager.php(231)] [] []
[2017-06-27 05:46:06] ERROR: Controller 'Static' not exists. [GET, /static/js/jquery.app.js?v=1498542365, D:\work\server\lxh\app\kernel\MVC\ControllerManager.php(231)] [] []
[2017-06-27 05:46:06] ERROR: Controller 'Static' not exists. [GET, /static/plugins/jquery-knob/jquery.knob.js?v=1498542365, D:\work\server\lxh\app\kernel\MVC\ControllerManager.php(231)] [] []
[2017-06-27 05:46:06] ERROR: Controller 'Static' not exists. [GET, /static/plugins/morris/morris.min.js?v=1498542365, D:\work\server\lxh\app\kernel\MVC\ControllerManager.php(231)] [] []
[2017-06-27 05:46:06] ERROR: Controller 'Static' not exists. [GET, /static/plugins/raphael/raphael-min.js?v=1498542365, D:\work\server\lxh\app\kernel\MVC\ControllerManager.php(231)] [] []
[2017-06-27 05:46:06] ERROR: Controller 'Static' not exists. [GET, /static/pages/jquery.dashboard.js?v=1498542365, D:\work\server\lxh\app\kernel\MVC\ControllerManager.php(231)] [] []
[2017-06-27 05:46:07] ERROR: Controller 'Static' not exists. [GET, /static/js/jquery.core.js?v=1498542365, D:\work\server\lxh\app\kernel\MVC\ControllerManager.php(231)] [] []
[2017-06-27 05:46:07] ERROR: Controller 'Static' not exists. [GET, /static/js/jquery.app.js?v=1498542365, D:\work\server\lxh\app\kernel\MVC\ControllerManager.php(231)] [] []
[2017-06-27 05:46:07] ERROR: Controller 'Assets' not exists. [GET, /assets/images/favicon.ico, D:\work\server\lxh\app\kernel\MVC\ControllerManager.php(231)] [] []
[2017-06-27 05:46:17] ERROR: Controller 'Static' not exists. [GET, /static/plugins/morris/morris.css?v=1498542365, D:\work\server\lxh\app\kernel\MVC\ControllerManager.php(231)] [] []
[2017-06-27 08:58:05] ERROR: Controller 'Login' not exists. [GET, /Lxh/Login, D:\work\server\lxh\app\kernel\MVC\ControllerManager.php(239)] [] []
[2017-06-27 08:58:09] ERROR: Controller 'Login' not exists. [GET, /Lxh/Login, D:\work\server\lxh\app\kernel\MVC\ControllerManager.php(239)] [] []
[2017-06-27 08:58:24] ERROR:  [GET, /assets/images/users/avatar-4.jpg, D:\work\server\lxh\app\kernel\Application.php(109)] [] []
[2017-06-27 08:58:24] ERROR:  [GET, /assets/images/users/avatar-4.jpg, D:\work\server\lxh\app\kernel\Application.php(109)] [] []
[2017-06-27 08:58:24] ERROR:  [GET, /static/css/bootstrap.min.css.map, D:\work\server\lxh\app\kernel\Application.php(109)] [] []
[2017-06-27 08:58:25] ERROR:  [GET, /static/js/jquery.min.map, D:\work\server\lxh\app\kernel\Application.php(109)] [] []
[2017-06-27 08:58:28] ERROR:  [GET, /assets/images/users/avatar-4.jpg, D:\work\server\lxh\app\kernel\Application.php(109)] [] []
[2017-06-27 08:58:28] ERROR:  [GET, /assets/images/users/avatar-4.jpg, D:\work\server\lxh\app\kernel\Application.php(109)] [] []
[2017-06-27 08:58:29] ERROR:  [GET, /static/css/bootstrap.min.css.map, D:\work\server\lxh\app\kernel\Application.php(109)] [] []
[2017-06-27 08:58:29] ERROR:  [GET, /static/js/jquery.min.map, D:\work\server\lxh\app\kernel\Application.php(109)] [] []
[2017-06-27 08:58:33] ERROR:  [GET, /assets/images/users/avatar-4.jpg, D:\work\server\lxh\app\kernel\Application.php(109)] [] []
[2017-06-27 08:58:33] ERROR:  [GET, /static/css/bootstrap.min.css.map, D:\work\server\lxh\app\kernel\Application.php(109)] [] []
[2017-06-27 08:58:33] ERROR:  [GET, /static/js/jquery.min.map, D:\work\server\lxh\app\kernel\Application.php(109)] [] []
[2017-06-27 08:58:40] ERROR: Controller 'Login' not exists. [GET, /Lxh/Login, D:\work\server\lxh\app\kernel\MVC\ControllerManager.php(239)] [] []
[2017-06-27 08:58:42] ERROR: Controller 'Login' not exists. [GET, /Lxh/Login, D:\work\server\lxh\app\kernel\MVC\ControllerManager.php(239)] [] []
[2017-06-27 08:58:43] ERROR: Controller 'Login' not exists. [GET, /Lxh/Login, D:\work\server\lxh\app\kernel\MVC\ControllerManager.php(239)] [] []
[2017-06-27 08:59:23] ERROR: Controller 'Login' not exists. [GET, /Lxh/Login, D:\work\server\lxh\app\kernel\MVC\ControllerManager.php(239)] [] []
[2017-06-27 08:59:24] ERROR: Controller 'Login' not exists. [GET, /Lxh/Login, D:\work\server\lxh\app\kernel\MVC\ControllerManager.php(239)] [] []
[2017-06-27 09:01:24] ERROR: Controller 'Login' not exists. [GET, /Lxh/Login, D:\work\server\lxh\app\kernel\MVC\ControllerManager.php(239)] [] []
[2017-06-27 09:01:24] ERROR: Controller 'Login' not exists. [GET, /Lxh/Login, D:\work\server\lxh\app\kernel\MVC\ControllerManager.php(239)] [] []
[2017-06-27 09:01:25] ERROR: Controller 'Login' not exists. [GET, /Lxh/Login, D:\work\server\lxh\app\kernel\MVC\ControllerManager.php(239)] [] []
[2017-06-27 09:01:54] ERROR: Controller 'Lxh\Home\Controller\Login' not exists. [GET, /Lxh/Login, D:\work\server\lxh\app\kernel\MVC\ControllerManager.php(239)] [] []
[2017-06-27 10:29:02] ERROR:  [GET, /Lxh/assets/css/bootstrap.min.css, D:\work\server\lxh\app\kernel\Application.php(109)] [] []
[2017-06-27 10:29:02] ERROR:  [GET, /Lxh/assets/css/menu.css, D:\work\server\lxh\app\kernel\Application.php(109)] [] []
[2017-06-27 10:29:02] ERROR:  [GET, /Lxh/assets/css/core.css, D:\work\server\lxh\app\kernel\Application.php(109)] [] []
[2017-06-27 10:29:02] ERROR:  [GET, /Lxh/assets/css/components.css, D:\work\server\lxh\app\kernel\Application.php(109)] [] []
[2017-06-27 10:29:02] ERROR:  [GET, /Lxh/assets/css/icons.css, D:\work\server\lxh\app\kernel\Application.php(109)] [] []
[2017-06-27 10:29:03] ERROR:  [GET, /Lxh/assets/css/pages.css, D:\work\server\lxh\app\kernel\Application.php(109)] [] []
[2017-06-27 10:29:03] ERROR:  [GET, /Lxh/assets/css/responsive.css, D:\work\server\lxh\app\kernel\Application.php(109)] [] []
[2017-06-27 10:29:03] ERROR:  [GET, /Lxh/assets/js/modernizr.min.js, D:\work\server\lxh\app\kernel\Application.php(109)] [] []
[2017-06-27 10:29:03] ERROR:  [GET, /Lxh/assets/js/bootstrap.min.js, D:\work\server\lxh\app\kernel\Application.php(109)] [] []
[2017-06-27 10:29:03] ERROR:  [GET, /Lxh/assets/js/jquery.min.js, D:\work\server\lxh\app\kernel\Application.php(109)] [] []
[2017-06-27 10:29:03] ERROR:  [GET, /Lxh/assets/js/fastclick.js, D:\work\server\lxh\app\kernel\Application.php(109)] [] []
[2017-06-27 10:29:03] ERROR:  [GET, /Lxh/assets/js/jquery.slimscroll.js, D:\work\server\lxh\app\kernel\Application.php(109)] [] []
[2017-06-27 10:29:03] ERROR:  [GET, /Lxh/assets/js/detect.js, D:\work\server\lxh\app\kernel\Application.php(109)] [] []
[2017-06-27 10:29:03] ERROR:  [GET, /Lxh/assets/js/jquery.blockUI.js, D:\work\server\lxh\app\kernel\Application.php(109)] [] []
[2017-06-27 10:29:03] ERROR:  [GET, /Lxh/assets/js/waves.js, D:\work\server\lxh\app\kernel\Application.php(109)] [] []
[2017-06-27 10:29:03] ERROR:  [GET, /Lxh/assets/js/wow.min.js, D:\work\server\lxh\app\kernel\Application.php(109)] [] []
[2017-06-27 10:29:03] ERROR:  [GET, /Lxh/assets/js/jquery.nicescroll.js, D:\work\server\lxh\app\kernel\Application.php(109)] [] []
[2017-06-27 10:29:03] ERROR:  [GET, /Lxh/assets/js/jquery.scrollTo.min.js, D:\work\server\lxh\app\kernel\Application.php(109)] [] []
[2017-06-27 10:29:03] ERROR:  [GET, /Lxh/assets/js/jquery.core.js, D:\work\server\lxh\app\kernel\Application.php(109)] [] []
[2017-06-27 10:29:04] ERROR:  [GET, /Lxh/assets/js/jquery.app.js, D:\work\server\lxh\app\kernel\Application.php(109)] [] []
[2017-06-27 10:29:04] ERROR:  [GET, /Lxh/assets/js/bootstrap.min.js, D:\work\server\lxh\app\kernel\Application.php(109)] [] []
[2017-06-27 10:29:04] ERROR:  [GET, /Lxh/assets/js/detect.js, D:\work\server\lxh\app\kernel\Application.php(109)] [] []
[2017-06-27 10:29:04] ERROR:  [GET, /Lxh/assets/js/fastclick.js, D:\work\server\lxh\app\kernel\Application.php(109)] [] []
[2017-06-27 10:29:04] ERROR:  [GET, /Lxh/assets/js/jquery.slimscroll.js, D:\work\server\lxh\app\kernel\Application.php(109)] [] []
[2017-06-27 10:29:04] ERROR:  [GET, /Lxh/assets/js/jquery.blockUI.js, D:\work\server\lxh\app\kernel\Application.php(109)] [] []
[2017-06-27 10:29:04] ERROR:  [GET, /Lxh/assets/js/waves.js, D:\work\server\lxh\app\kernel\Application.php(109)] [] []
[2017-06-27 10:29:04] ERROR:  [GET, /Lxh/assets/js/wow.min.js, D:\work\server\lxh\app\kernel\Application.php(109)] [] []
[2017-06-27 10:29:04] ERROR:  [GET, /Lxh/assets/js/jquery.nicescroll.js, D:\work\server\lxh\app\kernel\Application.php(109)] [] []
[2017-06-27 10:29:05] ERROR:  [GET, /Lxh/assets/js/jquery.scrollTo.min.js, D:\work\server\lxh\app\kernel\Application.php(109)] [] []
[2017-06-27 10:29:05] ERROR:  [GET, /Lxh/assets/js/jquery.core.js, D:\work\server\lxh\app\kernel\Application.php(109)] [] []
[2017-06-27 10:29:05] ERROR:  [GET, /Lxh/assets/js/jquery.app.js, D:\work\server\lxh\app\kernel\Application.php(109)] [] []
[2017-06-27 10:29:05] ERROR:  [GET, /Lxh/assets/images/favicon.ico, D:\work\server\lxh\app\kernel\Application.php(109)] [] []
[2017-06-27 10:33:49] ERROR:  [GET, /Lxh/assets/css/bootstrap.min.css, D:\work\server\lxh\app\kernel\Application.php(109)] [] []
[2017-06-27 10:33:49] ERROR:  [GET, /Lxh/assets/css/core.css, D:\work\server\lxh\app\kernel\Application.php(109)] [] []
[2017-06-27 10:33:49] ERROR:  [GET, /Lxh/assets/css/components.css, D:\work\server\lxh\app\kernel\Application.php(109)] [] []
[2017-06-27 10:33:49] ERROR:  [GET, /Lxh/assets/css/icons.css, D:\work\server\lxh\app\kernel\Application.php(109)] [] []
[2017-06-27 10:33:49] ERROR:  [GET, /Lxh/assets/css/pages.css, D:\work\server\lxh\app\kernel\Application.php(109)] [] []
[2017-06-27 10:33:50] ERROR:  [GET, /Lxh/assets/css/menu.css, D:\work\server\lxh\app\kernel\Application.php(109)] [] []
[2017-06-27 10:33:50] ERROR:  [GET, /Lxh/assets/css/responsive.css, D:\work\server\lxh\app\kernel\Application.php(109)] [] []
[2017-06-27 10:33:50] ERROR:  [GET, /Lxh/assets/js/modernizr.min.js, D:\work\server\lxh\app\kernel\Application.php(109)] [] []
[2017-06-27 10:33:50] ERROR:  [GET, /Lxh/assets/js/jquery.min.js, D:\work\server\lxh\app\kernel\Application.php(109)] [] []
[2017-06-27 10:33:50] ERROR:  [GET, /Lxh/assets/js/bootstrap.min.js, D:\work\server\lxh\app\kernel\Application.php(109)] [] []
[2017-06-27 10:33:50] ERROR:  [GET, /Lxh/assets/js/detect.js, D:\work\server\lxh\app\kernel\Application.php(109)] [] []
[2017-06-27 10:33:50] ERROR:  [GET, /Lxh/assets/js/fastclick.js, D:\work\server\lxh\app\kernel\Application.php(109)] [] []
[2017-06-27 10:33:50] ERROR:  [GET, /Lxh/assets/js/jquery.slimscroll.js, D:\work\server\lxh\app\kernel\Application.php(109)] [] []
[2017-06-27 10:33:50] ERROR:  [GET, /Lxh/assets/js/jquery.blockUI.js, D:\work\server\lxh\app\kernel\Application.php(109)] [] []
[2017-06-27 10:33:50] ERROR:  [GET, /Lxh/assets/js/waves.js, D:\work\server\lxh\app\kernel\Application.php(109)] [] []
[2017-06-27 10:33:50] ERROR:  [GET, /Lxh/assets/js/jquery.core.js, D:\work\server\lxh\app\kernel\Application.php(109)] [] []
[2017-06-27 10:33:50] ERROR:  [GET, /Lxh/assets/js/wow.min.js, D:\work\server\lxh\app\kernel\Application.php(109)] [] []
[2017-06-27 10:33:50] ERROR:  [GET, /Lxh/assets/js/jquery.nicescroll.js, D:\work\server\lxh\app\kernel\Application.php(109)] [] []
[2017-06-27 10:33:50] ERROR:  [GET, /Lxh/assets/js/jquery.scrollTo.min.js, D:\work\server\lxh\app\kernel\Application.php(109)] [] []
[2017-06-27 10:33:51] ERROR:  [GET, /Lxh/assets/js/jquery.app.js, D:\work\server\lxh\app\kernel\Application.php(109)] [] []
[2017-06-27 10:33:51] ERROR:  [GET, /Lxh/assets/js/jquery.core.js, D:\work\server\lxh\app\kernel\Application.php(109)] [] []
[2017-06-27 11:17:53] ERROR:  [GET, /static/css/bootstrap.min.css.map, D:\work\server\lxh\app\kernel\Application.php(109)] [] []
[2017-06-27 11:18:00] ERROR:  [GET, /static/css/bootstrap.min.css.map, D:\work\server\lxh\app\kernel\Application.php(109)] [] []
[2017-06-27 11:18:01] ERROR:  [GET, /static/css/bootstrap.min.css.map, D:\work\server\lxh\app\kernel\Application.php(109)] [] []
[2017-06-27 11:18:02] ERROR:  [GET, /static/css/bootstrap.min.css.map, D:\work\server\lxh\app\kernel\Application.php(109)] [] []
[2017-06-27 11:18:05] ERROR:  [GET, /static/css/bootstrap.min.css.map, D:\work\server\lxh\app\kernel\Application.php(109)] [] []
[2017-06-27 11:18:15] ERROR:  [GET, /static/css/bootstrap.min.css.map, D:\work\server\lxh\app\kernel\Application.php(109)] [] []
[2017-06-27 11:18:22] ERROR:  [GET, /static/css/bootstrap.min.css.map, D:\work\server\lxh\app\kernel\Application.php(109)] [] []
[2017-06-27 11:18:58] ERROR:  [GET, /static/css/bootstrap.min.css.map, D:\work\server\lxh\app\kernel\Application.php(109)] [] []
[2017-06-27 11:18:59] ERROR:  [GET, /static/css/bootstrap.min.css.map, D:\work\server\lxh\app\kernel\Application.php(109)] [] []
[2017-06-27 11:19:04] ERROR:  [GET, /static/css/bootstrap.min.css.map, D:\work\server\lxh\app\kernel\Application.php(109)] [] []
[2017-06-27 11:19:11] ERROR:  [GET, /static/css/bootstrap.min.css.map, D:\work\server\lxh\app\kernel\Application.php(109)] [] []
[2017-06-27 11:19:11] ERROR:  [GET, /static/css/bootstrap.min.css.map, D:\work\server\lxh\app\kernel\Application.php(109)] [] []
[2017-06-27 11:19:18] ERROR:  [GET, /static/css/bootstrap.min.css.map, D:\work\server\lxh\app\kernel\Application.php(109)] [] []
[2017-06-27 11:19:19] ERROR:  [GET, /static/css/bootstrap.min.css.map, D:\work\server\lxh\app\kernel\Application.php(109)] [] []
[2017-06-27 11:19:28] ERROR:  [GET, /static/css/bootstrap.min.css.map, D:\work\server\lxh\app\kernel\Application.php(109)] [] []
[2017-06-27 11:19:36] ERROR:  [GET, /static/css/bootstrap.min.css.map, D:\work\server\lxh\app\kernel\Application.php(109)] [] []
[2017-06-27 11:19:36] ERROR:  [GET, /static/css/bootstrap.min.css.map, D:\work\server\lxh\app\kernel\Application.php(109)] [] []
[2017-06-27 11:19:37] ERROR:  [GET, /static/css/bootstrap.min.css.map, D:\work\server\lxh\app\kernel\Application.php(109)] [] []
[2017-06-27 11:19:38] ERROR:  [GET, /static/css/bootstrap.min.css.map, D:\work\server\lxh\app\kernel\Application.php(109)] [] []
[2017-06-27 11:20:20] ERROR:  [GET, /static/js/jquery.min.map, D:\work\server\lxh\app\kernel\Application.php(109)] [] []
[2017-06-27 11:20:20] ERROR:  [GET, /static/css/bootstrap.min.css.map, D:\work\server\lxh\app\kernel\Application.php(109)] [] []
[2017-06-27 11:20:21] ERROR:  [GET, /static/js/jquery.min.map, D:\work\server\lxh\app\kernel\Application.php(109)] [] []
[2017-06-27 11:20:21] ERROR:  [GET, /static/css/bootstrap.min.css.map, D:\work\server\lxh\app\kernel\Application.php(109)] [] []
[2017-06-27 11:20:35] ERROR:  [GET, /static/js/jquery.min.map, D:\work\server\lxh\app\kernel\Application.php(109)] [] []
[2017-06-27 11:20:35] ERROR:  [GET, /static/css/bootstrap.min.css.map, D:\work\server\lxh\app\kernel\Application.php(109)] [] []
[2017-06-27 11:20:37] ERROR:  [GET, /static/css/bootstrap.min.css.map, D:\work\server\lxh\app\kernel\Application.php(109)] [] []
[2017-06-27 11:20:37] ERROR:  [GET, /static/js/jquery.min.map, D:\work\server\lxh\app\kernel\Application.php(109)] [] []
[2017-06-27 11:20:51] ERROR:  [GET, /static/js/jquery.min.map, D:\work\server\lxh\app\kernel\Application.php(109)] [] []
[2017-06-27 11:20:51] ERROR:  [GET, /static/css/bootstrap.min.css.map, D:\work\server\lxh\app\kernel\Application.php(109)] [] []
[2017-06-27 11:20:51] ERROR:  [GET, /static/js/jquery.min.map, D:\work\server\lxh\app\kernel\Application.php(109)] [] []
[2017-06-27 11:20:52] ERROR:  [GET, /static/css/bootstrap.min.css.map, D:\work\server\lxh\app\kernel\Application.php(109)] [] []
[2017-06-27 11:20:56] ERROR: Controller 'Lxh\Admin\Controller\Lxh' not exists. [GET, /Lxh/index.html, D:\work\server\lxh\app\kernel\MVC\ControllerManager.php(239)] [] []
[2017-06-27 11:20:58] ERROR:  [GET, /static/js/jquery.min.map, D:\work\server\lxh\app\kernel\Application.php(109)] [] []
[2017-06-27 11:20:58] ERROR:  [GET, /static/css/bootstrap.min.css.map, D:\work\server\lxh\app\kernel\Application.php(109)] [] []
[2017-06-27 11:21:12] ERROR:  [GET, /static/css/bootstrap.min.css.map, D:\work\server\lxh\app\kernel\Application.php(109)] [] []
[2017-06-27 11:21:12] ERROR:  [GET, /static/js/jquery.min.map, D:\work\server\lxh\app\kernel\Application.php(109)] [] []
[2017-06-27 11:21:13] ERROR:  [GET, /static/js/jquery.min.map, D:\work\server\lxh\app\kernel\Application.php(109)] [] []
[2017-06-27 11:21:13] ERROR:  [GET, /static/css/bootstrap.min.css.map, D:\work\server\lxh\app\kernel\Application.php(109)] [] []
[2017-06-27 11:21:30] ERROR:  [GET, /static/js/jquery.min.map, D:\work\server\lxh\app\kernel\Application.php(109)] [] []
[2017-06-27 11:21:30] ERROR:  [GET, /static/css/bootstrap.min.css.map, D:\work\server\lxh\app\kernel\Application.php(109)] [] []
[2017-06-27 11:21:31] ERROR:  [GET, /static/js/jquery.min.map, D:\work\server\lxh\app\kernel\Application.php(109)] [] []
[2017-06-27 11:21:31] ERROR:  [GET, /static/css/bootstrap.min.css.map, D:\work\server\lxh\app\kernel\Application.php(109)] [] []
[2017-06-27 11:21:33] ERROR:  [GET, /static/js/jquery.min.map, D:\work\server\lxh\app\kernel\Application.php(109)] [] []
[2017-06-27 11:21:33] ERROR:  [GET, /static/css/bootstrap.min.css.map, D:\work\server\lxh\app\kernel\Application.php(109)] [] []
[2017-06-27 11:21:35] ERROR:  [GET, /static/js/jquery.min.map, D:\work\server\lxh\app\kernel\Application.php(109)] [] []
[2017-06-27 11:21:35] ERROR:  [GET, /static/css/bootstrap.min.css.map, D:\work\server\lxh\app\kernel\Application.php(109)] [] []
[2017-06-27 11:22:05] ERROR:  [GET, /static/js/jquery.min.map, D:\work\server\lxh\app\kernel\Application.php(109)] [] []
[2017-06-27 11:22:05] ERROR:  [GET, /static/css/bootstrap.min.css.map, D:\work\server\lxh\app\kernel\Application.php(109)] [] []
[2017-06-27 11:46:13] ERROR:  [GET, /static/js/jquery.min.map, D:\work\server\lxh\app\kernel\Application.php(109)] [] []
[2017-06-27 11:46:13] ERROR:  [GET, /static/css/bootstrap.min.css.map, D:\work\server\lxh\app\kernel\Application.php(109)] [] []
[2017-06-27 11:46:15] ERROR:  [GET, /static/js/jquery.min.map, D:\work\server\lxh\app\kernel\Application.php(109)] [] []
[2017-06-27 11:46:16] ERROR:  [GET, /static/css/bootstrap.min.css.map, D:\work\server\lxh\app\kernel\Application.php(109)] [] []
[2017-06-27 12:00:55] ERROR:  [GET, /static/js/jquery.min.map, D:\work\server\lxh\app\kernel\Application.php(109)] [] []
[2017-06-27 12:00:55] ERROR:  [GET, /static/css/bootstrap.min.css.map, D:\work\server\lxh\app\kernel\Application.php(109)] [] []
[2017-06-27 12:00:56] ERROR:  [GET, /static/js/jquery.min.map, D:\work\server\lxh\app\kernel\Application.php(109)] [] []
[2017-06-27 12:00:56] ERROR:  [GET, /static/css/bootstrap.min.css.map, D:\work\server\lxh\app\kernel\Application.php(109)] [] []
[2017-06-27 12:20:57] ERROR:  [GET, /static/js/jquery.min.map, D:\work\server\lxh\app\kernel\Application.php(109)] [] []
[2017-06-27 12:20:57] ERROR:  [GET, /static/css/bootstrap.min.css.map, D:\work\server\lxh\app\kernel\Application.php(109)] [] []
[2017-06-27 12:21:16] ERROR:  [GET, /static/js/jquery.min.map, D:\work\server\lxh\app\kernel\Application.php(109)] [] []
[2017-06-27 12:21:16] ERROR:  [GET, /static/css/bootstrap.min.css.map, D:\work\server\lxh\app\kernel\Application.php(109)] [] []
[2017-06-27 12:21:43] ERROR:  [GET, /static/js/jquery.min.map, D:\work\server\lxh\app\kernel\Application.php(109)] [] []
[2017-06-27 12:21:43] ERROR:  [GET, /static/css/bootstrap.min.css.map, D:\work\server\lxh\app\kernel\Application.php(109)] [] []
[2017-06-27 12:22:11] ERROR:  [GET, /static/js/jquery.min.map, D:\work\server\lxh\app\kernel\Application.php(109)] [] []
[2017-06-27 12:22:11] ERROR:  [GET, /static/css/bootstrap.min.css.map, D:\work\server\lxh\app\kernel\Application.php(109)] [] []
[2017-06-27 12:22:25] ERROR:  [GET, /static/js/jquery.min.map, D:\work\server\lxh\app\kernel\Application.php(109)] [] []
[2017-06-27 12:22:25] ERROR:  [GET, /static/css/bootstrap.min.css.map, D:\work\server\lxh\app\kernel\Application.php(109)] [] []
[2017-06-27 12:22:34] ERROR:  [GET, /static/js/jquery.min.map, D:\work\server\lxh\app\kernel\Application.php(109)] [] []
[2017-06-27 12:22:34] ERROR:  [GET, /static/css/bootstrap.min.css.map, D:\work\server\lxh\app\kernel\Application.php(109)] [] []
[2017-06-27 12:22:38] ERROR:  [GET, /static/js/jquery.min.map, D:\work\server\lxh\app\kernel\Application.php(109)] [] []
[2017-06-27 12:22:38] ERROR:  [GET, /static/css/bootstrap.min.css.map, D:\work\server\lxh\app\kernel\Application.php(109)] [] []
[2017-06-27 12:24:14] ERROR:  [GET, /static/js/jquery.min.map, D:\work\server\lxh\app\kernel\Application.php(109)] [] []
[2017-06-27 12:24:14] ERROR:  [GET, /static/css/bootstrap.min.css.map, D:\work\server\lxh\app\kernel\Application.php(109)] [] []
[2017-06-27 12:27:50] ERROR:  [GET, /static/js/jquery.min.map, D:\work\server\lxh\app\kernel\Application.php(109)] [] []
[2017-06-27 12:27:50] ERROR:  [GET, /static/css/bootstrap.min.css.map, D:\work\server\lxh\app\kernel\Application.php(109)] [] []
[2017-06-27 12:29:09] ERROR:  [GET, /static/css/bootstrap.min.css.map, D:\work\server\lxh\app\kernel\Application.php(109)] [] []
[2017-06-27 12:29:09] ERROR:  [GET, /static/js/jquery.min.map, D:\work\server\lxh\app\kernel\Application.php(109)] [] []
[2017-06-27 12:36:27] ERROR:  [GET, /static/js/jquery.min.map, D:\work\server\lxh\app\kernel\Application.php(109)] [] []
[2017-06-27 12:36:27] ERROR:  [GET, /static/css/bootstrap.min.css.map, D:\work\server\lxh\app\kernel\Application.php(109)] [] []
[2017-06-27 12:38:59] ERROR:  [GET, /static/js/jquery.min.map, D:\work\server\lxh\app\kernel\Application.php(109)] [] []
[2017-06-27 12:39:00] ERROR:  [GET, /static/css/bootstrap.min.css.map, D:\work\server\lxh\app\kernel\Application.php(109)] [] []
[2017-06-27 12:41:53] ERROR:  [GET, /static/js/jquery.min.map, D:\work\server\lxh\app\kernel\Application.php(109)] [] []
[2017-06-27 12:41:53] ERROR:  [GET, /static/css/bootstrap.min.css.map, D:\work\server\lxh\app\kernel\Application.php(109)] [] []
[2017-06-27 12:42:14] ERROR:  [GET, /static/js/jquery.min.map, D:\work\server\lxh\app\kernel\Application.php(109)] [] []
[2017-06-27 12:42:14] ERROR:  [GET, /static/css/bootstrap.min.css.map, D:\work\server\lxh\app\kernel\Application.php(109)] [] []
[2017-06-27 12:46:07] ERROR:  [GET, /static/js/jquery.min.map, D:\work\server\lxh\app\kernel\Application.php(109)] [] []
[2017-06-27 12:46:07] ERROR:  [GET, /static/css/bootstrap.min.css.map, D:\work\server\lxh\app\kernel\Application.php(109)] [] []
[2017-06-27 12:46:26] ERROR:  [GET, /static/js/jquery.min.map, D:\work\server\lxh\app\kernel\Application.php(109)] [] []
[2017-06-27 12:46:26] ERROR:  [GET, /static/css/bootstrap.min.css.map, D:\work\server\lxh\app\kernel\Application.php(109)] [] []
[2017-06-27 13:34:28] ERROR:  [GET, /static/css/bootstrap.min.css.map, D:\work\server\lxh\app\kernel\Application.php(109)] [] []
[2017-06-27 13:34:28] ERROR:  [GET, /static/js/jquery.min.map, D:\work\server\lxh\app\kernel\Application.php(109)] [] []
[2017-06-27 13:35:06] ERROR:  [GET, /static/js/jquery.min.map, D:\work\server\lxh\app\kernel\Application.php(109)] [] []
[2017-06-27 13:35:06] ERROR:  [GET, /static/css/bootstrap.min.css.map, D:\work\server\lxh\app\kernel\Application.php(109)] [] []
[2017-06-27 13:35:34] ERROR:  [GET, /static/js/jquery.min.map, D:\work\server\lxh\app\kernel\Application.php(109)] [] []
[2017-06-27 13:35:34] ERROR:  [GET, /static/css/bootstrap.min.css.map, D:\work\server\lxh\app\kernel\Application.php(109)] [] []
[2017-06-27 13:36:48] ERROR:  [GET, /static/js/jquery.min.map, D:\work\server\lxh\app\kernel\Application.php(109)] [] []
[2017-06-27 13:36:48] ERROR:  [GET, /static/css/bootstrap.min.css.map, D:\work\server\lxh\app\kernel\Application.php(109)] [] []
[2017-06-27 13:37:20] ERROR:  [GET, /static/js/jquery.min.map, D:\work\server\lxh\app\kernel\Application.php(109)] [] []
[2017-06-27 13:37:21] ERROR:  [GET, /static/css/bootstrap.min.css.map, D:\work\server\lxh\app\kernel\Application.php(109)] [] []
[2017-06-27 13:37:43] ERROR:  [GET, /static/js/jquery.min.map, D:\work\server\lxh\app\kernel\Application.php(109)] [] []
[2017-06-27 13:37:43] ERROR:  [GET, /static/css/bootstrap.min.css.map, D:\work\server\lxh\app\kernel\Application.php(109)] [] []
[2017-06-27 13:38:13] ERROR:  [GET, /static/js/jquery.min.map, D:\work\server\lxh\app\kernel\Application.php(109)] [] []
[2017-06-27 13:38:13] ERROR:  [GET, /static/css/bootstrap.min.css.map, D:\work\server\lxh\app\kernel\Application.php(109)] [] []
[2017-06-27 13:41:26] ERROR:  [GET, /static/js/jquery.min.map, D:\work\server\lxh\app\kernel\Application.php(109)] [] []
[2017-06-27 13:41:26] ERROR:  [GET, /static/css/bootstrap.min.css.map, D:\work\server\lxh\app\kernel\Application.php(109)] [] []
[2017-06-27 13:43:05] ERROR:  [GET, /static/js/jquery.min.map, D:\work\server\lxh\app\kernel\Application.php(109)] [] []
[2017-06-27 13:43:05] ERROR:  [GET, /static/css/bootstrap.min.css.map, D:\work\server\lxh\app\kernel\Application.php(109)] [] []
[2017-06-27 13:43:32] ERROR:  [GET, /static/js/jquery.min.map, D:\work\server\lxh\app\kernel\Application.php(109)] [] []
[2017-06-27 13:43:32] ERROR:  [GET, /static/css/bootstrap.min.css.map, D:\work\server\lxh\app\kernel\Application.php(109)] [] []
[2017-06-27 13:44:41] ERROR:  [GET, /static/js/jquery.min.map, D:\work\server\lxh\app\kernel\Application.php(109)] [] []
[2017-06-27 13:44:41] ERROR:  [GET, /static/css/bootstrap.min.css.map, D:\work\server\lxh\app\kernel\Application.php(109)] [] []
[2017-06-27 13:45:14] ERROR:  [GET, /static/js/jquery.min.map, D:\work\server\lxh\app\kernel\Application.php(109)] [] []
[2017-06-27 13:45:15] ERROR:  [GET, /static/css/bootstrap.min.css.map, D:\work\server\lxh\app\kernel\Application.php(109)] [] []
[2017-06-27 13:46:04] ERROR:  [GET, /static/js/jquery.min.map, D:\work\server\lxh\app\kernel\Application.php(109)] [] []
[2017-06-27 13:46:04] ERROR:  [GET, /static/css/bootstrap.min.css.map, D:\work\server\lxh\app\kernel\Application.php(109)] [] []
[2017-06-27 13:46:04] ERROR:  [GET, /static/js/jquery.min.map, D:\work\server\lxh\app\kernel\Application.php(109)] [] []
[2017-06-27 13:46:04] ERROR:  [GET, /static/css/bootstrap.min.css.map, D:\work\server\lxh\app\kernel\Application.php(109)] [] []
[2017-06-27 13:47:37] ERROR:  [GET, /static/js/jquery.min.map, D:\work\server\lxh\app\kernel\Application.php(109)] [] []
[2017-06-27 13:47:37] ERROR:  [GET, /static/css/bootstrap.min.css.map, D:\work\server\lxh\app\kernel\Application.php(109)] [] []
[2017-06-27 13:48:08] ERROR:  [GET, /static/js/jquery.min.map, D:\work\server\lxh\app\kernel\Application.php(109)] [] []
[2017-06-27 13:48:08] ERROR:  [GET, /static/css/bootstrap.min.css.map, D:\work\server\lxh\app\kernel\Application.php(109)] [] []
[2017-06-27 13:50:14] ERROR:  [GET, /static/js/jquery.min.map, D:\work\server\lxh\app\kernel\Application.php(109)] [] []
[2017-06-27 13:50:14] ERROR:  [GET, /static/css/bootstrap.min.css.map, D:\work\server\lxh\app\kernel\Application.php(109)] [] []
[2017-06-27 13:50:30] ERROR:  [GET, /static/js/jquery.min.map, D:\work\server\lxh\app\kernel\Application.php(109)] [] []
[2017-06-27 13:50:30] ERROR:  [GET, /static/css/bootstrap.min.css.map, D:\work\server\lxh\app\kernel\Application.php(109)] [] []
[2017-06-27 13:50:31] ERROR:  [GET, /static/css/bootstrap.min.css.map, D:\work\server\lxh\app\kernel\Application.php(109)] [] []
[2017-06-27 13:50:31] ERROR:  [GET, /static/js/jquery.min.map, D:\work\server\lxh\app\kernel\Application.php(109)] [] []
[2017-06-27 13:51:20] ERROR:  [GET, /static/js/jquery.min.map, D:\work\server\lxh\app\kernel\Application.php(109)] [] []
[2017-06-27 13:51:20] ERROR:  [GET, /static/css/bootstrap.min.css.map, D:\work\server\lxh\app\kernel\Application.php(109)] [] []
[2017-06-27 13:51:37] ERROR:  [GET, /static/js/jquery.min.map, D:\work\server\lxh\app\kernel\Application.php(109)] [] []
[2017-06-27 13:51:37] ERROR:  [GET, /static/css/bootstrap.min.css.map, D:\work\server\lxh\app\kernel\Application.php(109)] [] []
[2017-06-27 13:52:08] ERROR:  [GET, /static/js/jquery.min.map, D:\work\server\lxh\app\kernel\Application.php(109)] [] []
[2017-06-27 13:52:08] ERROR:  [GET, /static/css/bootstrap.min.css.map, D:\work\server\lxh\app\kernel\Application.php(109)] [] []
[2017-06-27 13:52:35] ERROR:  [GET, /static/js/jquery.min.map, D:\work\server\lxh\app\kernel\Application.php(109)] [] []
[2017-06-27 13:52:35] ERROR:  [GET, /static/css/bootstrap.min.css.map, D:\work\server\lxh\app\kernel\Application.php(109)] [] []
[2017-06-27 13:53:02] ERROR:  [GET, /static/js/jquery.min.map, D:\work\server\lxh\app\kernel\Application.php(109)] [] []
[2017-06-27 13:53:02] ERROR:  [GET, /static/css/bootstrap.min.css.map, D:\work\server\lxh\app\kernel\Application.php(109)] [] []
