[2017-06-30 00:41:28] ERROR:  [GET, /static/v1.0/js/jquery.min.map, D:\work\server\lxh\app\kernel\Application.php(109)] [] []
[2017-06-30 00:41:28] ERROR:  [GET, /static/v1.0/css/bootstrap.min.css.map, D:\work\server\lxh\app\kernel\Application.php(109)] [] []
[2017-06-30 00:45:23] ERROR:  [GET, /static/v1.0/js/jquery.min.map, D:\work\server\lxh\app\kernel\Application.php(109)] [] []
[2017-06-30 00:45:23] ERROR:  [GET, /static/v1.0/css/bootstrap.min.css.map, D:\work\server\lxh\app\kernel\Application.php(109)] [] []
[2017-06-30 00:45:27] ERROR:  [GET, /static/v1.0/css/bootstrap.min.css.map, D:\work\server\lxh\app\kernel\Application.php(109)] [] []
[2017-06-30 00:45:27] ERROR:  [GET, /static/v1.0/js/jquery.min.map, D:\work\server\lxh\app\kernel\Application.php(109)] [] []
[2017-06-30 00:45:33] ERROR:  [GET, /static/v1.0/js/jquery.min.map, D:\work\server\lxh\app\kernel\Application.php(109)] [] []
[2017-06-30 00:45:33] ERROR:  [GET, /static/v1.0/css/bootstrap.min.css.map, D:\work\server\lxh\app\kernel\Application.php(109)] [] []
[2017-06-30 00:45:52] ERROR:  [GET, /static/v1.0/js/jquery.min.map, D:\work\server\lxh\app\kernel\Application.php(109)] [] []
[2017-06-30 00:45:52] ERROR:  [GET, /static/v1.0/css/bootstrap.min.css.map, D:\work\server\lxh\app\kernel\Application.php(109)] [] []
[2017-06-30 00:46:42] ERROR:  [GET, /static/v1.0/js/jquery.min.map, D:\work\server\lxh\app\kernel\Application.php(109)] [] []
[2017-06-30 00:46:42] ERROR:  [GET, /static/v1.0/css/bootstrap.min.css.map, D:\work\server\lxh\app\kernel\Application.php(109)] [] []
[2017-06-30 00:46:43] ERROR:  [GET, /static/v1.0/css/bootstrap.min.css.map, D:\work\server\lxh\app\kernel\Application.php(109)] [] []
[2017-06-30 00:46:43] ERROR:  [GET, /static/v1.0/js/jquery.min.map, D:\work\server\lxh\app\kernel\Application.php(109)] [] []
[2017-06-30 00:46:43] ERROR:  [GET, /static/v1.0/js/jquery.min.map, D:\work\server\lxh\app\kernel\Application.php(109)] [] []
[2017-06-30 00:46:43] ERROR:  [GET, /static/v1.0/css/bootstrap.min.css.map, D:\work\server\lxh\app\kernel\Application.php(109)] [] []
[2017-06-30 00:46:44] ERROR:  [GET, /static/v1.0/js/jquery.min.map, D:\work\server\lxh\app\kernel\Application.php(109)] [] []
[2017-06-30 00:46:44] ERROR:  [GET, /static/v1.0/css/bootstrap.min.css.map, D:\work\server\lxh\app\kernel\Application.php(109)] [] []
[2017-06-30 00:49:15] ERROR:  [GET, /static/v1.0/css/bootstrap.min.css.map, D:\work\server\lxh\app\kernel\Application.php(109)] [] []
[2017-06-30 00:49:16] ERROR:  [GET, /static/v1.0/js/jquery.min.map, D:\work\server\lxh\app\kernel\Application.php(109)] [] []
[2017-06-30 00:49:17] ERROR:  [GET, /static/v1.0/js/jquery.min.map, D:\work\server\lxh\app\kernel\Application.php(109)] [] []
[2017-06-30 00:49:17] ERROR:  [GET, /static/v1.0/css/bootstrap.min.css.map, D:\work\server\lxh\app\kernel\Application.php(109)] [] []
[2017-06-30 00:49:18] ERROR:  [GET, /static/v1.0/css/bootstrap.min.css.map, D:\work\server\lxh\app\kernel\Application.php(109)] [] []
[2017-06-30 00:49:18] ERROR:  [GET, /static/v1.0/js/jquery.min.map, D:\work\server\lxh\app\kernel\Application.php(109)] [] []
[2017-06-30 00:53:09] ERROR:  [GET, /static/v1.0/css/bootstrap.min.css.map, D:\work\server\lxh\app\kernel\Application.php(109)] [] []
[2017-06-30 00:53:09] ERROR:  [GET, /static/v1.0/js/jquery.min.map, D:\work\server\lxh\app\kernel\Application.php(109)] [] []
[2017-06-30 00:55:16] ERROR:  [GET, /static/v1.0/js/jquery.min.map, D:\work\server\lxh\app\kernel\Application.php(109)] [] []
[2017-06-30 00:55:16] ERROR:  [GET, /static/v1.0/css/bootstrap.min.css.map, D:\work\server\lxh\app\kernel\Application.php(109)] [] []
[2017-06-30 01:05:30] ERROR:  [GET, /static/v1.0/js/jquery.min.map, D:\work\server\lxh\app\kernel\Application.php(109)] [] []
[2017-06-30 01:05:30] ERROR:  [GET, /static/v1.0/css/bootstrap.min.css.map, D:\work\server\lxh\app\kernel\Application.php(109)] [] []
[2017-06-30 01:06:13] ERROR:  [GET, /static/v1.0/js/jquery.min.map, D:\work\server\lxh\app\kernel\Application.php(109)] [] []
[2017-06-30 01:06:13] ERROR:  [GET, /static/v1.0/css/bootstrap.min.css.map, D:\work\server\lxh\app\kernel\Application.php(109)] [] []
[2017-06-30 01:07:06] ERROR:  [GET, /static/v1.0/css/bootstrap.min.css.map, D:\work\server\lxh\app\kernel\Application.php(109)] [] []
[2017-06-30 01:07:06] ERROR:  [GET, /static/v1.0/js/jquery.min.map, D:\work\server\lxh\app\kernel\Application.php(109)] [] []
[2017-06-30 08:35:42] ERROR:  [GET, /static/v1.0/js/jquery.min.map, D:\work\server\lxh\app\kernel\Application.php(109)] [] []
[2017-06-30 08:35:42] ERROR:  [GET, /static/v1.0/css/bootstrap.min.css.map, D:\work\server\lxh\app\kernel\Application.php(109)] [] []
[2017-06-30 08:35:43] ERROR:  [GET, /static/v1.0/js/jquery.min.map, D:\work\server\lxh\app\kernel\Application.php(109)] [] []
[2017-06-30 08:35:43] ERROR:  [GET, /static/v1.0/css/bootstrap.min.css.map, D:\work\server\lxh\app\kernel\Application.php(109)] [] []
[2017-06-30 08:35:44] ERROR:  [GET, /static/v1.0/js/jquery.min.map, D:\work\server\lxh\app\kernel\Application.php(109)] [] []
[2017-06-30 08:35:44] ERROR:  [GET, /static/v1.0/css/bootstrap.min.css.map, D:\work\server\lxh\app\kernel\Application.php(109)] [] []
[2017-06-30 08:37:29] ERROR:  [GET, /favicon.ico, D:\work\server\lxh\app\kernel\Application.php(109)] [] []
[2017-06-30 08:37:58] ERROR:  [GET, /static/v1.0/css/bootstrap.min.css.map, D:\work\server\lxh\app\kernel\Application.php(109)] [] []
[2017-06-30 08:37:58] ERROR:  [GET, /static/v1.0/js/jquery.min.map, D:\work\server\lxh\app\kernel\Application.php(109)] [] []
[2017-06-30 08:38:24] ERROR:  [GET, /static/v1.0/css/bootstrap.min.css.map, D:\work\server\lxh\app\kernel\Application.php(109)] [] []
[2017-06-30 08:38:25] ERROR:  [GET, /static/v1.0/js/jquery.min.map, D:\work\server\lxh\app\kernel\Application.php(109)] [] []
[2017-06-30 08:38:26] ERROR:  [GET, /static/v1.0/js/jquery.min.map, D:\work\server\lxh\app\kernel\Application.php(109)] [] []
[2017-06-30 08:38:26] ERROR:  [GET, /static/v1.0/css/bootstrap.min.css.map, D:\work\server\lxh\app\kernel\Application.php(109)] [] []
[2017-06-30 08:43:44] ERROR:  [GET, /static/v1.0/js/jquery.min.map, D:\work\server\lxh\app\kernel\Application.php(109)] [] []
[2017-06-30 08:43:44] ERROR:  [GET, /static/v1.0/css/bootstrap.min.css.map, D:\work\server\lxh\app\kernel\Application.php(109)] [] []
[2017-06-30 08:44:23] ERROR:  [GET, /static/v1.0/js/jquery.min.map, D:\work\server\lxh\app\kernel\Application.php(109)] [] []
[2017-06-30 08:44:23] ERROR:  [GET, /static/v1.0/css/bootstrap.min.css.map, D:\work\server\lxh\app\kernel\Application.php(109)] [] []
[2017-06-30 08:44:25] ERROR:  [GET, /static/v1.0/js/jquery.min.map, D:\work\server\lxh\app\kernel\Application.php(109)] [] []
[2017-06-30 08:44:25] ERROR:  [GET, /static/v1.0/css/bootstrap.min.css.map, D:\work\server\lxh\app\kernel\Application.php(109)] [] []
[2017-06-30 08:44:38] ERROR:  [GET, /static/v1.0/js/jquery.min.map, D:\work\server\lxh\app\kernel\Application.php(109)] [] []
[2017-06-30 08:44:38] ERROR:  [GET, /static/v1.0/css/bootstrap.min.css.map, D:\work\server\lxh\app\kernel\Application.php(109)] [] []
[2017-06-30 08:45:09] ERROR:  [GET, /static/v1.0/js/jquery.min.map, D:\work\server\lxh\app\kernel\Application.php(109)] [] []
[2017-06-30 08:45:09] ERROR:  [GET, /static/v1.0/css/bootstrap.min.css.map, D:\work\server\lxh\app\kernel\Application.php(109)] [] []
[2017-06-30 08:45:11] ERROR:  [GET, /static/v1.0/js/jquery.min.map, D:\work\server\lxh\app\kernel\Application.php(109)] [] []
[2017-06-30 08:45:11] ERROR:  [GET, /static/v1.0/css/bootstrap.min.css.map, D:\work\server\lxh\app\kernel\Application.php(109)] [] []
[2017-06-30 09:13:01] ERROR:  [GET, /static/v1.0/css/bootstrap.min.css.map, D:\work\server\lxh\app\kernel\Application.php(109)] [] []
[2017-06-30 09:13:02] ERROR:  [GET, /static/v1.0/js/jquery.min.map, D:\work\server\lxh\app\kernel\Application.php(109)] [] []
[2017-06-30 09:13:10] ERROR:  [GET, /static/v1.0/js/jquery.min.map, D:\work\server\lxh\app\kernel\Application.php(109)] [] []
[2017-06-30 09:13:10] ERROR:  [GET, /static/v1.0/css/bootstrap.min.css.map, D:\work\server\lxh\app\kernel\Application.php(109)] [] []
[2017-06-30 09:14:27] ERROR:  [GET, /static/v1.0/js/jquery.min.map, D:\work\server\lxh\app\kernel\Application.php(109)] [] []
[2017-06-30 09:14:28] ERROR:  [GET, /static/v1.0/css/bootstrap.min.css.map, D:\work\server\lxh\app\kernel\Application.php(109)] [] []
[2017-06-30 09:15:38] ERROR:  [GET, /static/v1.0/js/jquery.min.map, D:\work\server\lxh\app\kernel\Application.php(109)] [] []
[2017-06-30 09:15:38] ERROR:  [GET, /static/v1.0/css/bootstrap.min.css.map, D:\work\server\lxh\app\kernel\Application.php(109)] [] []
[2017-06-30 09:17:52] ERROR:  [GET, /static/v1.0/js/jquery.min.map, D:\work\server\lxh\app\kernel\Application.php(109)] [] []
[2017-06-30 09:17:52] ERROR:  [GET, /static/v1.0/css/bootstrap.min.css.map, D:\work\server\lxh\app\kernel\Application.php(109)] [] []
[2017-06-30 09:18:28] ERROR:  [GET, /static/v1.0/js/jquery.min.map, D:\work\server\lxh\app\kernel\Application.php(109)] [] []
[2017-06-30 09:18:29] ERROR:  [GET, /static/v1.0/css/bootstrap.min.css.map, D:\work\server\lxh\app\kernel\Application.php(109)] [] []
[2017-06-30 09:19:00] ERROR:  [GET, /static/v1.0/js/jquery.min.map, D:\work\server\lxh\app\kernel\Application.php(109)] [] []
[2017-06-30 09:19:00] ERROR:  [GET, /static/v1.0/css/bootstrap.min.css.map, D:\work\server\lxh\app\kernel\Application.php(109)] [] []
[2017-06-30 10:10:33] ERROR:  [GET, /static/v1.0/css/bootstrap.min.css.map, D:\work\server\lxh\app\kernel\Application.php(109)] [] []
[2017-06-30 10:10:33] ERROR:  [GET, /static/v1.0/js/jquery.min.map, D:\work\server\lxh\app\kernel\Application.php(109)] [] []
[2017-06-30 10:11:18] ERROR:  [GET, /static/v1.0/js/jquery.min.map, D:\work\server\lxh\app\kernel\Application.php(109)] [] []
[2017-06-30 10:11:18] ERROR:  [GET, /static/v1.0/css/bootstrap.min.css.map, D:\work\server\lxh\app\kernel\Application.php(109)] [] []
[2017-06-30 10:16:51] ERROR:  [GET, /static/v1.0/css/bootstrap.min.css.map, D:\work\server\lxh\app\kernel\Application.php(109)] [] []
[2017-06-30 10:17:04] ERROR:  [GET, /static/js/jquery.core.js, D:\work\server\lxh\app\kernel\Application.php(109)] [] []
[2017-06-30 10:17:04] ERROR:  [GET, /static/plugins/toastr/toastr.min.js, D:\work\server\lxh\app\kernel\Application.php(109)] [] []
[2017-06-30 10:17:05] ERROR:  [GET, /static/js/container.js, D:\work\server\lxh\app\kernel\Application.php(109)] [] []
[2017-06-30 10:17:05] ERROR:  [GET, /static/js/jquery.min.js, D:\work\server\lxh\app\kernel\Application.php(109)] [] []
[2017-06-30 10:17:05] ERROR:  [GET, /static/plugins/parsleyjs/dist/parsley.min.js, D:\work\server\lxh\app\kernel\Application.php(109)] [] []
[2017-06-30 10:17:05] ERROR:  [GET, /static/v1.0/css/bootstrap.min.css.map, D:\work\server\lxh\app\kernel\Application.php(109)] [] []
[2017-06-30 10:17:47] ERROR:  [GET, /static/v1.0/css/bootstrap.min.css.map, D:\work\server\lxh\app\kernel\Application.php(109)] [] []
[2017-06-30 10:17:47] ERROR:  [GET, /static/v1.0/js/jquery.min.map, D:\work\server\lxh\app\kernel\Application.php(109)] [] []
[2017-06-30 10:18:29] ERROR:  [GET, /static/v1.0/css/bootstrap.min.css.map, D:\work\server\lxh\app\kernel\Application.php(109)] [] []
[2017-06-30 10:18:29] ERROR:  [GET, /static/v1.0/js/jquery.min.map, D:\work\server\lxh\app\kernel\Application.php(109)] [] []
[2017-06-30 10:18:32] ERROR:  [GET, /static/v1.0/css/bootstrap.min.css.map, D:\work\server\lxh\app\kernel\Application.php(109)] [] []
[2017-06-30 10:18:32] ERROR:  [GET, /static/v1.0/js/jquery.min.map, D:\work\server\lxh\app\kernel\Application.php(109)] [] []
[2017-06-30 10:19:44] ERROR:  [GET, /static/v1.0/css/bootstrap.min.css.map, D:\work\server\lxh\app\kernel\Application.php(109)] [] []
[2017-06-30 10:19:44] ERROR:  [GET, /static/v1.0/js/jquery.min.map, D:\work\server\lxh\app\kernel\Application.php(109)] [] []
[2017-06-30 10:19:47] ERROR:  [GET, /static/v1.0/css/bootstrap.min.css.map, D:\work\server\lxh\app\kernel\Application.php(109)] [] []
[2017-06-30 10:19:47] ERROR:  [GET, /static/v1.0/js/jquery.min.map, D:\work\server\lxh\app\kernel\Application.php(109)] [] []
[2017-06-30 10:20:28] ERROR:  [GET, /static/v1.0/css/bootstrap.min.css.map, D:\work\server\lxh\app\kernel\Application.php(109)] [] []
[2017-06-30 10:20:28] ERROR:  [GET, /static/v1.0/js/jquery.min.map, D:\work\server\lxh\app\kernel\Application.php(109)] [] []
[2017-06-30 10:22:02] ERROR:  [GET, /static/v1.0/css/bootstrap.min.css.map, D:\work\server\lxh\app\kernel\Application.php(109)] [] []
[2017-06-30 10:22:03] ERROR:  [GET, /static/v1.0/js/jquery.min.map, D:\work\server\lxh\app\kernel\Application.php(109)] [] []
[2017-06-30 10:22:25] ERROR:  [GET, /static/v1.0/css/bootstrap.min.css.map, D:\work\server\lxh\app\kernel\Application.php(109)] [] []
[2017-06-30 10:22:25] ERROR:  [GET, /static/v1.0/js/jquery.min.map, D:\work\server\lxh\app\kernel\Application.php(109)] [] []
[2017-06-30 10:22:52] ERROR:  [GET, /static/v1.0/js/jquery.min.map, D:\work\server\lxh\app\kernel\Application.php(109)] [] []
[2017-06-30 10:22:52] ERROR:  [GET, /static/v1.0/css/bootstrap.min.css.map, D:\work\server\lxh\app\kernel\Application.php(109)] [] []
[2017-06-30 10:23:21] ERROR:  [GET, /static/v1.0/js/jquery.min.map, D:\work\server\lxh\app\kernel\Application.php(109)] [] []
[2017-06-30 10:23:22] ERROR:  [GET, /static/v1.0/css/bootstrap.min.css.map, D:\work\server\lxh\app\kernel\Application.php(109)] [] []
[2017-06-30 10:24:00] ERROR:  [GET, /static/v1.0/css/bootstrap.min.css.map, D:\work\server\lxh\app\kernel\Application.php(109)] [] []
[2017-06-30 10:24:00] ERROR:  [GET, /static/v1.0/js/jquery.min.map, D:\work\server\lxh\app\kernel\Application.php(109)] [] []
[2017-06-30 10:24:17] ERROR:  [GET, /static/v1.0/js/jquery.min.map, D:\work\server\lxh\app\kernel\Application.php(109)] [] []
[2017-06-30 10:24:17] ERROR:  [GET, /static/v1.0/css/bootstrap.min.css.map, D:\work\server\lxh\app\kernel\Application.php(109)] [] []
[2017-06-30 10:24:48] ERROR:  [GET, /static/v1.0/css/bootstrap.min.css.map, D:\work\server\lxh\app\kernel\Application.php(109)] [] []
[2017-06-30 10:24:48] ERROR:  [GET, /static/v1.0/js/jquery.min.map, D:\work\server\lxh\app\kernel\Application.php(109)] [] []
[2017-06-30 10:24:58] ERROR:  [GET, /static/v1.0/css/bootstrap.min.css.map, D:\work\server\lxh\app\kernel\Application.php(109)] [] []
[2017-06-30 10:24:58] ERROR:  [GET, /static/v1.0/js/jquery.min.map, D:\work\server\lxh\app\kernel\Application.php(109)] [] []
[2017-06-30 10:26:06] ERROR:  [GET, /static/v1.0/js/jquery.min.map, D:\work\server\lxh\app\kernel\Application.php(109)] [] []
[2017-06-30 10:26:06] ERROR:  [GET, /static/v1.0/css/bootstrap.min.css.map, D:\work\server\lxh\app\kernel\Application.php(109)] [] []
[2017-06-30 10:27:38] ERROR:  [GET, /static/v1.0/js/jquery.min.map, D:\work\server\lxh\app\kernel\Application.php(109)] [] []
[2017-06-30 10:27:38] ERROR:  [GET, /static/v1.0/css/bootstrap.min.css.map, D:\work\server\lxh\app\kernel\Application.php(109)] [] []
[2017-06-30 10:27:42] ERROR:  [GET, /static/v1.0/js/jquery.min.map, D:\work\server\lxh\app\kernel\Application.php(109)] [] []
[2017-06-30 10:27:42] ERROR:  [GET, /static/v1.0/css/bootstrap.min.css.map, D:\work\server\lxh\app\kernel\Application.php(109)] [] []
[2017-06-30 10:27:45] ERROR:  [GET, /static/v1.0/js/jquery.min.map, D:\work\server\lxh\app\kernel\Application.php(109)] [] []
[2017-06-30 10:27:45] ERROR:  [GET, /static/v1.0/css/bootstrap.min.css.map, D:\work\server\lxh\app\kernel\Application.php(109)] [] []
[2017-06-30 10:28:49] ERROR:  [GET, /static/v1.0/css/bootstrap.min.css.map, D:\work\server\lxh\app\kernel\Application.php(109)] [] []
[2017-06-30 10:28:49] ERROR:  [GET, /static/v1.0/js/jquery.min.map, D:\work\server\lxh\app\kernel\Application.php(109)] [] []
[2017-06-30 10:28:51] ERROR:  [GET, /static/v1.0/css/bootstrap.min.css.map, D:\work\server\lxh\app\kernel\Application.php(109)] [] []
[2017-06-30 10:28:51] ERROR:  [GET, /static/v1.0/js/jquery.min.map, D:\work\server\lxh\app\kernel\Application.php(109)] [] []
[2017-06-30 10:29:32] ERROR:  [GET, /static/v1.0/js/jquery.min.map, D:\work\server\lxh\app\kernel\Application.php(109)] [] []
[2017-06-30 10:29:32] ERROR:  [GET, /static/v1.0/css/bootstrap.min.css.map, D:\work\server\lxh\app\kernel\Application.php(109)] [] []
[2017-06-30 10:31:17] ERROR:  [GET, /static/v1.0/js/jquery.min.map, D:\work\server\lxh\app\kernel\Application.php(109)] [] []
[2017-06-30 10:31:17] ERROR:  [GET, /static/v1.0/css/bootstrap.min.css.map, D:\work\server\lxh\app\kernel\Application.php(109)] [] []
[2017-06-30 10:31:17] ERROR:  [GET, /static/v1.0/js/jquery.min.map, D:\work\server\lxh\app\kernel\Application.php(109)] [] []
[2017-06-30 10:31:37] ERROR:  [GET, /static/v1.0/js/jquery.min.map, D:\work\server\lxh\app\kernel\Application.php(109)] [] []
[2017-06-30 10:31:37] ERROR:  [GET, /static/v1.0/css/bootstrap.min.css.map, D:\work\server\lxh\app\kernel\Application.php(109)] [] []
[2017-06-30 10:31:37] ERROR:  [GET, /static/v1.0/js/jquery.min.map, D:\work\server\lxh\app\kernel\Application.php(109)] [] []
[2017-06-30 10:33:16] ERROR:  [GET, /static/v1.0/css/bootstrap.min.css.map, D:\work\server\lxh\app\kernel\Application.php(109)] [] []
[2017-06-30 10:33:16] ERROR:  [GET, /static/v1.0/js/jquery.min.map, D:\work\server\lxh\app\kernel\Application.php(109)] [] []
[2017-06-30 10:33:18] ERROR:  [GET, /static/v1.0/js/jquery.min.map, D:\work\server\lxh\app\kernel\Application.php(109)] [] []
[2017-06-30 10:33:18] ERROR:  [GET, /static/v1.0/css/bootstrap.min.css.map, D:\work\server\lxh\app\kernel\Application.php(109)] [] []
[2017-06-30 10:33:18] ERROR:  [GET, /static/v1.0/js/jquery.min.map, D:\work\server\lxh\app\kernel\Application.php(109)] [] []
[2017-06-30 10:33:19] ERROR:  [GET, /static/v1.0/js/jquery.min.map, D:\work\server\lxh\app\kernel\Application.php(109)] [] []
[2017-06-30 10:33:19] ERROR:  [GET, /static/v1.0/css/bootstrap.min.css.map, D:\work\server\lxh\app\kernel\Application.php(109)] [] []
[2017-06-30 10:33:20] ERROR:  [GET, /static/v1.0/js/jquery.min.map, D:\work\server\lxh\app\kernel\Application.php(109)] [] []
[2017-06-30 10:34:05] ERROR:  [GET, /static/v1.0/css/bootstrap.min.css.map, D:\work\server\lxh\app\kernel\Application.php(109)] [] []
[2017-06-30 10:34:05] ERROR:  [GET, /static/v1.0/js/jquery.min.map, D:\work\server\lxh\app\kernel\Application.php(109)] [] []
[2017-06-30 10:34:33] ERROR:  [GET, /static/v1.0/css/bootstrap.min.css.map, D:\work\server\lxh\app\kernel\Application.php(109)] [] []
[2017-06-30 10:34:33] ERROR:  [GET, /static/v1.0/js/jquery.min.map, D:\work\server\lxh\app\kernel\Application.php(109)] [] []
[2017-06-30 10:34:33] ERROR:  [GET, /static/v1.0/js/jquery.min.map, D:\work\server\lxh\app\kernel\Application.php(109)] [] []
[2017-06-30 10:35:01] ERROR:  [GET, /static/v1.0/css/bootstrap.min.css.map, D:\work\server\lxh\app\kernel\Application.php(109)] [] []
[2017-06-30 10:35:01] ERROR:  [GET, /static/v1.0/js/jquery.min.map, D:\work\server\lxh\app\kernel\Application.php(109)] [] []
[2017-06-30 10:35:03] ERROR:  [GET, /static/v1.0/js/jquery.min.map, D:\work\server\lxh\app\kernel\Application.php(109)] [] []
[2017-06-30 10:35:03] ERROR:  [GET, /static/v1.0/css/bootstrap.min.css.map, D:\work\server\lxh\app\kernel\Application.php(109)] [] []
[2017-06-30 10:35:04] ERROR:  [GET, /static/v1.0/js/jquery.min.map, D:\work\server\lxh\app\kernel\Application.php(109)] [] []
[2017-06-30 10:35:05] ERROR:  [GET, /static/v1.0/js/jquery.min.map, D:\work\server\lxh\app\kernel\Application.php(109)] [] []
[2017-06-30 10:35:05] ERROR:  [GET, /static/v1.0/css/bootstrap.min.css.map, D:\work\server\lxh\app\kernel\Application.php(109)] [] []
[2017-06-30 10:35:05] ERROR:  [GET, /static/v1.0/js/jquery.min.map, D:\work\server\lxh\app\kernel\Application.php(109)] [] []
[2017-06-30 10:35:08] ERROR:  [GET, /static/v1.0/js/jquery.min.map, D:\work\server\lxh\app\kernel\Application.php(109)] [] []
[2017-06-30 10:35:08] ERROR:  [GET, /static/v1.0/css/bootstrap.min.css.map, D:\work\server\lxh\app\kernel\Application.php(109)] [] []
[2017-06-30 10:35:08] ERROR:  [GET, /static/v1.0/js/jquery.min.map, D:\work\server\lxh\app\kernel\Application.php(109)] [] []
[2017-06-30 10:35:15] ERROR:  [GET, /static/v1.0/css/bootstrap.min.css.map, D:\work\server\lxh\app\kernel\Application.php(109)] [] []
[2017-06-30 10:35:15] ERROR:  [GET, /static/v1.0/js/jquery.min.map, D:\work\server\lxh\app\kernel\Application.php(109)] [] []
[2017-06-30 10:35:38] ERROR:  [GET, /static/v1.0/css/bootstrap.min.css.map, D:\work\server\lxh\app\kernel\Application.php(109)] [] []
[2017-06-30 10:35:39] ERROR:  [GET, /static/v1.0/js/jquery.min.map, D:\work\server\lxh\app\kernel\Application.php(109)] [] []
[2017-06-30 10:35:44] ERROR:  [GET, /static/v1.0/css/bootstrap.min.css.map, D:\work\server\lxh\app\kernel\Application.php(109)] [] []
[2017-06-30 10:35:44] ERROR:  [GET, /static/v1.0/js/jquery.min.map, D:\work\server\lxh\app\kernel\Application.php(109)] [] []
[2017-06-30 10:35:59] ERROR:  [GET, /static/v1.0/css/bootstrap.min.css.map, D:\work\server\lxh\app\kernel\Application.php(109)] [] []
[2017-06-30 10:35:59] ERROR:  [GET, /static/v1.0/js/jquery.min.map, D:\work\server\lxh\app\kernel\Application.php(109)] [] []
[2017-06-30 10:36:51] ERROR:  [GET, /static/v1.0/css/bootstrap.min.css.map, D:\work\server\lxh\app\kernel\Application.php(109)] [] []
[2017-06-30 10:36:51] ERROR:  [GET, /static/v1.0/js/jquery.min.map, D:\work\server\lxh\app\kernel\Application.php(109)] [] []
[2017-06-30 10:37:36] ERROR:  [GET, /static/v1.0/css/bootstrap.min.css.map, D:\work\server\lxh\app\kernel\Application.php(109)] [] []
[2017-06-30 10:37:36] ERROR:  [GET, /static/v1.0/js/jquery.min.map, D:\work\server\lxh\app\kernel\Application.php(109)] [] []
[2017-06-30 10:37:39] ERROR:  [GET, /static/v1.0/css/bootstrap.min.css.map, D:\work\server\lxh\app\kernel\Application.php(109)] [] []
[2017-06-30 10:37:39] ERROR:  [GET, /static/v1.0/js/jquery.min.map, D:\work\server\lxh\app\kernel\Application.php(109)] [] []
[2017-06-30 10:37:41] ERROR:  [GET, /static/v1.0/css/bootstrap.min.css.map, D:\work\server\lxh\app\kernel\Application.php(109)] [] []
[2017-06-30 10:37:41] ERROR:  [GET, /static/v1.0/js/jquery.min.map, D:\work\server\lxh\app\kernel\Application.php(109)] [] []
[2017-06-30 11:31:42] ERROR:  [GET, /static/v1.0/css/bootstrap.min.css.map, D:\work\server\lxh\app\kernel\Application.php(109)] [] []
[2017-06-30 11:31:43] ERROR:  [GET, /static/v1.0/js/jquery.min.map, D:\work\server\lxh\app\kernel\Application.php(109)] [] []
[2017-06-30 11:31:48] ERROR:  [GET, /static/v1.0/css/bootstrap.min.css.map, D:\work\server\lxh\app\kernel\Application.php(109)] [] []
[2017-06-30 11:31:48] ERROR:  [GET, /static/v1.0/js/jquery.min.map, D:\work\server\lxh\app\kernel\Application.php(109)] [] []
[2017-06-30 11:56:57] INFO: 测试 {"GET":"/Lxh/Login"} []
[2017-06-30 11:56:57] ERROR:  [GET, /static/v1.0/css/bootstrap.min.css.map, D:\work\server\lxh\app\kernel\Application.php(109)] [] []
[2017-06-30 11:56:57] ERROR:  [GET, /static/v1.0/js/jquery.min.map, D:\work\server\lxh\app\kernel\Application.php(109)] [] []
[2017-06-30 11:59:30] WARNING: 测试 {"GET":"/Lxh/Login"} []
[2017-06-30 11:59:30] ERROR:  [GET, /static/v1.0/css/bootstrap.min.css.map, D:\work\server\lxh\app\kernel\Application.php(109)] [] []
[2017-06-30 11:59:30] ERROR:  [GET, /static/v1.0/js/jquery.min.map, D:\work\server\lxh\app\kernel\Application.php(109)] [] []
[2017-06-30 12:01:33] ERROR:  [GET, /static/v1.0/css/bootstrap.min.css.map, D:\work\server\lxh\app\kernel\Application.php(109)] [] []
[2017-06-30 12:01:33] ERROR:  [GET, /static/v1.0/js/jquery.min.map, D:\work\server\lxh\app\kernel\Application.php(109)] [] []
[2017-06-30 12:01:51] ERROR:  [GET, /static/v1.0/css/bootstrap.min.css.map, D:\work\server\lxh\app\kernel\Application.php(109)] [] []
[2017-06-30 12:01:51] ERROR:  [GET, /static/v1.0/js/jquery.min.map, D:\work\server\lxh\app\kernel\Application.php(109)] [] []
[2017-06-30 12:02:20] ERROR:  [GET, /static/v1.0/css/bootstrap.min.css.map, D:\work\server\lxh\app\kernel\Application.php(109)] [] []
[2017-06-30 12:02:21] ERROR:  [GET, /static/v1.0/js/jquery.min.map, D:\work\server\lxh\app\kernel\Application.php(109)] [] []
[2017-06-30 12:02:23] ERROR:  [GET, /static/v1.0/css/bootstrap.min.css.map, D:\work\server\lxh\app\kernel\Application.php(109)] [] []
[2017-06-30 12:02:24] ERROR:  [GET, /static/v1.0/js/jquery.min.map, D:\work\server\lxh\app\kernel\Application.php(109)] [] []
[2017-06-30 12:02:38] ERROR:  [GET, /static/v1.0/css/bootstrap.min.css.map, D:\work\server\lxh\app\kernel\Application.php(109)] [] []
[2017-06-30 12:02:38] ERROR:  [GET, /static/v1.0/js/jquery.min.map, D:\work\server\lxh\app\kernel\Application.php(109)] [] []
[2017-06-30 12:03:02] ERROR:  [GET, /static/v1.0/css/bootstrap.min.css.map, D:\work\server\lxh\app\kernel\Application.php(109)] [] []
[2017-06-30 12:03:02] ERROR:  [GET, /static/v1.0/js/jquery.min.map, D:\work\server\lxh\app\kernel\Application.php(109)] [] []
[2017-06-30 12:05:55] ERROR:  [GET, /static/v1.0/css/bootstrap.min.css.map, D:\work\server\lxh\app\kernel\Application.php(109)] [] []
[2017-06-30 12:05:56] ERROR:  [GET, /static/v1.0/js/jquery.min.map, D:\work\server\lxh\app\kernel\Application.php(109)] [] []
[2017-06-30 12:06:11] ERROR:  [GET, /static/v1.0/css/bootstrap.min.css.map, D:\work\server\lxh\app\kernel\Application.php(109)] [] []
[2017-06-30 12:06:11] ERROR:  [GET, /static/v1.0/js/jquery.min.map, D:\work\server\lxh\app\kernel\Application.php(109)] [] []
[2017-06-30 12:09:25] ERROR:  [GET, /static/v1.0/css/bootstrap.min.css.map, D:\work\server\lxh\app\kernel\Application.php(109)] [] []
[2017-06-30 12:09:25] ERROR:  [GET, /static/v1.0/js/jquery.min.map, D:\work\server\lxh\app\kernel\Application.php(109)] [] []
[2017-06-30 12:09:37] ERROR:  [GET, /static/v1.0/css/bootstrap.min.css.map, D:\work\server\lxh\app\kernel\Application.php(109)] [] []
[2017-06-30 12:09:37] ERROR:  [GET, /static/v1.0/js/jquery.min.map, D:\work\server\lxh\app\kernel\Application.php(109)] [] []
[2017-06-30 12:09:40] ERROR:  [GET, /static/v1.0/css/bootstrap.min.css.map, D:\work\server\lxh\app\kernel\Application.php(109)] [] []
[2017-06-30 12:09:40] ERROR:  [GET, /static/v1.0/js/jquery.min.map, D:\work\server\lxh\app\kernel\Application.php(109)] [] []
[2017-06-30 12:10:00] ERROR:  [GET, /static/v1.0/css/bootstrap.min.css.map, D:\work\server\lxh\app\kernel\Application.php(109)] [] []
[2017-06-30 12:10:01] ERROR:  [GET, /static/v1.0/js/jquery.min.map, D:\work\server\lxh\app\kernel\Application.php(109)] [] []
[2017-06-30 12:12:35] ERROR:  [GET, /static/v1.0/css/bootstrap.min.css.map, D:\work\server\lxh\app\kernel\Application.php(109)] [] []
[2017-06-30 12:12:35] ERROR:  [GET, /static/v1.0/js/jquery.min.map, D:\work\server\lxh\app\kernel\Application.php(109)] [] []
[2017-06-30 12:14:04] ERROR:  [GET, /static/v1.0/css/bootstrap.min.css.map, D:\work\server\lxh\app\kernel\Application.php(109)] [] []
[2017-06-30 12:14:04] ERROR:  [GET, /static/v1.0/js/jquery.min.map, D:\work\server\lxh\app\kernel\Application.php(109)] [] []
[2017-06-30 12:14:05] ERROR:  [GET, /static/v1.0/css/bootstrap.min.css.map, D:\work\server\lxh\app\kernel\Application.php(109)] [] []
[2017-06-30 12:14:05] ERROR:  [GET, /static/v1.0/js/jquery.min.map, D:\work\server\lxh\app\kernel\Application.php(109)] [] []
[2017-06-30 12:14:05] ERROR:  [GET, /static/v1.0/css/bootstrap.min.css.map, D:\work\server\lxh\app\kernel\Application.php(109)] [] []
[2017-06-30 12:14:05] ERROR:  [GET, /static/v1.0/js/jquery.min.map, D:\work\server\lxh\app\kernel\Application.php(109)] [] []
[2017-06-30 12:17:18] ERROR:  [GET, /static/v1.0/css/bootstrap.min.css.map, D:\work\server\lxh\app\kernel\Application.php(109)] [] []
[2017-06-30 12:17:18] ERROR:  [GET, /static/v1.0/js/jquery.min.map, D:\work\server\lxh\app\kernel\Application.php(109)] [] []
[2017-06-30 12:17:19] ERROR:  [GET, /static/v1.0/css/bootstrap.min.css.map, D:\work\server\lxh\app\kernel\Application.php(109)] [] []
[2017-06-30 12:17:19] ERROR:  [GET, /static/v1.0/js/jquery.min.map, D:\work\server\lxh\app\kernel\Application.php(109)] [] []
[2017-06-30 12:17:21] ERROR:  [GET, /static/v1.0/css/bootstrap.min.css.map, D:\work\server\lxh\app\kernel\Application.php(109)] [] []
[2017-06-30 12:17:21] ERROR:  [GET, /static/v1.0/js/jquery.min.map, D:\work\server\lxh\app\kernel\Application.php(109)] [] []
[2017-06-30 12:17:22] ERROR:  [GET, /static/v1.0/css/bootstrap.min.css.map, D:\work\server\lxh\app\kernel\Application.php(109)] [] []
[2017-06-30 12:17:22] ERROR:  [GET, /static/v1.0/js/jquery.min.map, D:\work\server\lxh\app\kernel\Application.php(109)] [] []
[2017-06-30 12:17:25] ERROR:  [GET, /static/v1.0/css/bootstrap.min.css.map, D:\work\server\lxh\app\kernel\Application.php(109)] [] []
[2017-06-30 12:17:25] ERROR:  [GET, /static/v1.0/js/jquery.min.map, D:\work\server\lxh\app\kernel\Application.php(109)] [] []
[2017-06-30 12:18:01] ERROR:  [GET, /static/v1.0/css/bootstrap.min.css.map, D:\work\server\lxh\app\kernel\Application.php(109)] [] []
[2017-06-30 12:18:02] ERROR:  [GET, /static/v1.0/js/jquery.min.map, D:\work\server\lxh\app\kernel\Application.php(109)] [] []
[2017-06-30 12:18:04] ERROR:  [GET, /static/v1.0/css/bootstrap.min.css.map, D:\work\server\lxh\app\kernel\Application.php(109)] [] []
[2017-06-30 12:18:04] ERROR:  [GET, /static/v1.0/js/jquery.min.map, D:\work\server\lxh\app\kernel\Application.php(109)] [] []
[2017-06-30 12:18:05] ERROR:  [GET, /static/v1.0/css/bootstrap.min.css.map, D:\work\server\lxh\app\kernel\Application.php(109)] [] []
[2017-06-30 12:18:05] ERROR:  [GET, /static/v1.0/js/jquery.min.map, D:\work\server\lxh\app\kernel\Application.php(109)] [] []
[2017-06-30 12:18:24] ERROR:  [GET, /static/v1.0/css/bootstrap.min.css.map, D:\work\server\lxh\app\kernel\Application.php(109)] [] []
[2017-06-30 12:18:24] ERROR:  [GET, /static/v1.0/js/jquery.min.map, D:\work\server\lxh\app\kernel\Application.php(109)] [] []
[2017-06-30 12:18:26] ERROR:  [GET, /static/v1.0/css/bootstrap.min.css.map, D:\work\server\lxh\app\kernel\Application.php(109)] [] []
[2017-06-30 12:18:26] ERROR:  [GET, /static/v1.0/js/jquery.min.map, D:\work\server\lxh\app\kernel\Application.php(109)] [] []
[2017-06-30 12:18:27] ERROR:  [GET, /static/v1.0/css/bootstrap.min.css.map, D:\work\server\lxh\app\kernel\Application.php(109)] [] []
[2017-06-30 12:18:27] ERROR:  [GET, /static/v1.0/js/jquery.min.map, D:\work\server\lxh\app\kernel\Application.php(109)] [] []
[2017-06-30 12:18:57] ERROR:  [GET, /static/v1.0/js/jquery.min.map, D:\work\server\lxh\app\kernel\Application.php(109)] [] []
[2017-06-30 12:18:57] ERROR:  [GET, /static/v1.0/css/bootstrap.min.css.map, D:\work\server\lxh\app\kernel\Application.php(109)] [] []
[2017-06-30 12:18:58] ERROR:  [GET, /static/v1.0/js/jquery.min.map, D:\work\server\lxh\app\kernel\Application.php(109)] [] []
[2017-06-30 12:18:58] ERROR:  [GET, /static/v1.0/css/bootstrap.min.css.map, D:\work\server\lxh\app\kernel\Application.php(109)] [] []
[2017-06-30 12:19:05] ERROR:  [GET, /static/v1.0/js/jquery.min.map, D:\work\server\lxh\app\kernel\Application.php(109)] [] []
[2017-06-30 12:19:05] ERROR:  [GET, /static/v1.0/css/bootstrap.min.css.map, D:\work\server\lxh\app\kernel\Application.php(109)] [] []
[2017-06-30 12:19:06] ERROR:  [GET, /static/v1.0/js/jquery.min.map, D:\work\server\lxh\app\kernel\Application.php(109)] [] []
[2017-06-30 12:19:06] ERROR:  [GET, /static/v1.0/css/bootstrap.min.css.map, D:\work\server\lxh\app\kernel\Application.php(109)] [] []
[2017-06-30 12:23:26] ERROR:  [GET, /static/v1.0/js/jquery.min.map, D:\work\server\lxh\app\kernel\Application.php(109)] [] []
[2017-06-30 12:23:26] ERROR:  [GET, /static/v1.0/css/bootstrap.min.css.map, D:\work\server\lxh\app\kernel\Application.php(109)] [] []
[2017-06-30 12:28:51] ERROR:  [GET, /static/v1.0/js/jquery.min.map, D:\work\server\lxh\app\kernel\Application.php(109)] [] []
[2017-06-30 12:28:51] ERROR:  [GET, /static/v1.0/css/bootstrap.min.css.map, D:\work\server\lxh\app\kernel\Application.php(109)] [] []
[2017-06-30 12:30:06] ERROR:  [GET, /static/v1.0/css/bootstrap.min.css.map, D:\work\server\lxh\app\kernel\Application.php(109)] [] []
[2017-06-30 12:30:07] ERROR:  [GET, /static/v1.0/js/jquery.min.map, D:\work\server\lxh\app\kernel\Application.php(109)] [] []
[2017-06-30 12:34:45] ERROR:  [GET, /static/v1.0/js/jquery.min.map, D:\work\server\lxh\app\kernel\Application.php(109)] [] []
[2017-06-30 12:34:45] ERROR:  [GET, /static/v1.0/css/bootstrap.min.css.map, D:\work\server\lxh\app\kernel\Application.php(109)] [] []
[2017-06-30 12:37:43] ERROR:  [GET, /static/v1.0/js/jquery.min.map, D:\work\server\lxh\app\kernel\Application.php(109)] [] []
[2017-06-30 12:37:43] ERROR:  [GET, /static/v1.0/css/bootstrap.min.css.map, D:\work\server\lxh\app\kernel\Application.php(109)] [] []
[2017-06-30 12:37:47] ERROR:  [GET, /static/v1.0/js/jquery.min.map, D:\work\server\lxh\app\kernel\Application.php(109)] [] []
[2017-06-30 12:37:47] ERROR:  [GET, /static/v1.0/css/bootstrap.min.css.map, D:\work\server\lxh\app\kernel\Application.php(109)] [] []
[2017-06-30 12:39:11] ERROR:  [GET, /static/v1.0/js/jquery.min.map, D:\work\server\lxh\app\kernel\Application.php(109)] [] []
[2017-06-30 12:39:11] ERROR:  [GET, /static/v1.0/css/bootstrap.min.css.map, D:\work\server\lxh\app\kernel\Application.php(109)] [] []
[2017-06-30 12:39:13] ERROR:  [GET, /static/v1.0/css/bootstrap.min.css.map, D:\work\server\lxh\app\kernel\Application.php(109)] [] []
[2017-06-30 12:39:13] ERROR:  [GET, /static/v1.0/js/jquery.min.map, D:\work\server\lxh\app\kernel\Application.php(109)] [] []
[2017-06-30 12:42:03] ERROR:  [GET, /static/v1.0/bootstrap.min.css, D:\work\server\lxh\app\kernel\Application.php(109)] [] []
[2017-06-30 12:42:03] ERROR:  [GET, /static/v1.0/components.css, D:\work\server\lxh\app\kernel\Application.php(109)] [] []
[2017-06-30 12:42:03] ERROR:  [GET, /static/v1.0/icons.css, D:\work\server\lxh\app\kernel\Application.php(109)] [] []
[2017-06-30 12:42:03] ERROR:  [GET, /static/v1.0/core.css, D:\work\server\lxh\app\kernel\Application.php(109)] [] []
[2017-06-30 12:42:03] ERROR:  [GET, /static/v1.0/responsive.css, D:\work\server\lxh\app\kernel\Application.php(109)] [] []
[2017-06-30 12:42:03] ERROR:  [GET, /static/v1.0/pages.css, D:\work\server\lxh\app\kernel\Application.php(109)] [] []
[2017-06-30 12:42:03] ERROR:  [GET, /static/v1.0/js/jquery.min.map, D:\work\server\lxh\app\kernel\Application.php(109)] [] []
[2017-06-30 12:42:38] ERROR:  [GET, /static/v1.0/js/jquery.min.map, D:\work\server\lxh\app\kernel\Application.php(109)] [] []
[2017-06-30 12:42:38] ERROR:  [GET, /static/v1.0/css/bootstrap.min.css.map, D:\work\server\lxh\app\kernel\Application.php(109)] [] []
[2017-06-30 12:43:52] ERROR:  [GET, /static/v1.0/js/jquery.min.map, D:\work\server\lxh\app\kernel\Application.php(109)] [] []
[2017-06-30 12:43:53] ERROR:  [GET, /static/v1.0/css/bootstrap.min.css.map, D:\work\server\lxh\app\kernel\Application.php(109)] [] []
[2017-06-30 12:43:55] ERROR:  [GET, /static/v1.0/js/jquery.min.map, D:\work\server\lxh\app\kernel\Application.php(109)] [] []
[2017-06-30 12:43:55] ERROR:  [GET, /static/v1.0/css/bootstrap.min.css.map, D:\work\server\lxh\app\kernel\Application.php(109)] [] []
[2017-06-30 12:43:57] ERROR:  [GET, /static/v1.0/js/jquery.min.map, D:\work\server\lxh\app\kernel\Application.php(109)] [] []
[2017-06-30 12:43:58] ERROR:  [GET, /static/v1.0/css/bootstrap.min.css.map, D:\work\server\lxh\app\kernel\Application.php(109)] [] []
[2017-06-30 12:44:00] ERROR:  [GET, /static/v1.0/js/jquery.min.map, D:\work\server\lxh\app\kernel\Application.php(109)] [] []
[2017-06-30 12:44:00] ERROR:  [GET, /static/v1.0/css/bootstrap.min.css.map, D:\work\server\lxh\app\kernel\Application.php(109)] [] []
[2017-06-30 12:44:01] ERROR:  [GET, /static/v1.0/js/jquery.min.map, D:\work\server\lxh\app\kernel\Application.php(109)] [] []
[2017-06-30 12:44:01] ERROR:  [GET, /static/v1.0/css/bootstrap.min.css.map, D:\work\server\lxh\app\kernel\Application.php(109)] [] []
[2017-06-30 12:44:02] ERROR:  [GET, /static/v1.0/js/jquery.min.map, D:\work\server\lxh\app\kernel\Application.php(109)] [] []
[2017-06-30 12:44:02] ERROR:  [GET, /static/v1.0/css/bootstrap.min.css.map, D:\work\server\lxh\app\kernel\Application.php(109)] [] []
[2017-06-30 12:44:03] ERROR:  [GET, /static/v1.0/js/jquery.min.map, D:\work\server\lxh\app\kernel\Application.php(109)] [] []
[2017-06-30 12:44:03] ERROR:  [GET, /static/v1.0/css/bootstrap.min.css.map, D:\work\server\lxh\app\kernel\Application.php(109)] [] []
[2017-06-30 12:44:04] ERROR:  [GET, /static/v1.0/js/jquery.min.map, D:\work\server\lxh\app\kernel\Application.php(109)] [] []
[2017-06-30 12:44:04] ERROR:  [GET, /static/v1.0/css/bootstrap.min.css.map, D:\work\server\lxh\app\kernel\Application.php(109)] [] []
[2017-06-30 12:44:45] ERROR:  [GET, /static/v1.0/js/jquery.min.map, D:\work\server\lxh\app\kernel\Application.php(109)] [] []
[2017-06-30 12:44:46] ERROR:  [GET, /static/v1.0/css/bootstrap.min.css.map, D:\work\server\lxh\app\kernel\Application.php(109)] [] []
[2017-06-30 12:44:47] ERROR:  [GET, /static/v1.0/js/jquery.min.map, D:\work\server\lxh\app\kernel\Application.php(109)] [] []
[2017-06-30 12:44:47] ERROR:  [GET, /static/v1.0/css/bootstrap.min.css.map, D:\work\server\lxh\app\kernel\Application.php(109)] [] []
[2017-06-30 12:44:48] ERROR:  [GET, /static/v1.0/js/jquery.min.map, D:\work\server\lxh\app\kernel\Application.php(109)] [] []
[2017-06-30 12:44:48] ERROR:  [GET, /static/v1.0/css/bootstrap.min.css.map, D:\work\server\lxh\app\kernel\Application.php(109)] [] []
[2017-06-30 12:44:49] ERROR:  [GET, /static/v1.0/js/jquery.min.map, D:\work\server\lxh\app\kernel\Application.php(109)] [] []
[2017-06-30 12:44:49] ERROR:  [GET, /static/v1.0/css/bootstrap.min.css.map, D:\work\server\lxh\app\kernel\Application.php(109)] [] []
[2017-06-30 12:44:50] ERROR:  [GET, /static/v1.0/js/jquery.min.map, D:\work\server\lxh\app\kernel\Application.php(109)] [] []
[2017-06-30 12:44:50] ERROR:  [GET, /static/v1.0/css/bootstrap.min.css.map, D:\work\server\lxh\app\kernel\Application.php(109)] [] []
[2017-06-30 12:46:12] ERROR:  [GET, /static/v1.0/js/jquery.min.map, D:\work\server\lxh\app\kernel\Application.php(109)] [] []
[2017-06-30 12:46:13] ERROR:  [GET, /static/v1.0/css/bootstrap.min.css.map, D:\work\server\lxh\app\kernel\Application.php(109)] [] []
[2017-06-30 12:46:17] ERROR:  [GET, /static/v1.0/js/jquery.min.map, D:\work\server\lxh\app\kernel\Application.php(109)] [] []
[2017-06-30 12:46:18] ERROR:  [GET, /static/v1.0/css/bootstrap.min.css.map, D:\work\server\lxh\app\kernel\Application.php(109)] [] []
[2017-06-30 12:46:28] ERROR:  [GET, /static/v1.0/js/jquery.min.map, D:\work\server\lxh\app\kernel\Application.php(109)] [] []
[2017-06-30 12:46:28] ERROR:  [GET, /static/v1.0/css/bootstrap.min.css.map, D:\work\server\lxh\app\kernel\Application.php(109)] [] []
[2017-06-30 12:46:30] ERROR:  [GET, /static/v1.0/js/jquery.min.map, D:\work\server\lxh\app\kernel\Application.php(109)] [] []
[2017-06-30 12:46:30] ERROR:  [GET, /static/v1.0/css/bootstrap.min.css.map, D:\work\server\lxh\app\kernel\Application.php(109)] [] []
[2017-06-30 12:46:51] ERROR:  [GET, /static/v1.0/js/jquery.min.map, D:\work\server\lxh\app\kernel\Application.php(109)] [] []
[2017-06-30 12:46:51] ERROR:  [GET, /static/v1.0/css/bootstrap.min.css.map, D:\work\server\lxh\app\kernel\Application.php(109)] [] []
